[
  [
    {
      "type": "DATA_PAGE",
      "uncompressed_page_size": 1374,
      "compressed_page_size": 1374,
      "data_page_header": {
        "num_values": 101,
        "encoding": "PLAIN",
        "definition_level_encoding": "BIT_PACKED",
        "repetition_level_encoding": "BIT_PACKED",
        "statistics": {
          "null_count": 0
        }
      }
    },
    {
      "type": "DATA_PAGE",
      "uncompressed_page_size": 700,
      "compressed_page_size": 700,
      "data_page_header": {
        "num_values": 51,
        "encoding": "PLAIN",
        "definition_level_encoding": "BIT_PACKED",
        "repetition_level_encoding": "BIT_PACKED",
        "statistics": {
          "null_count": 0
        }
      }
    },
    {
      "type": "DATA_PAGE",
      "uncompressed_page_size": 355,
      "compressed_page_size": 355,
      "data_page_header": {
        "num_values": 26,
        "encoding": "PLAIN",
        "definition_level_encoding": "BIT_PACKED",
        "repetition_level_encoding": "BIT_PACKED",
        "statistics": {
          "null_count": 0
        }
      }
    },
    {
      "type": "DATA_PAGE",
      "uncompressed_page_size": 190,
      "compressed_page_size": 190,
      "data_page_header": {
        "num_values": 14,
        "encoding": "PLAIN",
        "definition_level_encoding": "BIT_PACKED",
        "repetition_level_encoding": "BIT_PACKED",
        "statistics": {
          "null_count": 0
        }
      }
    },
    {
      "type": "DATA_PAGE",
      "uncompressed_page_size": 103,
      "compressed_page_size": 103,
      "data_page_header": {
        "num_values": 8,
        "encoding": "PLAIN",
        "definition_level_encoding": "BIT_PACKED",
        "repetition_level_encoding": "BIT_PACKED",
        "statistics": {
          "null_count": 0
        }
      }
    },
    {
      "type": "DATA_PAGE",
      "uncompressed_page_size": 70,
      "compressed_page_size": 70,
      "data_page_header": {
        "num_values": 5,
        "encoding": "PLAIN",
        "definition_level_encoding": "BIT_PACKED",
        "repetition_level_encoding": "BIT_PACKED",
        "statistics": {
          "null_count": 0
        }
      }
    },
    {
      "type": "DATA_PAGE",
      "uncompressed_page_size": 76,
      "compressed_page_size": 76,
      "data_page_header": {
        "num_values": 6,
        "encoding": "PLAIN",
        "definition_level_encoding": "BIT_PACKED",
        "repetition_level_encoding": "BIT_PACKED",
        "statistics": {
          "null_count": 0
        }
      }
    },
    {
      "type": "DATA_PAGE",
      "uncompressed_page_size": 74,
      "compressed_page_size": 74,
      "data_page_header": {
        "num_values": 6,
        "encoding": "PLAIN",
        "definition_level_encoding": "BIT_PACKED",
        "repetition_level_encoding": "BIT_PACKED",
        "statistics": {
          "null_count": 0
        }
      }
    },
    {
      "type": "DATA_PAGE",
      "uncompressed_page_size": 83,
      "compressed_page_size": 83,
      "data_page_header": {
        "num_values": 6,
        "encoding": "PLAIN",
        "definition_level_encoding": "BIT_PACKED",
        "repetition_level_encoding": "BIT_PACKED",
        "statistics": {
          "null_count": 0
        }
      }
    },
    {
      "type": "DATA_PAGE",
      "uncompressed_page_size": 81,
      "compressed_page_size": 81,
      "data_page_header": {
        "num_values": 6,
        "encoding": "PLAIN",
        "definition_level_encoding": "BIT_PACKED",
        "repetition_level_encoding": "BIT_PACKED",
        "statistics": {
          "null_count": 0
        }
      }
    },
    {
      "type": "DATA_PAGE",
      "uncompressed_page_size": 79,
      "compressed_page_size": 79,
      "data_page_header": {
        "num_values": 6,
        "encoding": "PLAIN",
        "definition_level_encoding": "BIT_PACKED",
        "repetition_level_encoding": "BIT_PACKED",
        "statistics": {
          "null_count": 0
        }
      }
    },
    {
      "type": "DATA_PAGE",
      "uncompressed_page_size": 81,
      "compressed_page_size": 81,
      "data_page_header": {
        "num_values": 6,
        "encoding": "PLAIN",
        "definition_level_encoding": "BIT_PACKED",
        "repetition_level_encoding": "BIT_PACKED",
        "statistics": {
          "null_count": 0
        }
      }
    },
    {
      "type": "DATA_PAGE",
      "uncompressed_page_size": 83,
      "compressed_page_size": 83,
      "data_page_header": {
        "num_values": 6,
        "encoding": "PLAIN",
        "definition_level_encoding": "BIT_PACKED",
        "repetition_level_encoding": "BIT_PACKED",
        "statistics": {
          "null_count": 0
        }
      }
    },
    {
      "type": "DATA_PAGE",
      "uncompressed_page_size": 73,
      "compressed_page_size": 73,
      "data_page_header": {
        "num_values": 6,
        "encoding": "PLAIN",
        "definition_level_encoding": "BIT_PACKED",
        "repetition_level_encoding": "BIT_PACKED",
        "statistics": {
          "null_count": 0
        }
      }
    },
    {
      "type": "DATA_PAGE",
      "uncompressed_page_size": 93,
      "compressed_page_size": 93,
      "data_page_header": {
        "num_values": 6,
        "encoding": "PLAIN",
        "definition_level_encoding": "BIT_PACKED",
        "repetition_level_encoding": "BIT_PACKED",
        "statistics": {
          "null_count": 0
        }
      }
    },
    {
      "type": "DATA_PAGE",
      "uncompressed_page_size": 72,
      "compressed_page_size": 72,
      "data_page_header": {
        "num_values": 6,
        "encoding": "PLAIN",
        "definition_level_encoding": "BIT_PACKED",
        "repetition_level_encoding": "BIT_PACKED",
        "statistics": {
          "null_count": 0
        }
      }
    },
    {
      "type": "DATA_PAGE",
      "uncompressed_page_size": 83,
      "compressed_page_size": 83,
      "data_page_header": {
        "num_values": 6,
        "encoding": "PLAIN",
        "definition_level_encoding": "BIT_PACKED",
        "repetition_level_encoding": "BIT_PACKED",
        "statistics": {
          "null_count": 0
        }
      }
    },
    {
      "type": "DATA_PAGE",
      "uncompressed_page_size": 74,
      "compressed_page_size": 74,
      "data_page_header": {
        "num_values": 6,
        "encoding": "PLAIN",
        "definition_level_encoding": "BIT_PACKED",
        "repetition_level_encoding": "BIT_PACKED",
        "statistics": {
          "null_count": 0
        }
      }
    },
    {
      "type": "DATA_PAGE",
      "uncompressed_page_size": 77,
      "compressed_page_size": 77,
      "data_page_header": {
        "num_values": 6,
        "encoding": "PLAIN",
        "definition_level_encoding": "BIT_PACKED",
        "repetition_level_encoding": "BIT_PACKED",
        "statistics": {
          "null_count": 0
        }
      }
    },
    {
      "type": "DATA_PAGE",
      "uncompressed_page_size": 84,
      "compressed_page_size": 84,
      "data_page_header": {
        "num_values": 6,
        "encoding": "PLAIN",
        "definition_level_encoding": "BIT_PACKED",
        "repetition_level_encoding": "BIT_PACKED",
        "statistics": {
          "null_count": 0
        }
      }
    },
    {
      "type": "DATA_PAGE",
      "uncompressed_page_size": 82,
      "compressed_page_size": 82,
      "data_page_header": {
        "num_values": 6,
        "encoding": "PLAIN",
        "definition_level_encoding": "BIT_PACKED",
        "repetition_level_encoding": "BIT_PACKED",
        "statistics": {
          "null_count": 0
        }
      }
    },
    {
      "type": "DATA_PAGE",
      "uncompressed_page_size": 72,
      "compressed_page_size": 72,
      "data_page_header": {
        "num_values": 6,
        "encoding": "PLAIN",
        "definition_level_encoding": "BIT_PACKED",
        "repetition_level_encoding": "BIT_PACKED",
        "statistics": {
          "null_count": 0
        }
      }
    },
    {
      "type": "DATA_PAGE",
      "uncompressed_page_size": 88,
      "compressed_page_size": 88,
      "data_page_header": {
        "num_values": 6,
        "encoding": "PLAIN",
        "definition_level_encoding": "BIT_PACKED",
        "repetition_level_encoding": "BIT_PACKED",
        "statistics": {
          "null_count": 0
        }
      }
    },
    {
      "type": "DATA_PAGE",
      "uncompressed_page_size": 76,
      "compressed_page_size": 76,
      "data_page_header": {
        "num_values": 6,
        "encoding": "PLAIN",
        "definition_level_encoding": "BIT_PACKED",
        "repetition_level_encoding": "BIT_PACKED",
        "statistics": {
          "null_count": 0
        }
      }
    },
    {
      "type": "DATA_PAGE",
      "uncompressed_page_size": 75,
      "compressed_page_size": 75,
      "data_page_header": {
        "num_values": 6,
        "encoding": "PLAIN",
        "definition_level_encoding": "BIT_PACKED",
        "repetition_level_encoding": "BIT_PACKED",
        "statistics": {
          "null_count": 0
        }
      }
    },
    {
      "type": "DATA_PAGE",
      "uncompressed_page_size": 93,
      "compressed_page_size": 93,
      "data_page_header": {
        "num_values": 6,
        "encoding": "PLAIN",
        "definition_level_encoding": "BIT_PACKED",
        "repetition_level_encoding": "BIT_PACKED",
        "statistics": {
          "null_count": 0
        }
      }
    },
    {
      "type": "DATA_PAGE",
      "uncompressed_page_size": 81,
      "compressed_page_size": 81,
      "data_page_header": {
        "num_values": 6,
        "encoding": "PLAIN",
        "definition_level_encoding": "BIT_PACKED",
        "repetition_level_encoding": "BIT_PACKED",
        "statistics": {
          "null_count": 0
        }
      }
    },
    {
      "type": "DATA_PAGE",
      "uncompressed_page_size": 83,
      "compressed_page_size": 83,
      "data_page_header": {
        "num_values": 6,
        "encoding": "PLAIN",
        "definition_level_encoding": "BIT_PACKED",
        "repetition_level_encoding": "BIT_PACKED",
        "statistics": {
          "null_count": 0
        }
      }
    },
    {
      "type": "DATA_PAGE",
      "uncompressed_page_size": 75,
      "compressed_page_size": 75,
      "data_page_header": {
        "num_values": 6,
        "encoding": "PLAIN",
        "definition_level_encoding": "BIT_PACKED",
        "repetition_level_encoding": "BIT_PACKED",
        "statistics": {
          "null_count": 0
        }
      }
    },
    {
      "type": "DATA_PAGE",
      "uncompressed_page_size": 75,
      "compressed_page_size": 75,
      "data_page_header": {
        "num_values": 6,
        "encoding": "PLAIN",
        "definition_level_encoding": "BIT_PACKED",
        "repetition_level_encoding": "BIT_PACKED",
        "statistics": {
          "null_count": 0
        }
      }
    },
    {
      "type": "DATA_PAGE",
      "uncompressed_page_size": 77,
      "compressed_page_size": 77,
      "data_page_header": {
        "num_values": 6,
        "encoding": "PLAIN",
        "definition_level_encoding": "BIT_PACKED",
        "repetition_level_encoding": "BIT_PACKED",
        "statistics": {
          "null_count": 0
        }
      }
    },
    {
      "type": "DATA_PAGE",
      "uncompressed_page_size": 90,
      "compressed_page_size": 90,
      "data_page_header": {
        "num_values": 6,
        "encoding": "PLAIN",
        "definition_level_encoding": "BIT_PACKED",
        "repetition_level_encoding": "BIT_PACKED",
        "statistics": {
          "null_count": 0
        }
      }
    },
    {
      "type": "DATA_PAGE",
      "uncompressed_page_size": 79,
      "compressed_page_size": 79,
      "data_page_header": {
        "num_values": 6,
        "encoding": "PLAIN",
        "definition_level_encoding": "BIT_PACKED",
        "repetition_level_encoding": "BIT_PACKED",
        "statistics": {
          "null_count": 0
        }
      }
    },
    {
      "type": "DATA_PAGE",
      "uncompressed_page_size": 82,
      "compressed_page_size": 82,
      "data_page_header": {
        "num_values": 6,
        "encoding": "PLAIN",
        "definition_level_encoding": "BIT_PACKED",
        "repetition_level_encoding": "BIT_PACKED",
        "statistics": {
          "null_count": 0
        }
      }
    },
    {
      "type": "DATA_PAGE",
      "uncompressed_page_size": 83,
      "compressed_page_size": 83,
      "data_page_header": {
        "num_values": 6,
        "encoding": "PLAIN",
        "definition_level_encoding": "BIT_PACKED",
        "repetition_level_encoding": "BIT_PACKED",
        "statistics": {
          "null_count": 0
        }
      }
    },
    {
      "type": "DATA_PAGE",
      "uncompressed_page_size": 90,
      "compressed_page_size": 90,
      "data_page_header": {
        "num_values": 6,
        "encoding": "PLAIN",
        "definition_level_encoding": "BIT_PACKED",
        "repetition_level_encoding": "BIT_PACKED",
        "statistics": {
          "null_count": 0
        }
      }
    },
    {
      "type": "DATA_PAGE",
      "uncompressed_page_size": 84,
      "compressed_page_size": 84,
      "data_page_header": {
        "num_values": 6,
        "encoding": "PLAIN",
        "definition_level_encoding": "BIT_PACKED",
        "repetition_level_encoding": "BIT_PACKED",
        "statistics": {
          "null_count": 0
        }
      }
    },
    {
      "type": "DATA_PAGE",
      "uncompressed_page_size": 84,
      "compressed_page_size": 84,
      "data_page_header": {
        "num_values": 6,
        "encoding": "PLAIN",
        "definition_level_encoding": "BIT_PACKED",
        "repetition_level_encoding": "BIT_PACKED",
        "statistics": {
          "null_count": 0
        }
      }
    },
    {
      "type": "DATA_PAGE",
      "uncompressed_page_size": 80,
      "compressed_page_size": 80,
      "data_page_header": {
        "num_values": 6,
        "encoding": "PLAIN",
        "definition_level_encoding": "BIT_PACKED",
        "repetition_level_encoding": "BIT_PACKED",
        "statistics": {
          "null_count": 0
        }
      }
    },
    {
      "type": "DATA_PAGE",
      "uncompressed_page_size": 78,
      "compressed_page_size": 78,
      "data_page_header": {
        "num_values": 6,
        "encoding": "PLAIN",
        "definition_level_encoding": "BIT_PACKED",
        "repetition_level_encoding": "BIT_PACKED",
        "statistics": {
          "null_count": 0
        }
      }
    },
    {
      "type": "DATA_PAGE",
      "uncompressed_page_size": 87,
      "compressed_page_size": 87,
      "data_page_header": {
        "num_values": 6,
        "encoding": "PLAIN",
        "definition_level_encoding": "BIT_PACKED",
        "repetition_level_encoding": "BIT_PACKED",
        "statistics": {
          "null_count": 0
        }
      }
    },
    {
      "type": "DATA_PAGE",
      "uncompressed_page_size": 75,
      "compressed_page_size": 75,
      "data_page_header": {
        "num_values": 6,
        "encoding": "PLAIN",
        "definition_level_encoding": "BIT_PACKED",
        "repetition_level_encoding": "BIT_PACKED",
        "statistics": {
          "null_count": 0
        }
      }
    },
    {
      "type": "DATA_PAGE",
      "uncompressed_page_size": 83,
      "compressed_page_size": 83,
      "data_page_header": {
        "num_values": 6,
        "encoding": "PLAIN",
        "definition_level_encoding": "BIT_PACKED",
        "repetition_level_encoding": "BIT_PACKED",
        "statistics": {
          "null_count": 0
        }
      }
    },
    {
      "type": "DATA_PAGE",
      "uncompressed_page_size": 85,
      "compressed_page_size": 85,
      "data_page_header": {
        "num_values": 6,
        "encoding": "PLAIN",
        "definition_level_encoding": "BIT_PACKED",
        "repetition_level_encoding": "BIT_PACKED",
        "statistics": {
          "null_count": 0
        }
      }
    },
    {
      "type": "DATA_PAGE",
      "uncompressed_page_size": 87,
      "compressed_page_size": 87,
      "data_page_header": {
        "num_values": 6,
        "encoding": "PLAIN",
        "definition_level_encoding": "BIT_PACKED",
        "repetition_level_encoding": "BIT_PACKED",
        "statistics": {
          "null_count": 0
        }
      }
    },
    {
      "type": "DATA_PAGE",
      "uncompressed_page_size": 77,
      "compressed_page_size": 77,
      "data_page_header": {
        "num_values": 6,
        "encoding": "PLAIN",
        "definition_level_encoding": "BIT_PACKED",
        "repetition_level_encoding": "BIT_PACKED",
        "statistics": {
          "null_count": 0
        }
      }
    },
    {
      "type": "DATA_PAGE",
      "uncompressed_page_size": 89,
      "compressed_page_size": 89,
      "data_page_header": {
        "num_values": 6,
        "encoding": "PLAIN",
        "definition_level_encoding": "BIT_PACKED",
        "repetition_level_encoding": "BIT_PACKED",
        "statistics": {
          "null_count": 0
        }
      }
    },
    {
      "type": "DATA_PAGE",
      "uncompressed_page_size": 82,
      "compressed_page_size": 82,
      "data_page_header": {
        "num_values": 6,
        "encoding": "PLAIN",
        "definition_level_encoding": "BIT_PACKED",
        "repetition_level_encoding": "BIT_PACKED",
        "statistics": {
          "null_count": 0
        }
      }
    },
    {
      "type": "DATA_PAGE",
      "uncompressed_page_size": 81,
      "compressed_page_size": 81,
      "data_page_header": {
        "num_values": 6,
        "encoding": "PLAIN",
        "definition_level_encoding": "BIT_PACKED",
        "repetition_level_encoding": "BIT_PACKED",
        "statistics": {
          "null_count": 0
        }
      }
    },
    {
      "type": "DATA_PAGE",
      "uncompressed_page_size": 84,
      "compressed_page_size": 84,
      "data_page_header": {
        "num_values": 6,
        "encoding": "PLAIN",
        "definition_level_encoding": "BIT_PACKED",
        "repetition_level_encoding": "BIT_PACKED",
        "statistics": {
          "null_count": 0
        }
      }
    },
    {
      "type": "DATA_PAGE",
      "uncompressed_page_size": 85,
      "compressed_page_size": 85,
      "data_page_header": {
        "num_values": 6,
        "encoding": "PLAIN",
        "definition_level_encoding": "BIT_PACKED",
        "repetition_level_encoding": "BIT_PACKED",
        "statistics": {
          "null_count": 0
        }
      }
    },
    {
      "type": "DATA_PAGE",
      "uncompressed_page_size": 73,
      "compressed_page_size": 73,
      "data_page_header": {
        "num_values": 6,
        "encoding": "PLAIN",
        "definition_level_encoding": "BIT_PACKED",
        "repetition_level_encoding": "BIT_PACKED",
        "statistics": {
          "null_count": 0
        }
      }
    },
    {
      "type": "DATA_PAGE",
      "uncompressed_page_size": 81,
      "compressed_page_size": 81,
      "data_page_header": {
        "num_values": 6,
        "encoding": "PLAIN",
        "definition_level_encoding": "BIT_PACKED",
        "repetition_level_encoding": "BIT_PACKED",
        "statistics": {
          "null_count": 0
        }
      }
    },
    {
      "type": "DATA_PAGE",
      "uncompressed_page_size": 81,
      "compressed_page_size": 81,
      "data_page_header": {
        "num_values": 6,
        "encoding": "PLAIN",
        "definition_level_encoding": "BIT_PACKED",
        "repetition_level_encoding": "BIT_PACKED",
        "statistics": {
          "null_count": 0
        }
      }
    },
    {
      "type": "DATA_PAGE",
      "uncompressed_page_size": 77,
      "compressed_page_size": 77,
      "data_page_header": {
        "num_values": 6,
        "encoding": "PLAIN",
        "definition_level_encoding": "BIT_PACKED",
        "repetition_level_encoding": "BIT_PACKED",
        "statistics": {
          "null_count": 0
        }
      }
    },
    {
      "type": "DATA_PAGE",
      "uncompressed_page_size": 85,
      "compressed_page_size": 85,
      "data_page_header": {
        "num_values": 6,
        "encoding": "PLAIN",
        "definition_level_encoding": "BIT_PACKED",
        "repetition_level_encoding": "BIT_PACKED",
        "statistics": {
          "null_count": 0
        }
      }
    },
    {
      "type": "DATA_PAGE",
      "uncompressed_page_size": 84,
      "compressed_page_size": 84,
      "data_page_header": {
        "num_values": 6,
        "encoding": "PLAIN",
        "definition_level_encoding": "BIT_PACKED",
        "repetition_level_encoding": "BIT_PACKED",
        "statistics": {
          "null_count": 0
        }
      }
    },
    {
      "type": "DATA_PAGE",
      "uncompressed_page_size": 74,
      "compressed_page_size": 74,
      "data_page_header": {
        "num_values": 6,
        "encoding": "PLAIN",
        "definition_level_encoding": "BIT_PACKED",
        "repetition_level_encoding": "BIT_PACKED",
        "statistics": {
          "null_count": 0
        }
      }
    },
    {
      "type": "DATA_PAGE",
      "uncompressed_page_size": 83,
      "compressed_page_size": 83,
      "data_page_header": {
        "num_values": 6,
        "encoding": "PLAIN",
        "definition_level_encoding": "BIT_PACKED",
        "repetition_level_encoding": "BIT_PACKED",
        "statistics": {
          "null_count": 0
        }
      }
    },
    {
      "type": "DATA_PAGE",
      "uncompressed_page_size": 76,
      "compressed_page_size": 76,
      "data_page_header": {
        "num_values": 6,
        "encoding": "PLAIN",
        "definition_level_encoding": "BIT_PACKED",
        "repetition_level_encoding": "BIT_PACKED",
        "statistics": {
          "null_count": 0
        }
      }
    },
    {
      "type": "DATA_PAGE",
      "uncompressed_page_size": 77,
      "compressed_page_size": 77,
      "data_page_header": {
        "num_values": 6,
        "encoding": "PLAIN",
        "definition_level_encoding": "BIT_PACKED",
        "repetition_level_encoding": "BIT_PACKED",
        "statistics": {
          "null_count": 0
        }
      }
    },
    {
      "type": "DATA_PAGE",
      "uncompressed_page_size": 88,
      "compressed_page_size": 88,
      "data_page_header": {
        "num_values": 6,
        "encoding": "PLAIN",
        "definition_level_encoding": "BIT_PACKED",
        "repetition_level_encoding": "BIT_PACKED",
        "statistics": {
          "null_count": 0
        }
      }
    },
    {
      "type": "DATA_PAGE",
      "uncompressed_page_size": 90,
      "compressed_page_size": 90,
      "data_page_header": {
        "num_values": 6,
        "encoding": "PLAIN",
        "definition_level_encoding": "BIT_PACKED",
        "repetition_level_encoding": "BIT_PACKED",
        "statistics": {
          "null_count": 0
        }
      }
    },
    {
      "type": "DATA_PAGE",
      "uncompressed_page_size": 72,
      "compressed_page_size": 72,
      "data_page_header": {
        "num_values": 6,
        "encoding": "PLAIN",
        "definition_level_encoding": "BIT_PACKED",
        "repetition_level_encoding": "BIT_PACKED",
        "statistics": {
          "null_count": 0
        }
      }
    },
    {
      "type": "DATA_PAGE",
      "uncompressed_page_size": 83,
      "compressed_page_size": 83,
      "data_page_header": {
        "num_values": 6,
        "encoding": "PLAIN",
        "definition_level_encoding": "BIT_PACKED",
        "repetition_level_encoding": "BIT_PACKED",
        "statistics": {
          "null_count": 0
        }
      }
    },
    {
      "type": "DATA_PAGE",
      "uncompressed_page_size": 74,
      "compressed_page_size": 74,
      "data_page_header": {
        "num_values": 6,
        "encoding": "PLAIN",
        "definition_level_encoding": "BIT_PACKED",
        "repetition_level_encoding": "BIT_PACKED",
        "statistics": {
          "null_count": 0
        }
      }
    },
    {
      "type": "DATA_PAGE",
      "uncompressed_page_size": 77,
      "compressed_page_size": 77,
      "data_page_header": {
        "num_values": 6,
        "encoding": "PLAIN",
        "definition_level_encoding": "BIT_PACKED",
        "repetition_level_encoding": "BIT_PACKED",
        "statistics": {
          "null_count": 0
        }
      }
    },
    {
      "type": "DATA_PAGE",
      "uncompressed_page_size": 83,
      "compressed_page_size": 83,
      "data_page_header": {
        "num_values": 6,
        "encoding": "PLAIN",
        "definition_level_encoding": "BIT_PACKED",
        "repetition_level_encoding": "BIT_PACKED",
        "statistics": {
          "null_count": 0
        }
      }
    },
    {
      "type": "DATA_PAGE",
      "uncompressed_page_size": 81,
      "compressed_page_size": 81,
      "data_page_header": {
        "num_values": 6,
        "encoding": "PLAIN",
        "definition_level_encoding": "BIT_PACKED",
        "repetition_level_encoding": "BIT_PACKED",
        "statistics": {
          "null_count": 0
        }
      }
    },
    {
      "type": "DATA_PAGE",
      "uncompressed_page_size": 72,
      "compressed_page_size": 72,
      "data_page_header": {
        "num_values": 6,
        "encoding": "PLAIN",
        "definition_level_encoding": "BIT_PACKED",
        "repetition_level_encoding": "BIT_PACKED",
        "statistics": {
          "null_count": 0
        }
      }
    },
    {
      "type": "DATA_PAGE",
      "uncompressed_page_size": 87,
      "compressed_page_size": 87,
      "data_page_header": {
        "num_values": 6,
        "encoding": "PLAIN",
        "definition_level_encoding": "BIT_PACKED",
        "repetition_level_encoding": "BIT_PACKED",
        "statistics": {
          "null_count": 0
        }
      }
    },
    {
      "type": "DATA_PAGE",
      "uncompressed_page_size": 76,
      "compressed_page_size": 76,
      "data_page_header": {
        "num_values": 6,
        "encoding": "PLAIN",
        "definition_level_encoding": "BIT_PACKED",
        "repetition_level_encoding": "BIT_PACKED",
        "statistics": {
          "null_count": 0
        }
      }
    },
    {
      "type": "DATA_PAGE",
      "uncompressed_page_size": 75,
      "compressed_page_size": 75,
      "data_page_header": {
        "num_values": 6,
        "encoding": "PLAIN",
        "definition_level_encoding": "BIT_PACKED",
        "repetition_level_encoding": "BIT_PACKED",
        "statistics": {
          "null_count": 0
        }
      }
    },
    {
      "type": "DATA_PAGE",
      "uncompressed_page_size": 93,
      "compressed_page_size": 93,
      "data_page_header": {
        "num_values": 6,
        "encoding": "PLAIN",
        "definition_level_encoding": "BIT_PACKED",
        "repetition_level_encoding": "BIT_PACKED",
        "statistics": {
          "null_count": 0
        }
      }
    },
    {
      "type": "DATA_PAGE",
      "uncompressed_page_size": 81,
      "compressed_page_size": 81,
      "data_page_header": {
        "num_values": 6,
        "encoding": "PLAIN",
        "definition_level_encoding": "BIT_PACKED",
        "repetition_level_encoding": "BIT_PACKED",
        "statistics": {
          "null_count": 0
        }
      }
    },
    {
      "type": "DATA_PAGE",
      "uncompressed_page_size": 82,
      "compressed_page_size": 82,
      "data_page_header": {
        "num_values": 6,
        "encoding": "PLAIN",
        "definition_level_encoding": "BIT_PACKED",
        "repetition_level_encoding": "BIT_PACKED",
        "statistics": {
          "null_count": 0
        }
      }
    },
    {
      "type": "DATA_PAGE",
      "uncompressed_page_size": 75,
      "compressed_page_size": 75,
      "data_page_header": {
        "num_values": 6,
        "encoding": "PLAIN",
        "definition_level_encoding": "BIT_PACKED",
        "repetition_level_encoding": "BIT_PACKED",
        "statistics": {
          "null_count": 0
        }
      }
    },
    {
      "type": "DATA_PAGE",
      "uncompressed_page_size": 84,
      "compressed_page_size": 84,
      "data_page_header": {
        "num_values": 6,
        "encoding": "PLAIN",
        "definition_level_encoding": "BIT_PACKED",
        "repetition_level_encoding": "BIT_PACKED",
        "statistics": {
          "null_count": 0
        }
      }
    },
    {
      "type": "DATA_PAGE",
      "uncompressed_page_size": 75,
      "compressed_page_size": 75,
      "data_page_header": {
        "num_values": 6,
        "encoding": "PLAIN",
        "definition_level_encoding": "BIT_PACKED",
        "repetition_level_encoding": "BIT_PACKED",
        "statistics": {
          "null_count": 0
        }
      }
    },
    {
      "type": "DATA_PAGE",
      "uncompressed_page_size": 84,
      "compressed_page_size": 84,
      "data_page_header": {
        "num_values": 6,
        "encoding": "PLAIN",
        "definition_level_encoding": "BIT_PACKED",
        "repetition_level_encoding": "BIT_PACKED",
        "statistics": {
          "null_count": 0
        }
      }
    },
    {
      "type": "DATA_PAGE",
      "uncompressed_page_size": 75,
      "compressed_page_size": 75,
      "data_page_header": {
        "num_values": 6,
        "encoding": "PLAIN",
        "definition_level_encoding": "BIT_PACKED",
        "repetition_level_encoding": "BIT_PACKED",
        "statistics": {
          "null_count": 0
        }
      }
    },
    {
      "type": "DATA_PAGE",
      "uncompressed_page_size": 76,
      "compressed_page_size": 76,
      "data_page_header": {
        "num_values": 6,
        "encoding": "PLAIN",
        "definition_level_encoding": "BIT_PACKED",
        "repetition_level_encoding": "BIT_PACKED",
        "statistics": {
          "null_count": 0
        }
      }
    },
    {
      "type": "DATA_PAGE",
      "uncompressed_page_size": 79,
      "compressed_page_size": 79,
      "data_page_header": {
        "num_values": 6,
        "encoding": "PLAIN",
        "definition_level_encoding": "BIT_PACKED",
        "repetition_level_encoding": "BIT_PACKED",
        "statistics": {
          "null_count": 0
        }
      }
    },
    {
      "type": "DATA_PAGE",
      "uncompressed_page_size": 86,
      "compressed_page_size": 86,
      "data_page_header": {
        "num_values": 6,
        "encoding": "PLAIN",
        "definition_level_encoding": "BIT_PACKED",
        "repetition_level_encoding": "BIT_PACKED",
        "statistics": {
          "null_count": 0
        }
      }
    },
    {
      "type": "DATA_PAGE",
      "uncompressed_page_size": 83,
      "compressed_page_size": 83,
      "data_page_header": {
        "num_values": 6,
        "encoding": "PLAIN",
        "definition_level_encoding": "BIT_PACKED",
        "repetition_level_encoding": "BIT_PACKED",
        "statistics": {
          "null_count": 0
        }
      }
    },
    {
      "type": "DATA_PAGE",
      "uncompressed_page_size": 84,
      "compressed_page_size": 84,
      "data_page_header": {
        "num_values": 6,
        "encoding": "PLAIN",
        "definition_level_encoding": "BIT_PACKED",
        "repetition_level_encoding": "BIT_PACKED",
        "statistics": {
          "null_count": 0
        }
      }
    },
    {
      "type": "DATA_PAGE",
      "uncompressed_page_size": 80,
      "compressed_page_size": 80,
      "data_page_header": {
        "num_values": 6,
        "encoding": "PLAIN",
        "definition_level_encoding": "BIT_PACKED",
        "repetition_level_encoding": "BIT_PACKED",
        "statistics": {
          "null_count": 0
        }
      }
    },
    {
      "type": "DATA_PAGE",
      "uncompressed_page_size": 78,
      "compressed_page_size": 78,
      "data_page_header": {
        "num_values": 6,
        "encoding": "PLAIN",
        "definition_level_encoding": "BIT_PACKED",
        "repetition_level_encoding": "BIT_PACKED",
        "statistics": {
          "null_count": 0
        }
      }
    },
    {
      "type": "DATA_PAGE",
      "uncompressed_page_size": 87,
      "compressed_page_size": 87,
      "data_page_header": {
        "num_values": 6,
        "encoding": "PLAIN",
        "definition_level_encoding": "BIT_PACKED",
        "repetition_level_encoding": "BIT_PACKED",
        "statistics": {
          "null_count": 0
        }
      }
    },
    {
      "type": "DATA_PAGE",
      "uncompressed_page_size": 75,
      "compressed_page_size": 75,
      "data_page_header": {
        "num_values": 6,
        "encoding": "PLAIN",
        "definition_level_encoding": "BIT_PACKED",
        "repetition_level_encoding": "BIT_PACKED",
        "statistics": {
          "null_count": 0
        }
      }
    },
    {
      "type": "DATA_PAGE",
      "uncompressed_page_size": 83,
      "compressed_page_size": 83,
      "data_page_header": {
        "num_values": 6,
        "encoding": "PLAIN",
        "definition_level_encoding": "BIT_PACKED",
        "repetition_level_encoding": "BIT_PACKED",
        "statistics": {
          "null_count": 0
        }
      }
    },
    {
      "type": "DATA_PAGE",
      "uncompressed_page_size": 84,
      "compressed_page_size": 84,
      "data_page_header": {
        "num_values": 6,
        "encoding": "PLAIN",
        "definition_level_encoding": "BIT_PACKED",
        "repetition_level_encoding": "BIT_PACKED",
        "statistics": {
          "null_count": 0
        }
      }
    },
    {
      "type": "DATA_PAGE",
      "uncompressed_page_size": 87,
      "compressed_page_size": 87,
      "data_page_header": {
        "num_values": 6,
        "encoding": "PLAIN",
        "definition_level_encoding": "BIT_PACKED",
        "repetition_level_encoding": "BIT_PACKED",
        "statistics": {
          "null_count": 0
        }
      }
    },
    {
      "type": "DATA_PAGE",
      "uncompressed_page_size": 76,
      "compressed_page_size": 76,
      "data_page_header": {
        "num_values": 6,
        "encoding": "PLAIN",
        "definition_level_encoding": "BIT_PACKED",
        "repetition_level_encoding": "BIT_PACKED",
        "statistics": {
          "null_count": 0
        }
      }
    },
    {
      "type": "DATA_PAGE",
      "uncompressed_page_size": 88,
      "compressed_page_size": 88,
      "data_page_header": {
        "num_values": 6,
        "encoding": "PLAIN",
        "definition_level_encoding": "BIT_PACKED",
        "repetition_level_encoding": "BIT_PACKED",
        "statistics": {
          "null_count": 0
        }
      }
    },
    {
      "type": "DATA_PAGE",
      "uncompressed_page_size": 82,
      "compressed_page_size": 82,
      "data_page_header": {
        "num_values": 6,
        "encoding": "PLAIN",
        "definition_level_encoding": "BIT_PACKED",
        "repetition_level_encoding": "BIT_PACKED",
        "statistics": {
          "null_count": 0
        }
      }
    },
    {
      "type": "DATA_PAGE",
      "uncompressed_page_size": 81,
      "compressed_page_size": 81,
      "data_page_header": {
        "num_values": 6,
        "encoding": "PLAIN",
        "definition_level_encoding": "BIT_PACKED",
        "repetition_level_encoding": "BIT_PACKED",
        "statistics": {
          "null_count": 0
        }
      }
    },
    {
      "type": "DATA_PAGE",
      "uncompressed_page_size": 84,
      "compressed_page_size": 84,
      "data_page_header": {
        "num_values": 6,
        "encoding": "PLAIN",
        "definition_level_encoding": "BIT_PACKED",
        "repetition_level_encoding": "BIT_PACKED",
        "statistics": {
          "null_count": 0
        }
      }
    },
    {
      "type": "DATA_PAGE",
      "uncompressed_page_size": 85,
      "compressed_page_size": 85,
      "data_page_header": {
        "num_values": 6,
        "encoding": "PLAIN",
        "definition_level_encoding": "BIT_PACKED",
        "repetition_level_encoding": "BIT_PACKED",
        "statistics": {
          "null_count": 0
        }
      }
    },
    {
      "type": "DATA_PAGE",
      "uncompressed_page_size": 72,
      "compressed_page_size": 72,
      "data_page_header": {
        "num_values": 6,
        "encoding": "PLAIN",
        "definition_level_encoding": "BIT_PACKED",
        "repetition_level_encoding": "BIT_PACKED",
        "statistics": {
          "null_count": 0
        }
      }
    },
    {
      "type": "DATA_PAGE",
      "uncompressed_page_size": 86,
      "compressed_page_size": 86,
      "data_page_header": {
        "num_values": 6,
        "encoding": "PLAIN",
        "definition_level_encoding": "BIT_PACKED",
        "repetition_level_encoding": "BIT_PACKED",
        "statistics": {
          "null_count": 0
        }
      }
    },
    {
      "type": "DATA_PAGE",
      "uncompressed_page_size": 86,
      "compressed_page_size": 86,
      "data_page_header": {
        "num_values": 6,
        "encoding": "PLAIN",
        "definition_level_encoding": "BIT_PACKED",
        "repetition_level_encoding": "BIT_PACKED",
        "statistics": {
          "null_count": 0
        }
      }
    },
    {
      "type": "DATA_PAGE",
      "uncompressed_page_size": 72,
      "compressed_page_size": 72,
      "data_page_header": {
        "num_values": 6,
        "encoding": "PLAIN",
        "definition_level_encoding": "BIT_PACKED",
        "repetition_level_encoding": "BIT_PACKED",
        "statistics": {
          "null_count": 0
        }
      }
    },
    {
      "type": "DATA_PAGE",
      "uncompressed_page_size": 90,
      "compressed_page_size": 90,
      "data_page_header": {
        "num_values": 6,
        "encoding": "PLAIN",
        "definition_level_encoding": "BIT_PACKED",
        "repetition_level_encoding": "BIT_PACKED",
        "statistics": {
          "null_count": 0
        }
      }
    },
    {
      "type": "DATA_PAGE",
      "uncompressed_page_size": 79,
      "compressed_page_size": 79,
      "data_page_header": {
        "num_values": 6,
        "encoding": "PLAIN",
        "definition_level_encoding": "BIT_PACKED",
        "repetition_level_encoding": "BIT_PACKED",
        "statistics": {
          "null_count": 0
        }
      }
    },
    {
      "type": "DATA_PAGE",
      "uncompressed_page_size": 77,
      "compressed_page_size": 77,
      "data_page_header": {
        "num_values": 6,
        "encoding": "PLAIN",
        "definition_level_encoding": "BIT_PACKED",
        "repetition_level_encoding": "BIT_PACKED",
        "statistics": {
          "null_count": 0
        }
      }
    },
    {
      "type": "DATA_PAGE",
      "uncompressed_page_size": 85,
      "compressed_page_size": 85,
      "data_page_header": {
        "num_values": 6,
        "encoding": "PLAIN",
        "definition_level_encoding": "BIT_PACKED",
        "repetition_level_encoding": "BIT_PACKED",
        "statistics": {
          "null_count": 0
        }
      }
    },
    {
      "type": "DATA_PAGE",
      "uncompressed_page_size": 87,
      "compressed_page_size": 87,
      "data_page_header": {
        "num_values": 6,
        "encoding": "PLAIN",
        "definition_level_encoding": "BIT_PACKED",
        "repetition_level_encoding": "BIT_PACKED",
        "statistics": {
          "null_count": 0
        }
      }
    },
    {
      "type": "DATA_PAGE",
      "uncompressed_page_size": 79,
      "compressed_page_size": 79,
      "data_page_header": {
        "num_values": 6,
        "encoding": "PLAIN",
        "definition_level_encoding": "BIT_PACKED",
        "repetition_level_encoding": "BIT_PACKED",
        "statistics": {
          "null_count": 0
        }
      }
    },
    {
      "type": "DATA_PAGE",
      "uncompressed_page_size": 89,
      "compressed_page_size": 89,
      "data_page_header": {
        "num_values": 6,
        "encoding": "PLAIN",
        "definition_level_encoding": "BIT_PACKED",
        "repetition_level_encoding": "BIT_PACKED",
        "statistics": {
          "null_count": 0
        }
      }
    },
    {
      "type": "DATA_PAGE",
      "uncompressed_page_size": 71,
      "compressed_page_size": 71,
      "data_page_header": {
        "num_values": 6,
        "encoding": "PLAIN",
        "definition_level_encoding": "BIT_PACKED",
        "repetition_level_encoding": "BIT_PACKED",
        "statistics": {
          "null_count": 0
        }
      }
    },
    {
      "type": "DATA_PAGE",
      "uncompressed_page_size": 74,
      "compressed_page_size": 74,
      "data_page_header": {
        "num_values": 6,
        "encoding": "PLAIN",
        "definition_level_encoding": "BIT_PACKED",
        "repetition_level_encoding": "BIT_PACKED",
        "statistics": {
          "null_count": 0
        }
      }
    },
    {
      "type": "DATA_PAGE",
      "uncompressed_page_size": 83,
      "compressed_page_size": 83,
      "data_page_header": {
        "num_values": 6,
        "encoding": "PLAIN",
        "definition_level_encoding": "BIT_PACKED",
        "repetition_level_encoding": "BIT_PACKED",
        "statistics": {
          "null_count": 0
        }
      }
    },
    {
      "type": "DATA_PAGE",
      "uncompressed_page_size": 86,
      "compressed_page_size": 86,
      "data_page_header": {
        "num_values": 6,
        "encoding": "PLAIN",
        "definition_level_encoding": "BIT_PACKED",
        "repetition_level_encoding": "BIT_PACKED",
        "statistics": {
          "null_count": 0
        }
      }
    },
    {
      "type": "DATA_PAGE",
      "uncompressed_page_size": 77,
      "compressed_page_size": 77,
      "data_page_header": {
        "num_values": 6,
        "encoding": "PLAIN",
        "definition_level_encoding": "BIT_PACKED",
        "repetition_level_encoding": "BIT_PACKED",
        "statistics": {
          "null_count": 0
        }
      }
    },
    {
      "type": "DATA_PAGE",
      "uncompressed_page_size": 85,
      "compressed_page_size": 85,
      "data_page_header": {
        "num_values": 6,
        "encoding": "PLAIN",
        "definition_level_encoding": "BIT_PACKED",
        "repetition_level_encoding": "BIT_PACKED",
        "statistics": {
          "null_count": 0
        }
      }
    },
    {
      "type": "DATA_PAGE",
      "uncompressed_page_size": 83,
      "compressed_page_size": 83,
      "data_page_header": {
        "num_values": 6,
        "encoding": "PLAIN",
        "definition_level_encoding": "BIT_PACKED",
        "repetition_level_encoding": "BIT_PACKED",
        "statistics": {
          "null_count": 0
        }
      }
    },
    {
      "type": "DATA_PAGE",
      "uncompressed_page_size": 73,
      "compressed_page_size": 73,
      "data_page_header": {
        "num_values": 6,
        "encoding": "PLAIN",
        "definition_level_encoding": "BIT_PACKED",
        "repetition_level_encoding": "BIT_PACKED",
        "statistics": {
          "null_count": 0
        }
      }
    },
    {
      "type": "DATA_PAGE",
      "uncompressed_page_size": 79,
      "compressed_page_size": 79,
      "data_page_header": {
        "num_values": 6,
        "encoding": "PLAIN",
        "definition_level_encoding": "BIT_PACKED",
        "repetition_level_encoding": "BIT_PACKED",
        "statistics": {
          "null_count": 0
        }
      }
    },
    {
      "type": "DATA_PAGE",
      "uncompressed_page_size": 87,
      "compressed_page_size": 87,
      "data_page_header": {
        "num_values": 6,
        "encoding": "PLAIN",
        "definition_level_encoding": "BIT_PACKED",
        "repetition_level_encoding": "BIT_PACKED",
        "statistics": {
          "null_count": 0
        }
      }
    },
    {
      "type": "DATA_PAGE",
      "uncompressed_page_size": 76,
      "compressed_page_size": 76,
      "data_page_header": {
        "num_values": 6,
        "encoding": "PLAIN",
        "definition_level_encoding": "BIT_PACKED",
        "repetition_level_encoding": "BIT_PACKED",
        "statistics": {
          "null_count": 0
        }
      }
    },
    {
      "type": "DATA_PAGE",
      "uncompressed_page_size": 79,
      "compressed_page_size": 79,
      "data_page_header": {
        "num_values": 6,
        "encoding": "PLAIN",
        "definition_level_encoding": "BIT_PACKED",
        "repetition_level_encoding": "BIT_PACKED",
        "statistics": {
          "null_count": 0
        }
      }
    },
    {
      "type": "DATA_PAGE",
      "uncompressed_page_size": 77,
      "compressed_page_size": 77,
      "data_page_header": {
        "num_values": 6,
        "encoding": "PLAIN",
        "definition_level_encoding": "BIT_PACKED",
        "repetition_level_encoding": "BIT_PACKED",
        "statistics": {
          "null_count": 0
        }
      }
    },
    {
      "type": "DATA_PAGE",
      "uncompressed_page_size": 79,
      "compressed_page_size": 79,
      "data_page_header": {
        "num_values": 6,
        "encoding": "PLAIN",
        "definition_level_encoding": "BIT_PACKED",
        "repetition_level_encoding": "BIT_PACKED",
        "statistics": {
          "null_count": 0
        }
      }
    },
    {
      "type": "DATA_PAGE",
      "uncompressed_page_size": 81,
      "compressed_page_size": 81,
      "data_page_header": {
        "num_values": 6,
        "encoding": "PLAIN",
        "definition_level_encoding": "BIT_PACKED",
        "repetition_level_encoding": "BIT_PACKED",
        "statistics": {
          "null_count": 0
        }
      }
    },
    {
      "type": "DATA_PAGE",
      "uncompressed_page_size": 81,
      "compressed_page_size": 81,
      "data_page_header": {
        "num_values": 6,
        "encoding": "PLAIN",
        "definition_level_encoding": "BIT_PACKED",
        "repetition_level_encoding": "BIT_PACKED",
        "statistics": {
          "null_count": 0
        }
      }
    },
    {
      "type": "DATA_PAGE",
      "uncompressed_page_size": 83,
      "compressed_page_size": 83,
      "data_page_header": {
        "num_values": 6,
        "encoding": "PLAIN",
        "definition_level_encoding": "BIT_PACKED",
        "repetition_level_encoding": "BIT_PACKED",
        "statistics": {
          "null_count": 0
        }
      }
    },
    {
      "type": "DATA_PAGE",
      "uncompressed_page_size": 76,
      "compressed_page_size": 76,
      "data_page_header": {
        "num_values": 6,
        "encoding": "PLAIN",
        "definition_level_encoding": "BIT_PACKED",
        "repetition_level_encoding": "BIT_PACKED",
        "statistics": {
          "null_count": 0
        }
      }
    },
    {
      "type": "DATA_PAGE",
      "uncompressed_page_size": 75,
      "compressed_page_size": 75,
      "data_page_header": {
        "num_values": 6,
        "encoding": "PLAIN",
        "definition_level_encoding": "BIT_PACKED",
        "repetition_level_encoding": "BIT_PACKED",
        "statistics": {
          "null_count": 0
        }
      }
    },
    {
      "type": "DATA_PAGE",
      "uncompressed_page_size": 66,
      "compressed_page_size": 66,
      "data_page_header": {
        "num_values": 4,
        "encoding": "PLAIN",
        "definition_level_encoding": "BIT_PACKED",
        "repetition_level_encoding": "BIT_PACKED",
        "statistics": {
          "null_count": 0
        }
      }
    },
    {
      "type": "DATA_PAGE",
      "uncompressed_page_size": 72,
      "compressed_page_size": 72,
      "data_page_header": {
        "num_values": 6,
        "encoding": "PLAIN",
        "definition_level_encoding": "BIT_PACKED",
        "repetition_level_encoding": "BIT_PACKED",
        "statistics": {
          "null_count": 0
        }
      }
    },
    {
      "type": "DATA_PAGE",
      "uncompressed_page_size": 83,
      "compressed_page_size": 83,
      "data_page_header": {
        "num_values": 6,
        "encoding": "PLAIN",
        "definition_level_encoding": "BIT_PACKED",
        "repetition_level_encoding": "BIT_PACKED",
        "statistics": {
          "null_count": 0
        }
      }
    },
    {
      "type": "DATA_PAGE",
      "uncompressed_page_size": 71,
      "compressed_page_size": 71,
      "data_page_header": {
        "num_values": 6,
        "encoding": "PLAIN",
        "definition_level_encoding": "BIT_PACKED",
        "repetition_level_encoding": "BIT_PACKED",
        "statistics": {
          "null_count": 0
        }
      }
    },
    {
      "type": "DATA_PAGE",
      "uncompressed_page_size": 78,
      "compressed_page_size": 78,
      "data_page_header": {
        "num_values": 6,
        "encoding": "PLAIN",
        "definition_level_encoding": "BIT_PACKED",
        "repetition_level_encoding": "BIT_PACKED",
        "statistics": {
          "null_count": 0
        }
      }
    },
    {
      "type": "DATA_PAGE",
      "uncompressed_page_size": 80,
      "compressed_page_size": 80,
      "data_page_header": {
        "num_values": 6,
        "encoding": "PLAIN",
        "definition_level_encoding": "BIT_PACKED",
        "repetition_level_encoding": "BIT_PACKED",
        "statistics": {
          "null_count": 0
        }
      }
    },
    {
      "type": "DATA_PAGE",
      "uncompressed_page_size": 82,
      "compressed_page_size": 82,
      "data_page_header": {
        "num_values": 6,
        "encoding": "PLAIN",
        "definition_level_encoding": "BIT_PACKED",
        "repetition_level_encoding": "BIT_PACKED",
        "statistics": {
          "null_count": 0
        }
      }
    },
    {
      "type": "DATA_PAGE",
      "uncompressed_page_size": 72,
      "compressed_page_size": 72,
      "data_page_header": {
        "num_values": 6,
        "encoding": "PLAIN",
        "definition_level_encoding": "BIT_PACKED",
        "repetition_level_encoding": "BIT_PACKED",
        "statistics": {
          "null_count": 0
        }
      }
    },
    {
      "type": "DATA_PAGE",
      "uncompressed_page_size": 84,
      "compressed_page_size": 84,
      "data_page_header": {
        "num_values": 6,
        "encoding": "PLAIN",
        "definition_level_encoding": "BIT_PACKED",
        "repetition_level_encoding": "BIT_PACKED",
        "statistics": {
          "null_count": 0
        }
      }
    },
    {
      "type": "DATA_PAGE",
      "uncompressed_page_size": 70,
      "compressed_page_size": 70,
      "data_page_header": {
        "num_values": 5,
        "encoding": "PLAIN",
        "definition_level_encoding": "BIT_PACKED",
        "repetition_level_encoding": "BIT_PACKED",
        "statistics": {
          "null_count": 0
        }
      }
    }
  ]
]
