{
  "version": 1,
  "schema": [
    {
      "name": "AllTypes",
      "num_children": 8
    },
    {
      "type": "BYTE_ARRAY",
      "repetition_type": "REQUIRED",
      "name": "RequiredBinary"
    },
    {
      "type": "BOOLEAN",
      "repetition_type": "REQUIRED",
      "name": "RequiredBoolean"
    },
    {
      "type": "DOUBLE",
      "repetition_type": "REQUIRED",
      "name": "RequiredDouble"
    },
    {
      "type": "FIXED_LEN_BYTE_ARRAY",
      "type_length": 10,
      "repetition_type": "REQUIRED",
      "name": "RequiredFixed10"
    },
    {
      "type": "FLOAT",
      "repetition_type": "REQUIRED",
      "name": "RequiredFloat"
    },
    {
      "type": "INT32",
      "repetition_type": "REQUIRED",
      "name": "RequiredInt32"
    },
    {
      "type": "INT64",
      "repetition_type": "REQUIRED",
      "name": "RequiredInt64"
    },
    {
      "type": "INT96",
      "repetition_type": "REQUIRED",
      "name": "RequiredInt96"
    }
  ],
  "num_rows": 1000,
  "row_groups": [
    {
      "columns": [
        {
          "file_offset": 4,
          "meta_data": {
            "type": "BYTE_ARRAY",
            "encodings": [
              "DELTA_BYTE_ARRAY"
            ],
            "path_in_schema": [
              "RequiredBinary"
            ],
            "codec": "UNCOMPRESSED",
            "num_values": 1000,
            "total_uncompressed_size": 11041,
            "total_compressed_size": 11041,
            "data_page_offset": 4,
            "statistics": {
              "null_count": 0,
              "max_value": "fHp4YVM=",
              "min_value": "QURcSE1uVkQ="
            },
            "encoding_stats": [
              {
                "page_type": "DATA_PAGE_V2",
                "encoding": "DELTA_BYTE_ARRAY",
                "count": 10
              }
            ]
          }
        },
        {
          "file_offset": 11045,
          "meta_data": {
            "type": "BOOLEAN",
            "encodings": [
              "RLE"
            ],
            "path_in_schema": [
              "RequiredBoolean"
            ],
            "codec": "UNCOMPRESSED",
            "num_values": 1000,
            "total_uncompressed_size": 220,
            "total_compressed_size": 220,
            "data_page_offset": 11045,
            "statistics": {
              "max": "AQ==",
              "min": "AA==",
              "null_count": 0,
              "max_value": "AQ==",
              "min_value": "AA=="
            },
            "encoding_stats": [
              {
                "page_type": "DATA_PAGE_V2",
                "encoding": "RLE",
                "count": 2
              }
            ]
          }
        },
        {
          "file_offset": 11265,
          "meta_data": {
            "type": "DOUBLE",
            "encodings": [
              "PLAIN"
            ],
            "path_in_schema": [
              "RequiredDouble"
            ],
            "codec": "UNCOMPRESSED",
            "num_values": 1000,
            "total_uncompressed_size": 8690,
            "total_compressed_size": 8690,
            "data_page_offset": 11265,
            "statistics": {
              "max": "N5O3DZn2/z8=",
              "min": "FJy5pzgB8D8=",
              "null_count": 0,
              "max_value": "N5O3DZn2/z8=",
              "min_value": "FJy5pzgB8D8="
            },
            "encoding_stats": [
              {
                "page_type": "DATA_PAGE_V2",
                "encoding": "PLAIN",
                "count": 10
              }
            ]
          }
        },
        {
          "file_offset": 19955,
          "meta_data": {
            "type": "FIXED_LEN_BYTE_ARRAY",
            "encodings": [
              "DELTA_BYTE_ARRAY"
            ],
            "path_in_schema": [
              "RequiredFixed10"
            ],
            "codec": "UNCOMPRESSED",
            "num_values": 1000,
            "total_uncompressed_size": 11059,
            "total_compressed_size": 11059,
            "data_page_offset": 19955,
            "statistics": {
              "null_count": 0,
              "max_value": "fHxQXUJ8Y3dPdQ==",
              "min_value": "QUFWUE1daWtgeg=="
            },
            "encoding_stats": [
              {
                "page_type": "DATA_PAGE_V2",
                "encoding": "DELTA_BYTE_ARRAY",
                "count": 10
              }
            ]
          }
        },
        {
          "file_offset": 31014,
          "meta_data": {
            "type": "FLOAT",
            "encodings": [
              "PLAIN"
            ],
            "path_in_schema": [
              "RequiredFloat"
            ],
            "codec": "UNCOMPRESSED",
            "num_values": 1000,
            "total_uncompressed_size": 4530,
            "total_compressed_size": 4530,
            "data_page_offset": 31014,
            "statistics": {
              "max": "OPv/Pw==",
              "min": "00SAPw==",
              "null_count": 0,
              "max_value": "OPv/Pw==",
              "min_value": "00SAPw=="
            },
            "encoding_stats": [
              {
                "page_type": "DATA_PAGE_V2",
                "encoding": "PLAIN",
                "count": 10
              }
            ]
          }
        },
        {
          "file_offset": 35544,
          "meta_data": {
            "type": "INT32",
            "encodings": [
              "DELTA_BINARY_PACKED"
            ],
            "path_in_schema": [
              "RequiredInt32"
            ],
            "codec": "UNCOMPRESSED",
            "num_values": 1000,
            "total_uncompressed_size": 4885,
            "total_compressed_size": 4885,
            "data_page_offset": 35544,
            "statistics": {
              "max": "UyqWfw==",
              "min": "FkUCgA==",
              "null_count": 0,
              "max_value": "UyqWfw==",
              "min_value": "FkUCgA=="
            },
            "encoding_stats": [
              {
                "page_type": "DATA_PAGE_V2",
                "encoding": "DELTA_BINARY_PACKED",
                "count": 5
              }
            ]
          }
        },
        {
          "file_offset": 40429,
          "meta_data": {
            "type": "INT64",
            "encodings": [
              "DELTA_BINARY_PACKED"
            ],
            "path_in_schema": [
              "RequiredInt64"
            ],
            "codec": "UNCOMPRESSED",
            "num_values": 1000,
            "total_uncompressed_size": 9517,
            "total_compressed_size": 9517,
            "data_page_offset": 40429,
            "statistics": {
              "max": "u0ahXEyz8n8=",
              "min": "+5ubl58KE4A=",
              "null_count": 0,
              "max_value": "u0ahXEyz8n8=",
              "min_value": "+5ubl58KE4A="
            },
            "encoding_stats": [
              {
                "page_type": "DATA_PAGE_V2",
                "encoding": "DELTA_BINARY_PACKED",
                "count": 5
              }
            ]
          }
        },
        {
          "file_offset": 49946,
          "meta_data": {
            "type": "INT96",
            "encodings": [
              "PLAIN"
            ],
            "path_in_schema": [
              "RequiredInt96"
            ],
            "codec": "UNCOMPRESSED",
            "num_values": 1000,
            "total_uncompressed_size": 12290,
            "total_compressed_size": 12290,
            "data_page_offset": 49946,
            "statistics": {
              "null_count": 0
            },
            "encoding_stats": [
              {
                "page_type": "DATA_PAGE_V2",
                "encoding": "PLAIN",
                "count": 10
              }
            ]
          }
        }
      ],
      "total_byte_size": 62232,
      "num_rows": 1000
    }
  ],
  "key_value_metadata": [
    {
      "key": "writer.model.name",
      "value": "example"
    }
  ],
  "created_by": "parquet-mr version 1.10.0 (build 031a6654009e3b82020012a18434c582bd74c73a)",
  "column_orders": [
    {
      "TYPE_ORDER": {}
    },
    {
      "TYPE_ORDER": {}
    },
    {
      "TYPE_ORDER": {}
    },
    {
      "TYPE_ORDER": {}
    },
    {
      "TYPE_ORDER": {}
    },
    {
      "TYPE_ORDER": {}
    },
    {
      "TYPE_ORDER": {}
    },
    {
      "TYPE_ORDER": {}
    }
  ]
}
