{
  "version": 1,
  "schema": [
    {
      "name": "Document",
      "num_children": 3
    },
    {
      "type": "INT64",
      "repetition_type": "REQUIRED",
      "name": "DocId"
    },
    {
      "repetition_type": "OPTIONAL",
      "name": "Links",
      "num_children": 2
    },
    {
      "type": "INT64",
      "repetition_type": "REPEATED",
      "name": "Backward"
    },
    {
      "type": "INT64",
      "repetition_type": "REPEATED",
      "name": "Forward"
    },
    {
      "repetition_type": "REPEATED",
      "name": "Name",
      "num_children": 2
    },
    {
      "repetition_type": "REPEATED",
      "name": "Language",
      "num_children": 2
    },
    {
      "type": "BYTE_ARRAY",
      "repetition_type": "REQUIRED",
      "name": "Code"
    },
    {
      "type": "BYTE_ARRAY",
      "repetition_type": "OPTIONAL",
      "name": "Country"
    },
    {
      "type": "BYTE_ARRAY",
      "repetition_type": "OPTIONAL",
      "name": "Url"
    }
  ],
  "num_rows": 2,
  "row_groups": [
    {
      "columns": [
        {
          "file_offset": 4,
          "meta_data": {
            "type": "INT64",
            "encodings": [
              "PLAIN",
              "BIT_PACKED"
            ],
            "path_in_schema": [
              "DocId"
            ],
            "codec": "UNCOMPRESSED",
            "num_values": 2,
            "total_uncompressed_size": 77,
            "total_compressed_size": 77,
            "data_page_offset": 4,
            "statistics": {
              "max": "FAAAAAAAAAA=",
              "min": "CgAAAAAAAAA=",
              "null_count": 0,
              "max_value": "FAAAAAAAAAA=",
              "min_value": "CgAAAAAAAAA="
            },
            "encoding_stats": [
              {
                "page_type": "DATA_PAGE",
                "encoding": "PLAIN",
                "count": 1
              }
            ]
          }
        },
        {
          "file_offset": 81,
          "meta_data": {
            "type": "INT64",
            "encodings": [
              "PLAIN",
              "RLE"
            ],
            "path_in_schema": [
              "Links",
              "Backward"
            ],
            "codec": "UNCOMPRESSED",
            "num_values": 3,
            "total_uncompressed_size": 90,
            "total_compressed_size": 90,
            "data_page_offset": 81,
            "statistics": {
              "max": "HgAAAAAAAAA=",
              "min": "CgAAAAAAAAA=",
              "null_count": 1,
              "max_value": "HgAAAAAAAAA=",
              "min_value": "CgAAAAAAAAA="
            },
            "encoding_stats": [
              {
                "page_type": "DATA_PAGE",
                "encoding": "PLAIN",
                "count": 1
              }
            ]
          }
        },
        {
          "file_offset": 171,
          "meta_data": {
            "type": "INT64",
            "encodings": [
              "PLAIN",
              "RLE"
            ],
            "path_in_schema": [
              "Links",
              "Forward"
            ],
            "codec": "UNCOMPRESSED",
            "num_values": 4,
            "total_uncompressed_size": 106,
            "total_compressed_size": 106,
            "data_page_offset": 171,
            "statistics": {
              "max": "UAAAAAAAAAA=",
              "min": "FAAAAAAAAAA=",
              "null_count": 0,
              "max_value": "UAAAAAAAAAA=",
              "min_value": "FAAAAAAAAAA="
            },
            "encoding_stats": [
              {
                "page_type": "DATA_PAGE",
                "encoding": "PLAIN",
                "count": 1
              }
            ]
          }
        },
        {
          "file_offset": 277,
          "meta_data": {
            "type": "BYTE_ARRAY",
            "encodings": [
              "PLAIN",
              "RLE"
            ],
            "path_in_schema": [
              "Name",
              "Language",
              "Code"
            ],
            "codec": "UNCOMPRESSED",
            "num_values": 5,
            "total_uncompressed_size": 70,
            "total_compressed_size": 70,
            "data_page_offset": 277,
            "statistics": {
              "null_count": 2,
              "max_value": "ZW4tdXM=",
              "min_value": "ZW4="
            },
            "encoding_stats": [
              {
                "page_type": "DATA_PAGE",
                "encoding": "PLAIN",
                "count": 1
              }
            ]
          }
        },
        {
          "file_offset": 347,
          "meta_data": {
            "type": "BYTE_ARRAY",
            "encodings": [
              "PLAIN",
              "RLE"
            ],
            "path_in_schema": [
              "Name",
              "Language",
              "Country"
            ],
            "codec": "UNCOMPRESSED",
            "num_values": 5,
            "total_uncompressed_size": 55,
            "total_compressed_size": 55,
            "data_page_offset": 347,
            "statistics": {
              "null_count": 3,
              "max_value": "dXM=",
              "min_value": "Z2I="
            },
            "encoding_stats": [
              {
                "page_type": "DATA_PAGE",
                "encoding": "PLAIN",
                "count": 1
              }
            ]
          }
        },
        {
          "file_offset": 402,
          "meta_data": {
            "type": "BYTE_ARRAY",
            "encodings": [
              "PLAIN",
              "RLE"
            ],
            "path_in_schema": [
              "Name",
              "Url"
            ],
            "codec": "UNCOMPRESSED",
            "num_values": 4,
            "total_uncompressed_size": 90,
            "total_compressed_size": 90,
            "data_page_offset": 402,
            "statistics": {
              "null_count": 1,
              "max_value": "aHR0cDovL0M=",
              "min_value": "aHR0cDovL0E="
            },
            "encoding_stats": [
              {
                "page_type": "DATA_PAGE",
                "encoding": "PLAIN",
                "count": 1
              }
            ]
          }
        }
      ],
      "total_byte_size": 488,
      "num_rows": 2
    }
  ],
  "key_value_metadata": [
    {
      "key": "writer.model.name",
      "value": "example"
    }
  ],
  "created_by": "parquet-mr version 1.10.0 (build 031a6654009e3b82020012a18434c582bd74c73a)",
  "column_orders": [
    {
      "TYPE_ORDER": {}
    },
    {
      "TYPE_ORDER": {}
    },
    {
      "TYPE_ORDER": {}
    },
    {
      "TYPE_ORDER": {}
    },
    {
      "TYPE_ORDER": {}
    },
    {
      "TYPE_ORDER": {}
    }
  ]
}
