1.0232381224838893
1.0232381224838893
1.9454162249694202
1.7638354259288844
1.0305132286382044
1.0305132286382044
1.5064836273262352
1.5064836273262352
1.7638354259288844
1.7638354259288844
1.9454162249694202
1.9454162249694202
1.5064836273262352
1.0305132286382044
1.0232381224838893
1.5064836273262352
1.5064836273262352
1.5064836273262352
1.0232381224838893
1.0232381224838893
1.9454162249694202
1.9454162249694202
1.0305132286382044
1.0305132286382044
1.0232381224838893
1.5064836273262352
1.7638354259288844
1.0232381224838893
1.0305132286382044
1.9454162249694202
1.5064836273262352
1.0305132286382044
1.0305132286382044
1.9454162249694202
1.5064836273262352
1.0305132286382044
1.7638354259288844
1.0232381224838893
1.9454162249694202
1.7638354259288844
1.0305132286382044
1.0305132286382044
1.0232381224838893
1.5064836273262352
1.7638354259288844
1.7638354259288844
1.9454162249694202
1.9454162249694202
1.9454162249694202
1.7638354259288844
1.0305132286382044
1.9454162249694202
1.5064836273262352
1.5064836273262352
1.7638354259288844
1.0232381224838893
1.9454162249694202
1.9454162249694202
1.0305132286382044
1.0305132286382044
1.0232381224838893
1.0232381224838893
1.7638354259288844
1.7638354259288844
1.0232381224838893
1.0232381224838893
1.7638354259288844
1.7638354259288844
1.0305132286382044
1.0305132286382044
1.5064836273262352
1.5064836273262352
1.7638354259288844
1.0232381224838893
1.9454162249694202
1.7638354259288844
1.5064836273262352
1.0305132286382044
1.0232381224838893
1.5064836273262352
1.5064836273262352
1.5064836273262352
1.0232381224838893
1.0232381224838893
1.9454162249694202
1.7638354259288844
1.0305132286382044
1.9454162249694202
1.0232381224838893
1.5064836273262352
1.7638354259288844
1.0232381224838893
1.9454162249694202
1.9454162249694202
1.5064836273262352
1.0305132286382044
1.0305132286382044
1.9454162249694202
1.5064836273262352
1.0305132286382044
1.0232381224838893
1.0232381224838893
1.9454162249694202
1.7638354259288844
1.0305132286382044
1.0305132286382044
1.5064836273262352
1.5064836273262352
1.7638354259288844
1.7638354259288844
1.9454162249694202
1.9454162249694202
1.7638354259288844
1.7638354259288844
1.0305132286382044
1.9454162249694202
1.5064836273262352
1.5064836273262352
1.0232381224838893
1.0232381224838893
1.9454162249694202
1.9454162249694202
1.0305132286382044
1.0305132286382044
1.0232381224838893
1.5064836273262352
1.7638354259288844
1.0232381224838893
1.7638354259288844
1.0232381224838893
1.9454162249694202
1.7638354259288844
1.5064836273262352
1.0305132286382044
1.0232381224838893
1.5064836273262352
1.7638354259288844
1.7638354259288844
1.0305132286382044
1.9454162249694202
1.5064836273262352
1.5064836273262352
1.0232381224838893
1.0232381224838893
1.0232381224838893
1.5064836273262352
1.7638354259288844
1.0232381224838893
1.9454162249694202
1.9454162249694202
1.5064836273262352
1.0305132286382044
1.0232381224838893
1.0232381224838893
1.7638354259288844
1.7638354259288844
1.0305132286382044
1.0305132286382044
1.5064836273262352
1.5064836273262352
1.0305132286382044
1.0305132286382044
1.5064836273262352
1.5064836273262352
1.7638354259288844
1.7638354259288844
1.9454162249694202
1.9454162249694202
1.5064836273262352
1.0305132286382044
1.0232381224838893
1.5064836273262352
1.9454162249694202
1.7638354259288844
1.0305132286382044
1.9454162249694202
1.9454162249694202
1.9454162249694202
1.0305132286382044
1.0305132286382044
1.0232381224838893
1.5064836273262352
1.7638354259288844
1.0232381224838893
1.0305132286382044
1.9454162249694202
1.5064836273262352
1.0305132286382044
1.0232381224838893
1.0232381224838893
1.9454162249694202
1.7638354259288844
1.7638354259288844
1.0232381224838893
1.9454162249694202
1.7638354259288844
1.0305132286382044
1.0305132286382044
1.0232381224838893
1.5064836273262352
