[93 114 112 100 118]
[93 72 98 79 69 79 111 123 93 114]
[77 85 72 74 95 71 104 72 113 79 91 99 119]
[85 95 66 113 107 74 69 84 66]
[117 68 123 92 110 96 111]
[117 79 109 71 70 99 76 67 86 76 68 72]
[101 91 83 66 88 82]
[109 110 69 105 99 93 94 95 119 65 77]
[81 75 66 77 103 116 76 118 65]
[81 93 120 124 122 118 101 78 78 91 111 111 123 100]
[65 98 95 111 81 102 93 86]
[73 116 80 98 92 105 118 98 112 79 119 92 94]
[97 81 78 69 96 75 100 121 66 73 97]
[105 100 123 108 115 78 118]
[89 112 106 103 73 121 118 90 92 122]
[97 123 92 90 85 124]
[117 80 75 78 87 118]
[65 99 121 117 98 69 80 87 113 108 80]
[109 103 95 112 117]
[109 121 89 99 76 115 98 115 87 105]
[81 86 86 70 80 78 80 78]
[89 105 72 109 91 89 97 98 106 70 123 106 84]
[65 117 106 104 109 72 98]
[73 68 92 83 68 75 115 66 80 119 72 94]
[105 101 89 115 72 97 105 89 86 113]
[113 112 83 102 83 100]
[89 124 118 97 102 92 122 118 119]
[97 82 103 76 121]
[69 107 101 107 65 117 69 92 79 68 100 79]
[69 66 86 94 76 120 87 112]
[113 70 69 81 103 111 87 121 112 116 109]
[121 89 115 68 114 114 104]
[96 70 66 84 67 105 96 101 99 102 85 111]
[104 88 112 123 78 108 121 121]
[88 92 94 118 97 91 114 70 72 90 94]
[88 111 80 97 116 102 79]
[120 76 77 68 120 124 121 112 91 116 76 82 108 107]
[68 95 123 115 71 67 78 124 105 88]
[112 99 105 102 90 111 79 73 65 105 84 123 79]
[112 117 91 89 109 121 96 93 78]
[84 82 88 121 113 84 86]
[92 101 74 100 124 87 103 75 106 110 114 96]
[68 113 109 95 90]
[76 72 103 82 101 73 121 96 71 99 122]
[108 97 100 113 105 103 110 67 85]
[116 116 85 92 116 106 68 79 98 65 104 75 83 115]
[92 120 120 87 83 90 68 87]
[100 78 106 66 94 93 85 107 72 113 113 116 114]
[121 96 89 122 96 87 65 72 119 88 88 85 69]
[68 106 75 101 108 98 82 92 72]
[113 118 117 96 66 81 83 101 93 85 97 65]
[121 77 103 75 77 84 100 113]
[84 102 100 106 89 106]
[92 121 86 93 100 117 107 95 65 82 66]
[76 65 120 88 119 100 108 104 85 99 79 104 98 100]
[84 84 114 67 70 103 65 124 99 71]
[108 109 111 99 82 66 107 87]
[116 67 97 86 93 69 72 107 118 96 116 78 104]
[100 79 72 73 111 120 124]
[100 90 118 120 123 123 90 67 92 93 65 118]
[72 123 115 91 75 85 71 98 106 79]
[80 74 108 70 86]
[124 86 83 65 104 79 89 118 79]
[124 104 69 104 123 82 114 78 92 108 107 89 73 108]
[100 77 88 120 77 73 106 99 118 113]
[108 96 74 107 88]
[92 108 108 101 106 119 124 67 91]
[100 67 94 81 118 70 81 87 104 82 101 121 93 115]
[123 92 91 112 69 93 71 110 119 68 79 75]
[71 110 85 99 81 96 88]
[115 115 120 86 99 79 89 70 84 124 87]
[123 73 105 73 110 90]
[87 98 102 105 122 112 88 113 111 90 121 106 76 123]
[95 117 88 84 73 115 113 73 65 122]
[79 121 71 78 92 98 105 82 85 79 70 95 108]
[87 80 117 118 111 101 71 101 98]
[111 105 114 97 115 124]
[119 123 99 76 66 75 78 76 118 76 107 68]
[103 75 82 71 84]
[103 94 68 110 104 121 95 105 91 73 116]
[72 103 103 98 98 115 67 70 78 107 91]
[72 122 97 85 117 66]
[116 66 71 79 76 109 85 98 112 96]
[124 85 117 119 87]
[96 110 114 90 91 74 92 81 71 122 73 109 89]
[96 68 100 77 110 77 117 93 84]
[80 81 82 124 68 69 110 102 105 119 82 89]
[88 99 68 111 79 72 75 121]
[120 124 65 83 83]
[120 83 111 122 102 97 74 104 85 116 119]
[104 87 94 116 121 88 74 113 105 73 72 68 118 115]
[112 106 80 96 72 91 100 73 119 105]
[84 71 77 75 84 114 82 96]
[84 89 122 114 95 116 99 107 78 70 101 102 73]
[68 94 97 109 114 108]
[76 112 91 88 65 111 116 76 112 119 110 82]
[111 93 102 104 78 101 108]
[119 112 88 91 97 104 74 116 98 104 95 66 93]
[95 116 70 77 116 88]
[103 74 116 65 67 99 91 85 124 93 104 106]
[75 99 113 96 71 121 73 108 78 87]
[75 118 99 75 90]
[119 70 74 70 109 107 91 76]
[67 81 67 109 120 118 116 88 124 116 86 85 122 70]
[99 114 124 89 72 81 98 111 71 102 72 99]
[99 65 110 68 83 83 115]
[83 77 85 122 101 67 115 79 104 99 73]
[91 95 71 102 112 70]
[123 120 68 73 124 92 123 122 123 116 114 78 97 70]
[123 79 122 120 75 103 80 82 77]
[107 83 96 107 94 86 80 90 97 113 123 119 68]
[115 102 82 94 105 89 97 102]
[75 119 65 82 107 83 77 68 97]
[83 78 111 69 119 94 94 87 110 99 89 99 112 122]
[67 82 85 115 77 78 95]
[67 101 79 103 96 80 120 116 84 87 98 80 83]
[99 66 76 74 100 103 102 79 98 82 84]
[107 84 122 113 111 106]
[91 88 97 108 78 97 120 107 72 70]
[91 107 82 95 89]
[123 72 79 67 93 122 67 82 91 96 66 73 118]
[71 91 73 106 104 65 84 102]
[115 103 108 100 70 117 84 110 65 85 75 113]
[115 121 94 80 82 119 102]
[87 87 91 111 86]
[95 97 77 98 105 85 109 105 97 90 112]
[71 109 119 93 123 76 109 122 117 107 118 92 87 70]
[79 68 105 72 74 79 66 73 71 79]
[123 67 100 112 88 83 122 105 115 80 122 101 99 102]
[71 86 93 91 107 86 79 65 68 119]
[115 90 68 86 65 77 80 74 89 76 71 81 70]
[115 108 114 65 77 80 97 94 102]
[87 73 111 104 80 103]
[95 92 97 83 100 106 104 68 121 74 108 115]
[79 104 79 78 118]
[79 115 65 117 69 100 122 97 95 122 117]
[111 88 122 89 73 122 103 120 101]
[119 99 108 76 92 65 69 80 114 88 91 94 74 102]
[95 111 90 123 111 109 121]
[103 69 76 110 122 119 86 108 88 85 99 74 105]
[75 94 73 81 74 82 68 71 102 71 85]
[83 113 119 120 85 85]
[119 117 94 115 103 68 86 99 67 68]
[67 76 88 102 115]
[88 93 123 90 117]
[96 112 108 69 68 76 108 96 89 105 120]
[80 116 91 124 87 119 101 105 101 123 74 123 89 94]
[88 75 77 111 106 122 66 65 114 102]
[112 100 74 82 110 85 108 88]
[120 118 120 121 121 96 73 100 82 68 103 96 95]
[104 122 102 116 79 79]
[112 81 88 95 98 82 90 68 115 117 112 77]
[76 106 85 67 102 104 72 91 121 111]
[84 65 71 114 113]
[68 77 105 109 80 98 90 119 95]
[76 87 99 88 91 101 115 79 108 71 102 108 124 94]
[100 121 96 119 95 124 97 102 114 65 80 122]
[107 71 82 106 106 67 114]
[92 83 117 93 73 118 115 71 88 114 89]
[92 102 102 80 84 121]
[67 83 122 96 97 112 124 103 74 99 73 94]
[75 93 107 75 108 114 89]
[119 106 82 70 67 106 82 71 108 88 74]
[67 124 76 109 86 109]
[91 89 73 80 90 71 89 114 67 114 116 65 119 109]
[99 108 119 67 101 74 114 74 80]
[83 112 93 114 68 117 106 83 101 102 124 105 91]
[91 71 79 101 79 68 72 94]
[115 96 76 73 83 91]
[123 114 70 112 94 94 79 77 81 108 102 79]
[107 66 104 107 120]
[115 77 90 94 71 88 96 106 107 97 102]
[79 110 87 65 75 110 78 69]
[87 121 73 104 94 113 95 88 74 122 84 118 95 117]
[71 73 116 99 113 96 96]
[79 92 102 78 124 99 113 109 108 111 93 98 66]
[99 101 85 74 66 101 93 74 95 93 68 67 80]
[107 120 70 113 78 104 118 94]
[83 72 105 108 96 88 111 103 68 82 77 108]
[91 82 91 87 107 91 76]
[123 115 88 118 119]
[123 66 82 105 70 124 75 105 101 79 114]
[107 78 116 100 89 107 75 114 121 97 119 87 109 109]
[115 97 102 79 100 110 93 66 74 76]
[87 122 99 111 112 72 82]
[87 80 85 98 123 83 100 108 94 94 96 120 116]
[71 85 67 85 81 67]
[79 103 113 72 101 70 117 77 67 91 105 101]
[111 68 110 103 104 92 107 100 81 77]
[111 87 96 82 116]
[95 99 79 77 74 86 65 68]
[103 110 65 116 93 89 82 80 68 105 87 80 84 109]
[78 90 76 72 107 80 74 109 93]
[86 109 121 119 118]
[122 113 104 114 76 74 92 69]
[70 72 90 93 88 77 117 89 80 79 81 104 105 124]
[102 97 87 124 99 99 99 112 86 73 119 118]
[110 116 73 111 111 102 116]
[86 68 115 98 69 86 116 80 120 122]
[94 86 101 85 88 97]
[66 111 98 117 92 119 124 123 87 88 109 97 80 124]
[66 70 84 96 103 122 81 75 100]
[110 74 119 91 122 105 81 83 121 77 110 77 119]
[118 93 112 70 81 116 98 103]
[90 118 109 109 85 78]
[90 76 95 88 96 81 106 86 93 74 87]
[74 81 70 83 114]
[82 99 116 122 74 68 123 114 67 71]
[102 117 99 110 68 70 103 80 114 105 71]
[110 75 84 97 87 73]
[95 79 67 92 106 116 121 100 87]
[94 98 113 71 117]
[66 123 110 102 121 81 68 83 107 119 121 91 101]
[74 82 96 89 80 92 85 103]
[118 86 70 76 98 75 85 111 80 116 122 72]
[118 104 124 123 109 78 103]
[90 70 121 95 121]
[98 88 107 74 72 104 110 106 121 114]
[82 100 82 69 91 95 102 115 73 71 112 111 70 117]
[82 119 67 108 102 98 67 74 94]
[114 84 124 87 114 120 109]
[122 103 118 66 65 123 74 117 114 68 89 84 84]
[106 107 93 121 84 115]
[106 65 79 100 95 117 92 78 87 65 90 65]
[81 106 98 116 108 108 84]
[89 65 84 103 67 111 101 118 74 102 75 108]
[74 69 118 90 86 102]
[82 88 104 77 97 105 119 86 99 91 84]
[105 113 101 108 109 68 109 109 113]
[113 71 95 87 120]
[97 75 69 82 79 114 66 78]
[97 94 115 121 90 65 84 97 100 113 66 68 73 72]
[69 119 112 101 102 87 66 120 106 99 112]
[77 78 98 80 113 90 91]
[121 90 81 75 71 73 83 89 80 96]
[121 100 66 114 82 84]
[93 74 123 85 94 107 90 124 99 122 94 121 108 79]
[101 84 109 72 105 110 116 83 112]
[85 96 92 119 124 93 108 92 73 111 103 101]
[85 115 78 106 75 96 73 112]
[114 124 113 94 77 90 105 77]
[114 83 107 81 89 101 70 89 86 96 77 82 123 124]
[98 95 81 68 115 84 123]
[106 114 67 115 66 87 88 118 120 85 78 122 94]
[78 79 124 86 70 110 70 81 74 79]
[78 97 110 65 81 120]
[122 102 92 120 108 104 87 109 99]
[70 120 78 107 119]
[94 85 75 79 123 69 95 92 67 94 107 115 70]
[102 104 121 118 82 72 120 103]
[86 108 104 113 100 123 112 112 100 82 115]
[94 67 89 92 112 66 77]
[118 92 86 123 115]
[66 110 72 110 75 92 77 115 73 88]
[110 122 107 105 93 83 77 123 93 105 98 75 98 72]
[118 81 101 84 104 86 94 83 106]
[102 80 95 124 118 90 90 115 91 77 110 83 110 104]
[102 91 81 103 77 93 115 67 104]
[86 103 124 98 95 84 107 76 116 74 111 124 82]
[94 122 109 77 107 87 73 95]
[118 87 107 116 110 110]
[66 105 92 96 70 112 72 78 97 71 88]
[110 109 67 90 88]
[118 68 121 69 99 107 89 107 70 120]
[82 93 118 101 111 69 79 70]
[90 112 104 88 122 72 96 81 90 86 79 76 86 103]
[74 124 78 75 81 123 97]
[82 75 124 122 92 66 114 110 123 83 79 117 117]
[106 108 121 93 104 89 104 73 69 69]
[114 118 115 73 115 92]
[98 70 89 67 73 75 122 101 103]
[106 89 75 114 85]
[66 98 118 102 87]
[74 117 104 81 98 83 76 98 124 111]
[110 69 79 76 117 66 76 107 77 68 114 105 100 96]
[118 88 72 123 76 77 93 67 90]
[90 113 70 94 80 99 83]
[98 71 115 74 91 102 101 109 117 65 91 79 107]
[74 76 90 68 117 86]
[82 94 76 107 68 89 118 70 91 114 92 120]
[114 119 73 79 72 111 100 101 97]
[114 78 67 66 83]
[98 82 101 121 110 105 66 121]
[106 101 87 100 121 108 83 81 84 69 82 90 75 104]
[78 66 84 71 65 70 65 104 90 123 120 113]
[78 84 70 119 84 81 90]
[122 97 112 105 103 65 83 72 123 112]
[70 115 98 92 114 68]
[105 88 109 108 67 118 100 113 110 97 113]
[113 107 103 87 78 121 117]
[89 119 78 82 105 113 117 81 83 86]
[97 69 124 121 116 115]
[69 102 121 92 120 78 65 116 103 111 96 107 71 119]
[77 113 106 79 71 81 82 76 116]
[113 65 89 66 98 72 82 84 76 108 105 96]
[121 84 75 113 109 75 99 104]
[93 109 72 85 113 97]
[101 67 118 124 72 100 106 79 109 105 82]
[77 72 100 119 90]
[85 90 86 106 101 95 124 107 82 94]
[117 115 83 77 105 117 106 70]
[117 74 69 116 124 120 71 90 110 120 124 100 106]
[101 86 104 111 83 103 124]
[109 97 97 90 94 114 89 119 83 109 73 81]
[70 114 72 86 96 108 121 84 70 91 108 110 92]
[78 73 118 65 108 111 86 96]
[122 77 101 120 66 94 86 104 104 80 117]
[70 95 87 99 77 97 104]
[94 121 84 70 89]
[102 79 69 118 100 71 111 107 76 77]
[86 91 112 112 119 114 103 116 97 94 99 69 121 111]
[86 102 98 91 78 117 68 75 110]
[118 75 95 123 82 79 110]
[66 86 81 110 93 90 75 110 69 100 76 103]
[110 98 115 97 111 73]
[110 116 109 84 71 76 93 79 103 88 85]
[81 81 106 115 74 99 75 102 117]
[89 100 92 95 86]
[74 104 66 89 104 93 93 70]
[73 123 112 68 123 96 110 90 104 103 67 122 96 111]
[109 104 71 84 77 87 102 110 69]
[117 122 117 71 88 90 67 70 82 88 112 106 85 79]
[101 66 92 66 106 81 67 79]
[109 85 86 105 66 84 85 90 116 77 121 86 116]
[73 110 75 76 69 106 67 121 122 71 99]
[81 69 68 123 81 109 92]
[65 73 103 110 99 100 84 82 95 120]
[73 91 89 97 118 103]
[97 117 86 69 122 66 91 65 123 85 89 79 91]
[105 75 72 108 73 69 117 84 76]
[89 87 114 103 92 112 109 93 96 74 98 120]
[89 106 100 82 111 123 74 105]
[120 71 97 121 115 85]
[68 90 83 100 66 88 73 88 69 79 67]
[113 94 66 95 92 71 74 96 89 97 80 91 120 79]
[113 112 111 74 104 82 91 116 102 68]
[81 70 94 122 98 76 71 82 89 103]
[81 80 80 109 117 79]
[65 93 115 104 76 123 88 110 123]
[73 111 101 83 87]
[105 76 98 114 99 96 96 85 82 117 101 74]
[105 95 91 101 110 99 113 105]
[89 99 66 88 68 82 113 113 116 114 110]
[97 118 112 75 79 85 70]
[121 83 109 107 91]
[69 101 95 86 102 118 77 116 96 111]
[113 113 77 81 121 102 78 124 109 68 92 93 81]
[121 124 123 120 72 105 95 76 122]
[85 89 120 99 84 67 85]
[93 108 106 78 95 70 102 119 89 66 70 67]
[77 120 89 73 114 121]
[85 79 74 112 65 124 120 87 123 122 78]
[120 111 85 68 86 115 112]
[120 70 71 115 97 118 77 68 101 100 115 91]
[104 82 114 102 116]
[112 101 100 89 67 112 95 96 75 96 124]
[84 66 97 120 79 74 77 119 89]
[84 84 83 99 90 77 94 71 102 114 105 70 114 95]
[68 89 117 94 109 69 94 79]
[76 107 111 73 120 72 111 99 76 111 114 110 85]
[108 72 108 113 72 94 101 122 82 97 92]
[108 91 94 92 83 97]
[92 95 68 87 101 80 119 91 115 94]
[100 114 114 66 112]
[124 79 111 97 124 114 66 73 75 119 74 103 120]
[72 97 105 84 75 116 83 85 88]
[116 109 80 71 94 100 84 94 108 108 83 84]
[124 68 65 118 113 111 101 114]
[84 77 108 106 107 105 81 79]
[92 96 94 93 119 108 98 99 122 94 117 124 75]
[76 100 69 80 85 91 98]
[76 119 123 67 96 94 116 119 95 83 66 113]
[108 84 120 98 100 124 106 90 109 77]
[116 103 106 77 119]
[92 115 80 72 78 111 123 111 75]
[100 73 66 119 89 113 80 70 88 105 109 84 95 87]
[72 98 123 91 93 76 122 93 102 91 87 98]
[80 117 117 70 112 87 88 113]
[116 121 91 65 70 70 80 122 76 88 95]
[124 80 77 104 82 73 105]
[96 105 74 75 85 95 87 105 95 114 77 77 78 87]
[104 123 120 122 105 98 112 116 108 85]
[80 68 103 117 123 90 105 65 69 102 86 117 110]
[88 86 88 96 74 93 70 85 82]
[73 85 91 76 88 97 117 117 66 83 90 66 122]
[81 104 77 115 107 108 83 77 80]
[65 116 111 110 65 91 83 85 92 72 99 107]
[65 75 97 89 76 94 100 97]
[97 100 94 68 88 116]
[105 118 88 108 100 119 107 80 72 69 68]
[81 123 123 102 118 111 100 89 93 86 82 86 91 119]
[89 81 109 81 69 113 65 108 106 66]
[120 106 106 113 81 76 107 71]
[68 65 91 100 92 79 72 91 65 91 119 119 97]
[105 69 74 87 111 70 65]
[113 88 120 74 122 73 90 112 99 80 68 100]
[84 113 117 105 74 95 72 83 105 66]
[84 71 103 85 85]
[68 84 85 79 103 90 89 103 79]
[76 94 71 66 115 92 107 123 92 95 110 79 66 66]
[97 112 106 114 117]
[105 70 100 93 68 89 112 108 92 109]
[89 74 74 88 95 73 104 117 112 66 94 88 112]
[97 93 120 75 106 84 69 68 66]
[121 118 117 106 110 106 111]
[69 77 103 86 121 109 68 111 93 123 71 122]
[113 89 86 80 87 92]
[113 107 71 119 98 103 94 80 66 112 80]
[85 72 69 91 102 66 76 103 73]
[93 91 114 78 121 69 93 122 86 78 113 93 116 119]
[77 95 97 73 80 112 94 71]
[77 114 83 112 91 115 111 83 119 74 122 73 87]
[109 79 80 83 95 77 101 114 65 120 100]
[117 98 66 71 114 88 118]
[101 102 100 117 73 71 118 74 99 117]
[101 120 94 104 84 74]
[76 101 105 120 97 65 68 114 85 94 93]
[84 120 91 99 108 76]
[68 124 66 94 75 119 85 83 119 83]
[76 82 119 73 86]
[100 108 116 104 90 85 92 66 78 109 76 90 82]
[108 66 102 92 109 87 109 77 92]
[92 78 77 78 68 79 110 86 112 106 85 79]
[100 89 123 65 79 82 67 106]
[124 122 120 97 83]
[72 73 113 76 102 107 74 89 84 103 122]
[116 85 88 71 120 98 75 97 105 120 75 109 111 74]
[116 103 74 118 71 101 92 117 118 92]
[88 68 71 89 75 124 82 80]
[96 87 117 69 94 67 99 92 85 117 104 83 118]
[80 91 99 123 113 110]
[80 110 85 102 124 121 117 120 119 114 113 124]
[108 67 68 98 66 115 97 86 106 89 88 93]
[108 78 114 77 78 118 114 106]
[92 90 88 72 96 101 114 114 79 77 97]
[100 109 74 111 115 112 71]
[72 74 71 82 119 74 121 97 99 103 78 72 101 66]
[72 92 65 70 70 77 78 109 112 75]
[116 96 100 124 89 121 79 117 72 92 87 112 72]
[124 115 86 103 108 124 96 77 86]
[96 80 83 75 112 94 78]
[96 99 68 122 123 97 103 120 105 97 116 86]
[80 111 111 109 81]
[88 122 97 96 101 83 121 88 78 86 65]
[112 95 94 67 104 106 103 111 93]
[120 105 80 107 116 116 68 123 106 112 107 117 76 74]
[104 117 122 101 82 100 120 72]
[112 76 108 80 93 103 86 92 71 100 115 105 107]
[87 117 119 96 107 93 78 112 105]
[87 67 105 83 118 96 95 72 118 86 92 88 97 81]
[71 80 88 70 76 88 95]
[79 98 73 117 95 90 112 100 91 74 101 69 68]
[111 123 70 88 99 113 102 123 97 68 87]
[111 82 116 76 111 116]
[95 86 99 122 69 107 120 92 71 117]
[103 105 85 109 88]
[75 70 82 81 92 72 119 66 98 83 69 122 103]
[75 88 68 120 103 75 84 86]
[119 92 102 115 70 67 85 95 124 72 78 103]
[67 111 96 94 81 70 102]
[99 76 93 73 85]
[99 95 79 113 96 95 109 97 104 77 115]
[83 107 113 107 122 78 101 106 65 94 120 73 72 89]
[91 66 99 86 74 89 67 118 78 66]
[112 75 82 74 76 83 99 83 65 100]
[120 94 68 121 87]
[104 106 111 116 106 69 124 112 99]
[104 116 96 95 117 80 81 71 112 69 103 102 86 73]
[76 89 93 66 69 103 123 94 118 123 81 117]
[84 100 79 114 80 106 89]
[68 112 114 100 98 89 81 123 91 111 90]
[68 71 108 87 109 92]
[100 96 105 119 121 122 88 98 111 77 124 95 121 81]
[107 114 90 98 72 65 113 117 72 109]
[84 119 65 93 91 109 106 66 84 66 72 76 93]
[92 77 111 72 102 111 71 86 98]
[123 102 108 111 114 74]
[71 121 102 91 65 85 70 121 65 71 110 110]
[107 73 76 85 84]
[115 84 122 124 103 71 88 89 98 120 118]
[91 65 81 80 116 122]
[99 83 67 67 67 65 105 69 77 97 103 74]
[83 87 102 114 86]
[83 106 87 101 97 119 122 98 110 94 104]
[115 71 85 72 109 81 104 121]
[123 90 78 112 120 84 70 81 78 120 85 112 65 96]
[107 102 113 106 79 75 122]
[107 120 99 85 90 78 87 101 111 108 94 93 96]
[79 85 96 65 102 101 69 72 117 103 72]
[87 104 82 104 113 104]
[71 108 124 99 71 95 87 92 91]
[71 67 110 78 90]
[102 92 107 109 94 120 94 75 110 117 122 86 72]
[110 111 93 97 105 123 111 95]
[86 115 75 83 124 107 112 104 84 106 123 67]
[94 73 121 70 83 117 69]
[115 91 96 118 77 112 109]
[123 109 90 105 97 114 74 101 97 91 97 107 78]
[107 113 65 92 115 98]
[115 72 110 79 66 109 91 69 71 80 106 96]
[79 97 107 110 70 71 73 92 77 74]
[87 116 93 90 89]
[71 120 76 84 108 117 91 120]
[79 79 122 71 119 120 108 72 124 103 89 66 107 89]
[103 104 119 103 123 91 98 95 78 89 75 81]
[111 122 105 82 82 93 115]
[95 74 87 77 100 77 116 124 111 85 75]
[103 93 73 116 112 80]
[67 118 70 87 123 102 123 106 71 111 117 119 82 88]
[75 77 116 75 75 113 80 66 84]
[119 81 90 69 93 96 81 75 104 100 66 100 121]
[119 99 84 108 104 99 98 87]
[74 69 85 112 118 101]
[82 88 71 91 69 112 104 100 70 123 98 103]
[118 100 105 85 87]
[66 119 99 124 107 99 122 69 104 112 98]
[98 84 96 104 110 121 112 92]
[106 102 82 83 122 72 69 112 123 78 80 81 79 119]
[82 106 116 78 80 115 69]
[90 65 102 117 99 118 87 72 97 75 89 122 110]
[122 90 99 89 103 81 77 95 111 121]
[70 109 93 76 114 83]
[106 113 68 122 81 75 94 123 76]
[114 71 113 109 92]
[86 97 110 81 96 100 93 106 104 83 117 115 85]
[86 115 96 120 107 103 118 66]
[70 67 79 115 73 94 119 75 77 72 118 96]
[78 86 65 102 85 97 76]
[99 95 108 90 87 91 116]
[107 114 93 69 98 94 73 72 91 118 92 84 100]
[91 66 68 123 117 86]
[91 77 114 110 68 88 91 100 124 106 101 65]
[123 102 111 82 80 111 73 123 70]
[71 120 105 121 91]
[115 73 79 116 109 97 98 91]
[115 91 65 95 120 108 116 103 117 121 83 96 69 111]
[87 116 122 67 72 70 98 66 123 115 69 118]
[95 75 108 114 84 73 123]
[79 79 91 108 102 117 115 95 97 104 70]
[79 98 76 87 113 120]
[111 123 73 119 65 90 122 77 124 69 112 89 104 111]
[118 81 119 106 76 93 87 89 77]
[103 85 102 93 95 76 80 106 98 66 120 69 75]
[103 104 88 80 114 79 105 118]
[78 85 99 96 67 70 97 86 76 103 105 112 72 66]
[86 103 85 75 78 81 114 98 89]
[70 108 67 69 97 124 115 107 110 92 106 101 104]
[78 66 113 108 108 67 72 66]
[102 91 110 80 120 89]
[110 110 96 67 71 92 79 109 90 97 83]
[94 122 70 114 90]
[102 81 124 101 101 86 97 70 116 86]
[66 106 121 73 113 109 79 101]
[74 124 107 112 124 112 104 112 83 112 73 105 108 66]
[118 69 82 106 82 103 96]
[118 87 67 93 101 106 121 81 117 101 74 86 79]
[90 112 65 65 105 68 103 104 123 95]
[98 71 118 104 116 71]
[82 75 93 99 75 123 121 72 96]
[82 94 79 78 94]
[110 111 122 74 88]
[110 70 108 113 108 123 83 69 110 69]
[94 74 90 107 66 106 76 78 70 86 108 74 114 119]
[102 92 76 86 77 117 101 98 83]
[74 117 73 118 81 79 83]
[74 76 119 105 100 82 108 80 103 92 86 108 69]
[118 80 93 100 119 65]
[66 99 87 79 70 76 66 101 76 80 86 89]
[90 124 84 111 74 99 108 124 90]
[98 83 70 98 93]
[82 95 105 84 111 85 65 92]
[90 113 90 71 123 88 82 112 77 95 77 67 89 66]
[114 78 88 103 75 118 72 75 83 89 115]
[122 97 81 82 86 121 90]
[106 101 116 77 104 104 90 103 117 78]
[114 120 102 116 115 107]
[89 101 113 72 69 98 99 84 95 123 108]
[89 111 107 119 88 109 124]
[73 123 81 113 106 92 117 104 69 112]
[81 82 67 92 118 95]
[113 107 124 124 121 118 124 87 96 77 90 84 93]
[113 66 110 111 81 121 89 107 109]
[97 70 92 98 99 112 82 115 70 66 99 65]
[105 88 78 85 110 115 107 75]
[77 113 75 116 122 77]
[77 72 121 96 73 80 106 110 102 71 76]
[121 84 104 90 92]
[69 95 90 69 103 74 123 78 76 120]
[93 68 87 109 115 97 113 101]
[101 79 72 88 66 100 71 121 95 86 119 69 68]
[85 91 107 83 84 91 71]
[93 109 101 122 96 94 88 90 69 75 68 118]
[113 119 76 110 98 88 68 115 116 109 103 79]
[121 77 122 97 109 91 85 67]
[105 89 104 91 68 74 86 75 89 106 111]
[105 100 90 70 87 85 103]
[77 73 87 102 91]
[85 84 73 89 102 110 110 78 70 103]
[121 96 115 76 68 94 110 87 90 120 94 98 83 74]
[69 115 101 123 79 105 68 98 103]
[101 80 98 95 83 67 118]
[109 98 84 74 95 70 75 81 123 118 71 72]
[85 102 119 68 121 113]
[93 121 112 115 72 116 92 110 96 114 80]
[65 86 110 87 76 79 74 73 102]
[73 105 95 66 95]
[109 117 70 121 114 73 100 101]
[117 67 116 100 65 76 117 121 89 69 122 91 118 74]
[92 108 75 115 78 66 109 81 122]
[100 67 121 103 89 77 66 93 75 106 107 75 107 102]
[85 79 95 89 116 121 67 110]
[84 90 89 76 67 124 84 121 109 103 115 115 78]
[116 115 86 108 71 86 74 84 115 89 93]
[124 73 72 87 82 89 91]
[108 86 107 82 109 80 92 113 89 86]
[108 104 92 121 120 83]
[80 69 89 100 124 105 99 96 108 111 84 108 113]
[88 88 83 80 83 108 116 107 121]
[124 92 118 74 101 100 116 124 82 100 93 89]
[72 111 104 113 112 103 74 76]
[104 76 101 85 116]
[112 94 86 72 75 68 81 119 122 97 122]
[88 98 69 119 94 119 81 67 74 115 75 68 82 102]
[96 117 115 106 105 122 98 87 96 94]
[117 74 98 93 107 116 78 112 83 69]
[65 93 84 81 119 119]
[109 97 118 67 77 102 96 73 108]
[117 116 104 114 88]
[81 81 101 86 100 76 95 116 76 83 96 103]
[89 99 95 65 111 79 120 75]
[73 112 69 120 70 122 121 84 109 72 105]
[81 122 115 107 89 65 78]
[105 95 112 78 93 95 120 67 68 98 78 82 72 102]
[113 106 98 118 104 98 85 79 82 77]
[97 118 81 112 123 82 77 95 102 94 87 122 103]
[105 77 67 91 82 84 102 107 115]
[69 102 124 123 86 107 84]
[77 120 109 110 97 118 110 90 83 92 124 96]
[121 65 92 105 115 101]
[121 83 78 84 74 104 67 118 108 80 73]
[105 82 72 124 88 116]
[113 101 118 103 99 119 80 102 106 121 78]
[97 105 101 97 117]
[105 124 87 76 77 105 98 71 79 110]
[69 89 84 116 80 68 80 94]
[77 107 70 95 92 79 105 113 99 75 120 124 91]
[121 120 112 90 110 122 97]
[69 78 98 69 69 65 122 82 72 72 69 105]
[93 103 95 101 73 87 104 105 78 118]
[101 122 81 88 84 98]
[85 66 115 74 111 82 122 73 112]
[85 85 109 121 122]
[117 110 106 93 66 107 69 108 79 81 97 98]
[65 68 92 72 77 110 86 68]
[109 72 67 67 103 101 87 76 113 69 106]
[109 91 112 114 115 104 104]
[77 108 95 102 117 98 84]
[77 67 81 81 68 101 101 73 66 115 72 67]
[121 71 124 75 87 92]
[69 90 110 122 98 95 67 102 100 104 81]
[101 115 107 94 110 118 109 65 106]
[101 74 93 73 121]
[85 86 67 68 79 112 66 93]
[93 96 121 107 90 115 83 113 93 66 123 78 80 113]
[65 69 118 79 102 77 73 76 99 112 109]
[65 80 104 66 114 80 90]
[109 92 78 120 72 123 91 96 72 109]
[117 111 124 99 83 74]
[81 76 121 71 95 97 90 79 100 67 92 71 115 121]
[89 94 115 118 106 100 115 99 113]
[73 99 90 105 65 83 116 108 65 124 101 112]
[81 117 75 92 84 86 73 67]
[116 98 95 108 97 85 65 88 112 101 85 95 84]
[116 117 80 87 108 87 82 108 65]
[100 121 115 81 67 71 82 116 85 98 94 84]
[108 79 101 120 78 74 108 68]
[80 104 98 92 90]
[80 123 92 79 101 107 107 111 66 95 123]
[124 67 66 66 120 90 107 120 78 112 76 115 105 81]
[72 86 112 113 79 93 124 79 91 84]
[104 111 109 85 83 116 114 102]
[104 70 95 124 94 119 72 122 119 109 113 88 119]
[88 82 77 118 112 110 72]
[96 100 123 105 71 113 89 83 92 106 122 69]
[68 65 120 77 75 75 71 106 98 92]
[68 84 106 116 86]
[112 88 89 111 105 69 97 74 72]
[120 107 74 90 124 72 114 94 85 121 105 108 88 89]
[81 116 110 86 118]
[89 75 103 65 78 69 111 71 85 67]
[73 87 78 119 96 121 111 88 106 84 88 117 66]
[73 106 124 98 107 123 69 99 119]
[105 71 121 70 111 86 111]
[113 89 107 117 70 89 76 82 78 89 66 91]
[97 93 89 112 89 72]
[97 112 75 91 100 83 93 111 112 78 74]
[69 77 72 123 104 105 75 74 66]
[77 96 118 110 123 108 101 85 79 104 108 70 70 81]
[113 100 100 96 81 92 93 102]
[121 118 86 83 93 103 118 114 113 92 117 110 101]
[92 84 83 115 105 65 100 77 119 86 95]
[100 102 69 94 116 68 65]
[76 114 104 89 74 111 118 105 92 75]
[84 73 97 68 85 114]
[120 106 109 84 99 105 75 85 71 121 88]
[68 124 94 71 118 116]
[112 77 77 65 76 99 93 114 104 109]
[112 87 123 104 88]
[84 120 120 76 99 124 92 97 72 75 70 67 104]
[92 71 106 123 111 75 117 108 85]
[76 83 80 110 69 119 117 117 105 124 79 108]
[76 102 74 97 80 122 74 77]
[108 67 71 69 92]
[116 85 117 108 103 87 82 120 78 69 116]
[100 89 91 102 122 78 74 68 98 86 70 79 73 96]
[100 108 77 81 73 81 99 80 111 118]
[71 73 74 121 85 103 81]
[79 92 68 100 96 106 106 123 71 83 99 112 80]
[116 104 103 95 114 98]
[124 115 89 74 66 101 124 91 104 72 108 101]
[84 72 72 122 68 95 96 117 91 107 83 122]
[92 91 117 109 79 98 121 76]
[76 95 92 103 106 89 114 85 65 103 91]
[84 113 86 82 117 92 79]
[108 78 83 114 121 114 121 120 92 69 73 101 123 89]
[116 97 69 101 72 117 86 80 105 101]
[100 109 103 88 98 100 78 88 118 118 82 81 94]
[108 68 89 75 109 111 103 108 79]
[72 93 86 107 113 74]
[80 103 80 86 73 77 103 91 98 115 111 115]
[124 116 114 80 91]
[72 74 100 67 102 71 68 111 72 112 120]
[96 99 97 99 106 93 110 82 78]
[104 118 83 78 65 96 67 94 91 78 101 94 98 96]
[88 122 66 73 84 80 68 103]
[88 81 112 112 95 82 85 122 65 66 110 74 69]
[71 121 123 68 108 73 77 83]
[71 80 116 115 119 84 102 103 111 112 87 118 119 104]
[115 84 91 101 86 67 95]
[123 103 77 88 97 70 120 71 85 101 95 98 90]
[87 68 74 120 101 93 102 94 91 87 81]
[95 87 120 99 120 104]
[79 99 102 94 79 87 119 115 124 83]
[87 109 88 73 90]
[111 82 85 113 94 112 66 97 84 109 124 91 65]
[119 93 71 92 113 115 84 117]
[103 105 114 86 71 106 84 66 117 98 73 72]
[111 124 99 65 82 109 101]
[75 89 96 97 86]
[83 107 82 84 105 75 108 120 98 95 110]
[67 112 117 71 124 66 109 69 110 112 115 111 94 111]
[75 70 111 118 75 69 66 89 123 92]
[95 88 86 106 77 123 106 114 118 66]
[103 98 71 93 89]
[79 110 114 79 107 117 124 83 84]
[87 69 100 66 66 120 89 94 97 95 98 72 108 96]
[119 94 97 98 70 83 71 65 111 81 76 86]
[119 113 83 77 81 85 88]
[103 117 65 72 100 69 88 86 85 78 85]
[111 75 111 119 119 80]
[83 101 108 91 123 102 95 69 104 103 118 65 83 104]
[83 119 94 70 74 105 113 88 117 75]
[67 71 69 124 92 88 113 97 78 92 67 105 115]
[75 82 122 103 112 91 70 117 91]
[107 115 119 75 116 122]
[107 66 105 122 67 65 77 92 110 89 104 79]
[91 78 80 117 93]
[99 96 66 96 104 111 95 120 84 86 113]
[84 96 68 76 118]
[92 114 114 115 69 66 108 112 81 118 118]
[68 118 89 109 87 109 108 121 102 76 71 73 96 76]
[76 77 82 89 107 112 65 72 115 115]
[108 102 79 68 110 83 107 103]
[108 121 65 107 122 85 73 115 74 81 100 107 102]
[92 73 100 102 88 69]
[100 83 86 81 99 72 90 84 108 70 109 88]
[71 108 83 113 103 94 72 107 114 124]
[71 67 77 100 114]
[116 79 111 86 81 88 90 75 88]
[123 98 97 74 92 91 115 95 101 84 99 66 71 75]
[95 123 94 105 96 114 97 118 115 78 77 81]
[95 82 80 84 115 124 122]
[79 86 122 79 73 108 114 78 88 67 86]
[87 104 108 66 85 111]
[108 122 91 114 87 105 112]
[116 72 77 93 98 108 77 83 102 113 112 110]
[100 84 112 87 117]
[100 103 97 75 68 102 94 104 75 101 121]
[72 68 94 106 80 124 76 75 82]
[80 87 88 85 91 67 102 86 95 67 103 80 121 76]
[124 91 123 80 109 119 94 95]
[124 110 109 119 120 121 119 115 68 124 111 69 92]
[96 75 106 91 72 84 101 78 74 110 89]
[104 93 92 78 83 87]
[80 105 74 72 102 78 119 106 108 107]
[88 116 120 112 121]
[120 89 117 83 65 103 66 89 75 72 72 114 67]
[68 100 103 70 76 106 83 101 89]
[104 112 85 117 95 90 83 109 101 121 81 95]
[112 70 71 104 114 101 101 69]
[87 103 82 120 67 91 93 90 87 98 65 86 87]
[95 122 68 99 78 94 118 109]
[79 74 111 93 97 78 110 118 121 95 74 67]
[79 93 96 73 108 80 75]
[111 118 94 104 120]
[119 76 79 91 71 114 83 113 93 93 111]
[103 80 122 78 90 97 75 69 114 110 116 97 116 91]
[103 99 108 65 109 100 100 81 67 81]
[75 124 105 97 113 122 82]
[83 83 91 76 124 73 99 124 94 107 93 71 71]
[67 87 65 70 82 117]
[67 106 119 118 101 119 65 92 68 104 102 112]
[99 71 116 89 105 82 107 115 74 90]
[107 89 102 68 116]
[83 101 76 123 75 76 65 84]
[91 120 122 102 94 79 82 95 121 118 85 90 91 91]
[111 69 105 98 88 73 122 121 108 93 120 119 106 83]
[119 88 91 77 108 76 79 81 121 124]
[103 92 74 71 66 67 79 89 81 81 68 100 77]
[111 111 119 111 77 70 104 109 95]
[75 76 117 82 81 93]
[83 94 102 69 100 96 104 84 114 87 106 74]
[67 107 77 124 119]
[75 65 71 103 70 90 121 112 87 76 114]
[99 90 68 75 82 112 111 75 102]
[107 109 114 122 93 115 68 95 115 101 88 112 81 83]
[91 113 88 108 111 98 69]
[99 72 74 96 123 109 86 123 80 90 97 93 112]
[123 97 71 67 75 72 68 86 94 84 83]
[71 115 65 106 86 75]
[115 120 99 101 104 118 94 115 68 73]
[123 78 85 80 115]
[98 119 104 96 69 120 103 87 106 118 68]
[98 78 90 83 88 122]
[82 82 65 77 106 106 120 116 80]
[90 100 111 116 118]
[122 65 108 88 69 71 67 98 107 73 118 110 116]
[122 84 101 75 81 82 85 118]
[106 96 76 122 99 65 85 67 81 121 119 91]
[114 107 122 109 110 68 102]
[78 80 119 81 122]
[86 90 105 120 73 102 109 121 113 67]
[70 103 87 114 92 85 110 70 74 84 110 69 85 98]
[78 121 73 93 103 88 67 90 87]
[102 86 70 73 115 110 109]
[110 105 116 112 66 113 74 73 106 81 87 95 91]
[94 109 99 107 84 104]
[102 68 84 86 96 107 92 93 80 70 88 84]
[123 85 119 74 98 101 72 118 67 112 71 105]
[71 104 113 121 109 104 89]
[107 108 88 115 76 96 89 87 100 101 71]
[115 66 74 95 87 99]
[87 92 71 66 91 121 88 70 68 67 113 83 74 90]
[95 110 116 113 102 124 114 89 81]
[71 114 99 100 68 115 114 98 93 116 122 124 106]
[79 73 85 87 79 118 71 110]
[110 98 82 119 83 81]
[110 117 68 98 103 83 78 93 74 121 99 98]
[95 69 110 92 121]
[103 87 96 80 72 78 96 121 107 110 100]
[74 112 93 111 76 100 78 84]
[74 71 79 90 95 103 103 104 67 75 81 76 110 98]
[118 75 113 85 114 86 96]
[66 94 107 124 65 97 121 124 100 124 90 117 81]
[102 75 118 80 78 88 113 93]
[110 85 104 67 89 91 70 105 87 109 75 100 70 105]
[94 97 87 113 116 74 70]
[94 116 73 100 67 77 88 73 120 98 76 81 101]
[66 81 70 72 71 99 70 96 66 92]
[74 100 115 111 90 110]
[110 104 90 106 109 94 95 124 100]
[118 122 84 85 120]
[90 88 73 65 124 119 94 107 119 107 104 74 76]
[97 106 67 104 83 70 119 119]
[74 118 101 98 101 113 112 68 93 95 113]
[82 69 87 77 112 116 77]
[113 102 84 109 116]
[113 113 70 96 75 81 84 70 73 101]
[97 65 113 83 94 73 77 79 86 118 95 93 105 113]
[105 83 98 70 105 76 102 99 99]
[66 93 81 118 107 70 74 124 94]
[74 111 67 105 119]
[118 124 102 91 77 124 91 84]
[66 74 96 78 96 67 117 104 73 92 78 114 120 106]
[90 107 93 110 100 89 98 67 87 78 116 69]
[98 118 78 89 111 92 124]
[82 70 113 84 70 84 116 96 120 75]
[82 89 99 71 89 86]
[114 114 96 103 93 109 123 78 80 101 106 107 95 106]
[122 72 90 82 104 112 80 90 93]
[106 76 124 76 122 95 81 99 113 90 107 88 66]
[106 95 110 115 82 106 106 119]
[78 120 107 87 86 68]
[86 79 93 74 97 71 105 101 86 87 84]
[70 91 76 69 123]
[70 102 121 108 74 117 123 122 119 84]
[114 109 116 88 88]
[122 119 110 67 99 73 76 114 117 116]
[106 71 84 121 65 116 76 122 77 73 111 116 107 77]
[114 90 70 101 77 67 101 82 91]
[78 115 67 80 80 89 83]
[86 74 113 119 92 92 100 65 110 79 88 90 114]
[70 78 96 114 118 76]
[70 97 81 93 69 78 118 85 84 67 89 70]
[102 122 79 65 73 109 108 116 90]
[110 80 124 112 92]
[94 92 107 98 111 95 66 77]
[94 103 93 86 122 98 83 96 76 82 79 109 82 85]
[66 76 90 117 66 120 73 119 90 76 117 123]
[74 87 76 96 85 71 90]
[118 99 110 91 103 115 90 88 116 65]
[118 117 104 78 115 117]
[87 67 79 66 117 112]
[87 85 65 105 68 122 105 85 78 110 100 92]
[71 98 107 99 87]
[79 108 93 87 98 109 122 113 111 99 101]
[102 81 90 118 110 71 112 76]
[110 92 76 97 121 74 69 96 70 65 83 123 72 77]
[95 104 119 92 79 65 70]
[102 123 104 71 98 68 87 117 104 122 91 112 103]
[66 88 101 103 102 91 69 79 110 108 69]
[74 106 87 90 113 94]
[118 111 122 84 72 85 86 108 84]
[66 69 116 124 91]
[90 94 113 95 95 110 94 91 103 70 120 97 78]
[98 113 99 82 106 113 119 110]
[82 65 73 69 65 104 111 119 77 119 121 85]
[90 76 119 116 84 107 76]
[66 116 78 72 97 98 68 99 123 104 105 69 99]
[66 75 124 111 108 101 86 111]
[110 79 98 105 67 84 86 120 96 93 114]
[118 98 92 85 86 95 103]
[90 123 89 116 90]
[89 81 75 103 101 120 110 122 69 90]
[74 94 110 90 120 104 111 71 89 107 96 80 68 92]
[82 112 96 77 79 107 68 91 103]
[105 77 93 109 83 77 110]
[113 96 86 88 94 80 75 66 70 105 74 114]
[97 100 121 82 112 123]
[105 119 107 70 71 66 93 94 103 101 82]
[69 84 104 101 75 89 75 117 110]
[77 102 90 80 86]
[121 107 72 75 113 83 92 85]
[69 65 118 114 124 86 118 105 96 116 65 73 103 92]
[90 83 101 110 118 80 89 71 83 90 108 102 117 85]
[98 101 87 89 78 91 115 82 97]
[74 105 121 83 96 74 107 91 117 87 108 83 89]
[82 124 107 123 107 77 72 111]
[114 89 104 94 119 99]
[122 108 98 81 70 102 79 94 89 84 86]
[98 120 73 76 89]
[106 70 118 115 100 97 97 114 123 73]
[78 95 116 87 112 119 79 85]
[86 114 101 74 123 122 96 97 90 99 76 95 93 85]
[122 66 84 120 81 113 97]
[70 85 70 108 93 116 122 65 116 96 77 76 124]
[102 110 67 79 105 79 104 88 70 82]
[102 69 113 118 116 81]
[86 73 95 113 74 65 121 117 104]
[94 91 81 92 85]
[69 72 92 108 107 66 70 97 82 116]
[77 91 78 95 118 69]
[121 95 120 89 76 113 88 65 116]
[121 113 106 69 88]
[93 79 103 100 99 86 95 100 83 70 99 93]
[101 97 89 87 111 89 120 120]
[77 101 124 74 69 72 113 69 108 67 107]
[85 120 118 121 80 75 78]
[117 85 115 93 92]
[65 104 100 72 103 108 77 123 89 124]
[101 116 75 66 122 92 78 80 109 81 90 112 96]
[109 74 121 106 73 95 103 92 123]
[81 99 118 85 85 117 85]
[89 118 112 124 96 68 102 74 82 79 67 86]
[65 122 86 119 114 111]
[73 81 72 98 74 114 120 103 115 75 76]
[93 90 115 86 68 108 99 68 102 110 111]
[101 109 101 73 79 111 117]
[85 121 83 67 106 102 117 89 76 99]
[93 80 69 107 117 105]
[117 105 66 78 121 68 124 71 95 124 93 66 86 100]
[65 123 112 65 80 71 81 91 117]
[109 67 87 112 98 122 82 100 69 113 102 107]
[117 86 73 99 109 65 99 120]
[81 111 70 71 113 87]
[89 70 123 110 72 90 106 94 109 118 79]
[73 74 98 104 91]
[73 93 84 84 102 84 124 123 83 107]
[105 118 81 123 106 107 114 86]
[113 76 67 102 65 110 71 106 102 73 121 119 121]
[97 88 109 97 84 93 71]
[97 107 95 76 95 104 89 74 76 122 70 100]
[72 80 106 92 108 95 81 95]
[80 98 100 79 67 98 98 114 122 107 115 83 82]
[124 111 75 65 86 81 98]
[72 121 120 113 97 92 123 75 96 96 124 124]
[96 94 117 84 101 114 105 98 102 90]
[104 105 103 123 120]
[88 117 86 118 79 100 123 66 76]
[96 76 72 97 90 103 80 86 89 110 106 102 110 68]
