]rpdv
]HbOEOo{]r
MUHJ_GhHqO[cw
U_BqkJETB
uD{\n`o
uOmGFcLCVLDH
e[SBXR
mnEic]^_wAM
QKBMgtLvA
Q]x|zveNN[oo{d
Ab_oQf]V
ItPb\ivbpOw\^
aQNE`KdyBIa
id{lsNv
YpjgIyvZ\z
a{\ZU|
uPKNWv
AcyubEPWqlP
mg_pu
myYcLsbsWi
QVVFPNPN
YiHm[YabjF{jT
AujhmHb
ID\SDKsBPwH^
ieYsHaiYVq
qpSfSd
Y|vaf\zvw
aRgLy
EkekAuE\ODdO
EBV^LxWp
qFEQgoWyptm
yYsDrrh
`FBTCi`ecfUo
hXp{Nlyy
X\^va[rFHZ^
XoPatfO
xLMDx|yp[tLRlk
D_{sGCN|iX
pcifZoOIAiT{O
pu[Ymy`]N
TRXyqTV
\eJd|WgKjnr`
Dqm_Z
LHgReIy`Gcz
ladqignCU
ttU\tjDObAhKSs
\xxWSZDW
dNjB^]UkHqqtr
y`Yz`WAHwXXUE
DjKelbR\H
qvu`BQSe]UaA
yMgKMTdq
TfdjYj
\yV]duk_ARB
LAxXwdlhUcOhbd
TTrCFgA|cG
lmocRBkW
tCaV]EHkv`tNh
dOHIox|
dZvx{{ZC\]Av
H{s[KUGbjO
PJlFV
|VSAhOYvO
|hEh{RrN\lkYIl
dMXxMIjcvq
l`JkX
\llejw|C[
dC^QvFQWhRey]s
{\[pE]GnwDOK
GnUcQ`X
ssxVcOYFT|W
{IiInZ
WbfizpXqoZyjL{
_uXTIsqIAz
OyGN\biRUOF_l
WPuvoeGeb
oiras|
w{cLBKNLvLkD
gKRGT
g^Dnhy_i[It
HggbbsCFNk[
HzaUuB
tBGOLmUbp`
|UuwW
`nrZ[J\QGzImY
`DdMnMu]T
PQR|DEnfiwRY
XcDoOHKy
x|ASS
xSozfaJhUtw
hW^tyXJqiIHDvs
pjP`H[dIwi
TGMKTrR`
TYzr_tckNFefI
D^amrl
Lp[XAotLpwnR
o]fhNel
wpX[ahJtbh_B]
_tFMtX
gJtACc[U|]hj
Kcq`GyIlNW
KvcKZ
wFJFmk[L
CQCmxvtX|tVUzF
cr|YHQboGfHc
cAnDSSs
SMUzeCsOhcI
[_GfpF
{xDI|\{z{trNaF
{OzxKgPRM
kS`k^VPZaq{wD
sfR^iYaf
KwARkSMDa
SNoEw^^WncYcpz
CRUsMN_
CeOg`PxtTWbPS
cBLJdgfObRT
kTzqoj
[XalNaxkHF
[kR_Y
{HOC]zCR[`BIv
G[IjhATf
sgldFuTnAUKq
sy^PRwf
WW[oV
_aMbiUmiaZp
Gmw]{Lmzukv\WF
ODiHJOBIGO
{CdpXSzisPzecf
GV][kVOADw
sZDVAMPJYLGQF
slrAMPa^f
WIohPg
_\aSdjhDyJls
OhONv
OsAuEdza_zu
oXzYIzgxe
wclL\AEPrX[^Jf
_oZ{omy
gELnzwVlXUcJi
K^IQJRDGfGU
SqwxUU
wu^sgDVcCD
CLXfs
X]{Zu
`plEDLl`Yix
Pt[|Wweie{J{Y^
XKMojzBArf
pdJRnUlX
xvxyy`IdRDg`_
hzftOO
pQX_bRZDsupM
LjUCfhH[yo
TAGrq
DMimPbZw_
LWcX[esOlGfl|^
dy`w_|afrAPz
kGRjjCr
\Su]IvsGXrY
\ffPTy
CSz`ap|gJcI^
K]kKlrY
wjRFCjRGlXJ
C|LmVm
[YIPZGYrCrtAwm
clwCeJrJP
Sp]rDujSef|i[
[GOeODH^
s`LIS[
{rFp^^OMQlfO
kBhkx
sMZ^GX`jkaf
OnWAKnNE
WyIh^q_XJzTv_u
GItcq``
O\fN|cqmlo]bB
ceUJBe]J_]DCP
kxFqNhv^
SHil`XogDRMl
[R[Wk[L
{sXvw
{BRiF|KieOr
kNtdYkKryawWmm
safOdn]BJL
WzcopHR
WPUb{Sdl^^`xt
GUCUQC
OgqHeFuMC[ie
oDngh\kdQM
oW`Rt
_cOMJVAD
gnAt]YRPDiWPTm
NZLHkPJm]
Vmywv
zqhrLJ\E
FHZ]XMuYPOQhi|
faW|cccpVIwv
ntIooft
VDsbEVtPxz
^VeUXa
Bobu\w|{WXmaP|
BFT`gzQKd
nJw[ziQSyMnMw
v]pFQtbg
ZvmmUN
ZL_X`QjV]JW
JQFSr
RctzJD{rCG
fucnDFgPriG
nKTaWI
_OC\jtydW
^bqGu
B{nfyQDSkwy[e
JR`YP\Ug
vVFLbKUoPtzH
vh|{mNg
ZFy_y
bXkJHhnjyr
RdRE[_fsIGpoFu
RwClfbCJ^
rT|Wrxm
zgvBA{JurDYTT
jk]yTs
jAOd_u\NWAZA
QjbtllT
YATgCoevJfKl
JEvZVf
RXhMaiwVc[T
iqelmDmmq
qG_Wx
aKEROrBN
a^syZATadqBDIH
EwpefWBxjcp
MNbPqZ[
yZQKGISYP`
ydBrRT
]J{U^kZ|cz^ylO
eTmHintSp
U`\w|]l\Ioge
UsNjK`Ip
r|q^MZiM
rSkQYeFYV`MR{|
b_QDsT{
jrCsBWXvxUNz^
NO|VFnFQJO
NanAQx
zf\xlhWmc
FxNkw
^UKO{E_\C^ksF
fhyvRHxg
Vlhqd{ppdRs
^CY\pBM
v\V{s
BnHnK\MsIX
nzki]SM{]ibKbH
vQeThV^Sj
fP_|vZZs[MnSnh
f[QgM]sCh
Vg|b_TkLtJo|R
^zmMkWI_
vWktnn
Bi\`FpHNaGX
nmCZX
vDyEckYkFx
R]veoEOF
ZphXzH`QZVOLVg
J|NKQ{a
RK|z\Brn{SOuu
jly]hYhIEE
rvsIs\
bFYCIKzeg
jYKrU
BbvfW
JuhQbSLb|o
nEOLuBLkMDrid`
vXH{LM]CZ
ZqF^PcS
bGsJ[femuA[Ok
JLZDuV
R^LkDYvF[r\x
rwIOHodea
rNCBS
bReyniBy
jeWdylSQTERZKh
NBTGAFAhZ{xq
NTFwTQZ
zapigASH{p
Fsb\rD
iXmlCvdqnaq
qkgWNyu
YwNRiquQSV
aE|yts
Efy\xNAtgo`kGw
MqjOGQRLt
qAYBbHRTLli`
yTKqmKch
]mHUqa
eCv|HdjOmiR
MHdwZ
UZVje_|kR^
usSMiujF
uJEt|xGZnx|dj
eVhoSg|
maaZ^rYwSmIQ
FrHV`lyTF[ln\
NIvAloV`
zMexB^VhhPu
F_WcMah
^yTFY
fOEvdGokLM
V[ppwrgta^cEyo
Vfb[NuDKn
vK_{ROn
BVQn]ZKnEdLg
nbsaoI
ntmTGL]OgXU
QQjsJcKfu
Yd\_V
JhBYh]]F
I{pD{`nZhgCz`o
mhGTMWfnE
uzuGXZCFRXpjUO
eB\BjQCO
mUViBTUZtMyVt
InKLEjCyzGc
QED{Qm\
AIgncdTR_x
I[Yavg
auVEzB[A{UYO[
iKHlIEuTL
YWrg\pm]`Jbx
YjdRo{Ji
xGaysU
DZSdBXIXEOC
q^B_\GJ`YaP[xO
qpoJhR[tfD
QF^zbLGRYg
QPPmuO
A]shL{Xn{
IoeSW
iLbrc``URueJ
i_[encqi
YcBXDRqqtrn
avpKOUF
ySmk[
Ee_VfvMt`o
qqMQyfN|mD\]Q
y|{xHi_Lz
UYxcTCU
]ljN_FfwYBFC
MxYIry
UOJpA|xW{zN
xoUDVsp
xFGsavMDeds[
hRrft
pedYCp_`K`|
TBaxOJMwY
TTScZM^GfriFr_
DYu^mE^O
LkoIxHocLornU
lHlqH^ezRa\
l[^\Sa
\_DWePw[s^
drrBp
|Ooa|rBIKwJgx
HaiTKtSUX
tmPG^dT^llST
|DAvqoer
TMljkiQO
\`^]wlbcz^u|K
LdEPU[b
Lw{C`^tw_SBq
lTxbd|jZmM
tgjMw
\sPHNo{oK
dIBwYqPFXimT_W
Hb{[]Lz]f[Wb
PuuFpWXq
ty[AFFPzLX_
|PMhRIi
`iJKU_Wi_rMMNW
h{xzibptlU
PDgu{ZiAEfVun
XVX`J]FUR
IU[LXauuBSZBz
QhMsklSMP
AtonA[SU\Hck
AKaYL^da
ad^DXt
ivXldwkPHED
Q{{fvodY]VRV[w
YQmQEqAljB
xjjqQLkG
DA[d\OH[A[wwa
iEJWoFA
qXxJzIZpcPDd
TquiJ_HSiB
TGgUU
DTUOgZYgO
L^GBs\k{\_nOBB
apjru
iFd]DYpl\m
YJJX_IhupB^Xp
a]xKjTEDB
yvujnjo
EMgVymDo]{Gz
qYVPW\
qkGwbg^PBpP
UHE[fBLgI
][rNyE]zVNq]tw
M_aIPp^G
MrSp[soSwJzIW
mOPS_MerAxd
ubBGrXv
efduIGvJcu
ex^hTJ
LeixaADrU^]
Tx[clL
D|B^KwUSwS
LRwIV
dlthZU\BNmLZR
lBf\mWmM\
\NMNDOnVpjUO
dY{AORCj
|zxaS
HIqLfkJYTgz
tUXGxbKaixKmoJ
tgJvGe\uv\
XDGYK|RP
`WuE^Cc\UuhSv
P[c{qn
PnUf|yuxwrq|
lCDbBsaVjYX]
lNrMNvrj
\ZXH`errOMa
dmJospG
HJGRwJyacgNHeB
H\AFFMNmpK
t`d|YyOuH\WpH
|sVgl|`MV
`PSKp^N
`cDz{agxiatV
PoomQ
Xza`eSyXNVA
p_^Chjgo]
xiPkttD{jpkuLJ
huzeRdxH
pLlP]gV\Gdsik
Wuw`k]Npi
WCiSv`_HvV\XaQ
GPXFLX_
ObIu_Zpd[JeED
o{FXcqf{aDW
oRtLot
_VczEkx\Gu
giUmX
KFRQ\HwBbSEzg
KXDxgKTV
w\fsFCU_|HNg
Co`^QFf
cL]IU
c_Oq`_mahMs
SkqkzNejA^xIHY
[BcVJYCvNB
pKRJLScSAd
x^DyW
hjotjE|pc
ht`_uPQGpEgfVI
LY]BEg{^v{Qu
TdOrPjY
DprdbYQ{[oZ
DGlWm\
d`iwyzXboM|_yQ
krZbHAquHm
TwA][mjBTBHL]
\MoHfoGVb
{florJ
Gyf[AUFyAGnn
kILUT
sTz|gGXYbxv
[AQPtz
cSCCCAiEMagJ
SWfrV
SjWeawzbn^h
sGUHmQhy
{ZNpxTFQNxUpA`
kfqjOKz
kxcUZNWeol^]`
OU`AfeEHugH
WhRhqh
Gl|cG_W\[
GCnNZ
f\km^x^KnuzVH
no]ai{o_
VsKS|kphTj{C
^IyFSuE
s[`vMpm
{mZiarJea[akN
kqA\sb
sHnOBm[EGPj`
OaknFGI\MJ
Wt]ZY
GxLTlu[x
OOzGwxlH|gYBkY
ghwg{[b_NYKQ
oziRR]s
_JWMdMt|oUK
g]ItpP
CvFW{f{jGouwRX
KMtKKqPBT
wQZE]`QKhdBdy
wcTlhcbW
JEUpve
RXG[EphdF{bg
vdiUW
Bwc|kczEhpb
bT`hnyp\
jfRSzHEp{NPQOw
RjtNPsE
ZAfucvWHaKYzn
zZcYgQM_oy
Fm]LrS
jqDzQK^{L
rGqm\
VanQ`d]jhSusU
Vs`xkgvB
FCOsI^wKMHv`
NVAfUaL
c_lZW[t
kr]Eb^IH[v\Td
[BD{uV
[MrnDX[d|jeA
{foRPoI{F
Gxiy[
sIOtmab[
s[A_xltguyS`Eo
WtzCHFbB{sEv
_KlrTI{
OO[lfus_ahF
ObLWqx
o{IwAZzM|EpYho
vQwjL]WYM
gUf]_LPjbBxEK
ghXPrOiv
NUc`CFaVLgipHB
VgUKNQrbY
FlCEa|skn\jeh
NBqllCHB
f[nPxY
nn`CG\OmZaS
^zFrZ
fQ|eeVaFtV
BjyIqmOe
J|kp|phpSpIilB
vERjRg`
vWC]ejyQueJVO
ZpAAiDgh{_
bGvhtG
RK]cK{yH`
R^ON^
nozJX
nFlql{SEnE
^JZkBjLNFVlJrw
f\LVMuebS
JuIvQOS
JLwidRlPg\VlE
vP]dwA
BcWOFLBeLPVY
Z|ToJcl|Z
bSFb]
R_iToUA\
ZqZG{XRpM_MCYB
rNXgKvHKSYs
zaQRVyZ
jetMhhZguN
rxftsk
YeqHEbcT_{l
YokwXm|
I{Qqj\uhEp
QRC\v_
qk||yv|W`MZT]
qBnoQyYkm
aF\bcpRsFBcA
iXNUnskK
MqKtzM
MHy`IPjnfGL
yThZ\
E_ZEgJ{NLx
]DWmsaqe
eOHXBdGy_VwED
U[kST[G
]mez`^XZEKDv
qwLnbXDstmgO
yMzam[UC
iYh[DJVKYjo
idZFWUg
MIWf[
UTIYfnnNFg
y`sLD^nWZx^bSJ
Ese{OiDbg
ePb_SCv
mbTJ_FKQ{vGH
UfwDyq
]ypsHt\n`rP
AVnWLOJIf
Ii_B_
muFyrIde
uCtdALuyYEz[vJ
\lKsNBmQz
dCygYMB]KjkKkf
UO_YtyCn
TZYLC|TymgssN
tsVlGVJTsY]
|IHWRY[
lVkRmP\qYV
lh\yxS
PEYd|ic`loTlq
XXSPSltky
|\vJedt|Rd]Y
HohqpgJL
hLeUt
p^VHKDQwzaz
XbEw^wQCJsKDRf
`usjizbW`^
uJb]ktNpSE
A]TQww
mavCMf`Il
uthrX
QQeVdL_tLS`g
Yc_AoOxK
IpExFzyTmHi
QzskYAN
i_pN]_xCDbNRHf
qjbvhbUORM
avQp{RM_f^Wzg
iMC[RTfks
Ef|{VkT
MxmnavnZS\|`
yA\ise
ySNTJhCvlPI
iRH|Xt
qevgcwPfjyN
aieau
i|WLMibGOn
EYTtPDP^
MkF_\OiqcKx|[
yxpZnza
ENbEEAzRHHEi
]g_eIWhiNv
ezQXTb
UBsJoRzIp
UUmyz
unj]BkElOQab
AD\HMnVD
mHCCgeWLqEj
m[prshh
Ml_fubT
MCQQDeeIBsHC
yG|KW\
EZnzb_CfdhQ
esk^nvmAj
eJ]Iy
UVCDOpB]
]`ykZsSq]B{NPq
AEvOfMILcpm
APhBrPZ
m\NxH{[`Hm
uo|cSJ
QLyG_aZOdC\Gsy
Y^svjdscq
IcZiAStlA|ep
QuK\TVIC
tb_laUAXpeU_T
tuPWlWRlA
dysQCGRtUb^T
lOexNJlD
Phb\Z
P{\OekkoB_{
|CBBxZkxNpLsiQ
HVpqO]|O[T
homUStrf
hF_|^wHzwmqXw
XRMvpnH
`d{iGqYS\jzE
DAxMKKGjb\
DTjtV
pXYoiEaJH
xkJZ|Hr^UyilXY
QtnVv
YKgANEoGUC
IWNw`yoXjTXuB
Ij|bk{Ecw
iGyFoVo
qYkuFYLRNYB[
a]YpYH
apK[dS]opNJ
EMH{hiKJB
M`vn{leUOhlFFQ
qdd`Q\]f
yvVS]gvrq\une
\TSsiAdMwV_
dfE^tDA
LrhYJovi\K
TIaDUr
xjmTciKUGyX
D|^Gvt
pMMALc]rhm
pW{hX
TxxLc|\aHKFCh
\Gj{oKulU
LSPnEwuui|Ol
LfJaPzJM
lCGE\
tUulgWRxNEt
dY[fzNJDbVFOI`
dlMQIQcPov
GIJyUgQ
O\Dd`jj{GScpP
thg_rb
|sYJBe|[hHle
THHzD_`u[kSz
\[umObyL
L_\gjYrUAg[
TqVRu\O
lNSryryx\EIe{Y
taEeHuVPie
dmgXbdNXvvRQ^
lDYKmoglO
H]VkqJ
PgPVIMg[bsos
|trP[
HJdCfGDoHpx
`cacj]nRN
hvSNA`C^[Ne^b`
XzBITPDg
XQpp_RUzABnJE
Gy{DlIMS
GPtswTfgopWvwh
sT[eVC_
{gMXaFxGUe_bZ
WDJxe]f^[WQ
_Wxcxh
Ocf^OWws|S
WmXIZ
oRUq^pBaTm|[A
w]G\qsTu
girVGjTBubIH
o|cARme
KY`aV
SkRTiKlxb_n
CpuG|BmEnpso^o
KFovKEBY{\
_XVjM{jrvB
gbG]Y
OnrOku|ST
WEdBBxY^a_bHl`
w^abFSGAoQLV
wqSMQUX
guAHdEXVUNU
oKowwP
Sel[{f_EhgvASh
Sw^FJiqXuK
CGE|\XqaN\Cis
KRzgp[Fu[
kswKtz
kBizCAM\nYhO
[NPu]
c`B`ho_xTVq
T`DLv
\rrsEBlpQvv
DvYmWmlyfLGI`L
LMRYkpAHss
lfODnSkg
lyAkzUIsJQdkf
\IdfXE
dSVQcHZTlFmX
GlSqg^Hkr|
GCMdr
tOoVQXZKX
{baJ\[s_eTcBGK
_{^i`ravsNMQ
_RPTs|z
OVzOIlrNXCV
WhlBUo
lz[rWip
tHM]blMSfqpn
dTpWu
dgaKDf^hKey
HD^jP|LKR
PWXU[CfV_CgPyL
|[{Pmw^_
|nmwxywsD|oE\
`Kj[HTeNJnY
h]\NSW
PiJHfNwjlk
Xtxpy
xYuSAgBYKHHrC
DdgFLjSeY
hpUu_ZSmeyQ_
pFGhreeE
WgRxC[]ZWbAVW
_zDcN^vm
OJo]aNnvy_JC
O]`IlPK
ov^hx
wLO[GrSq]]o
gPzNZaKErntat[
gclAmddQCQ
K|iaqzR
SS[L|Ic|^k]GG
CWAFRu
CjwvewA\Dhfp
cGtYiRksJZ
kYfDt
SeL{KLAT
[xzf^OR_yvUZ[[
oEibXIzyl]xwjS
wX[MlLOQy|
g\JGBCOYQQDdM
oowoMFhm_
KLuRQ]
S^fEd`hTrWjJ
CkM|w
KAGgFZypWLr
cZDKRpoKf
kmrz]sD_seXpQS
[qXlobE
cHJ`{mV{PZa]p
{aGCKHDV^TS
GsAjVK
sxcehv^sDI
{NUPs
bwh`ExgWjvD
bNZSXz
RRAMjjxtP
Zdotv
zAlXEGCbkIvnt
zTeKQRUv
j`LzcAUCQyw[
rkzmnDf
NPwQz
VZixIfmyqC
FgWr\UnFJTnEUb
NyI]gXCZW
fVFIsnm
nitpBqJIjQW_[
^mckTh
fDTV`k\]PFXT
{UwJbeHvCpGi
GhqymhY
klXsL`YWdeG
sBJ_Wc
W\GB[yXFDCqSJZ
_ntqf|rYQ
GrcdDsrb]tz|j
OIUWOvGn
nbRwSQ
nuDbgSN]Jycb
_En\y
gW`PHN`yknd
Jp]oLdNT
JGOZ_gghCKQLnb
vKqUrV`
B^k|Aay|d|ZuQ
fKvPNXq]
nUhCY[FiWmKdFi
^aWqtJF
^tIdCMXIxbLQe
BQFHGcF`B\
JdsoZn
nhZjm^_|d
vzTUx
ZXIA|w^kwkhJL
ajChSFww
JvebeqpD]_q
REWMptM
qfTmt
qqF`KQTFIe
aAqS^IMOVv_]iq
iSbFiLfcc
B]QvkFJ|^
JoCiw
v|f[M|[T
BJ`N`CuhI\Nrxj
Zk]ndYbCWNtE
bvNYo\|
RFqTFTt`xK
RYcGYV
rr`g]m{NPejk_j
zHZRhpPZ]
jL|Lz_QcqZkXB
j_nsRjjw
NxkWVD
VO]JaGieVWT
F[LE{
FfylJu{zwT
rmtXX
zwnCcILrut
jGTyAtLzMIotkM
rZFeMCeR[
NsCPPYS
VJqw\\dAnOXZr
FN`rvL
FaQ]ENvUTCYF
fzOAImltZ
nP|p\
^\kbo_BM
^g]VzbS`LROmRU
BLZuBxIwZLu{
JWL`UGZ
vcn[gsZXtA
vuhNsu
WCOBup
WUAiDziUNnd\
GbkcW
Ol]Wbmzqoce
fQZvnGpL
n\LayJE`FAS{HM
_hw\OAF
f{hGbDWuhz[pg
BXegf[EOnlE
JjWZq^
vozTHUVlT
BEt|[
Z^q__n^[gFxaN
bqcRjqwn
RAIEAhowMwyU
ZLwtTkL
BtNHabDc{hiEc
BK|oleVo
nObiCTVx`]r
vb\UV_g
Z{YtZ
YQKgexnzEZ
J^nZxhoGYk`PD\
Rp`MOkD[g
iM]mSMn
q`VX^PKBFiJr
adyRp{
iwkFGB]^geR
ETheKYKun
MfZPV
ykHKqS\U
EAvr|Vvi`tAIg\
ZSenvPYGSZlfuU
beWYN[sRa
JiyS`Jk[uWlSY
R|k{kMHo
rYh^wc
zlbQFfO^YTV
bxILY
jFvsdaar{I
N_tWpwOU
VreJ{z`aZcL_]U
zBTxQqa
FUFl]tzAt`ML|
fnCOiOhXFR
fEqvtQ
VI_qJAyuh
^[Q\U
EH\lkBFaRt
M[N_vE
y_xYLqXAt
yqjEX
]OgdcV_dSFc]
eaYWoYxx
Me|JEHqElCk
UxvyPKN
uUs]\
AhdHglM{Y|
etKBz\NPmQZp`
mJyjI_g\{
QcvUUuU
Yvp|`DfJROCV
AzVwro
IQHbJrxgsKL
]ZsVDlcDfno
emeIOou
UySCjfuYLc
]PEkui
uiBNyD|G_|]BVd
A{pAPGQ[u
mCWpbzRdEqfk
uVIcmAcx
QoFGqW
YF{nHZj^mvO
IJbh[
I]TTfT|{Sk
ivQ{jkrV
qLCfAnGjfIywy
aXmaT]G
ak_L_hYJLzFd
HPj\l_Q_
PbdOCbbrzksSR
|oKAVQb
Hyxqa\{K``||
`^uTeribfZ
hig{x
XuVvOd{BL
`LHaZgPVYnjfnD
