1.7051747
1.7051747
1.1352131
1.4204191
1.5537556
1.5537556
1.3690026
1.3690026
1.4204191
1.4204191
1.1352131
1.1352131
1.3690026
1.5537556
1.7051747
1.3690026
1.3690026
1.3690026
1.7051747
1.7051747
1.1352131
1.1352131
1.5537556
1.5537556
1.7051747
1.3690026
1.4204191
1.7051747
1.5537556
1.1352131
1.3690026
1.5537556
1.5537556
1.1352131
1.3690026
1.5537556
1.4204191
1.7051747
1.1352131
1.4204191
1.5537556
1.5537556
1.7051747
1.3690026
1.4204191
1.4204191
1.1352131
1.1352131
1.1352131
1.4204191
1.5537556
1.1352131
1.3690026
1.3690026
1.4204191
1.7051747
1.1352131
1.1352131
1.5537556
1.5537556
1.7051747
1.7051747
1.4204191
1.4204191
1.7051747
1.7051747
1.4204191
1.4204191
1.5537556
1.5537556
1.3690026
1.3690026
1.4204191
1.7051747
1.1352131
1.4204191
1.3690026
1.5537556
1.7051747
1.3690026
1.3690026
1.3690026
1.7051747
1.7051747
1.1352131
1.4204191
1.5537556
1.1352131
1.7051747
1.3690026
1.4204191
1.7051747
1.1352131
1.1352131
1.3690026
1.5537556
1.5537556
1.1352131
1.3690026
1.5537556
1.7051747
1.7051747
1.1352131
1.4204191
1.5537556
1.5537556
1.3690026
1.3690026
1.4204191
1.4204191
1.1352131
1.1352131
1.4204191
1.4204191
1.5537556
1.1352131
1.3690026
1.3690026
1.7051747
1.7051747
1.1352131
1.1352131
1.5537556
1.5537556
1.7051747
1.3690026
1.4204191
1.7051747
1.4204191
1.7051747
1.1352131
1.4204191
1.3690026
1.5537556
1.7051747
1.3690026
1.4204191
1.4204191
1.5537556
1.1352131
1.3690026
1.3690026
1.7051747
1.7051747
1.7051747
1.3690026
1.4204191
1.7051747
1.1352131
1.1352131
1.3690026
1.5537556
1.7051747
1.7051747
1.4204191
1.4204191
1.5537556
1.5537556
1.3690026
1.3690026
1.5537556
1.5537556
1.3690026
1.3690026
1.4204191
1.4204191
1.1352131
1.1352131
1.3690026
1.5537556
1.7051747
1.3690026
1.1352131
1.4204191
1.5537556
1.1352131
1.1352131
1.1352131
1.5537556
1.5537556
1.7051747
1.3690026
1.4204191
1.7051747
1.5537556
1.1352131
1.3690026
1.5537556
1.7051747
1.7051747
1.1352131
1.4204191
1.4204191
1.7051747
1.1352131
1.4204191
1.5537556
1.5537556
1.7051747
1.3690026
