[112 97 105 68 87 77 88 70 70 82 112 67]
[122 67 90 99 65 111 88 80 74 65 80 79]
[71 72 115 75 109 122 120 72 73 67 120 103]
[124 91 118 103 100 107 113 97 122 86 119 98]
[68 98 68 94 106 87 68 119 115 110 102 87]
[114 97 102 114 72 115 111 68 114 78 89 76]
[121 83 117 82 116 97 109 69 101 118 118 84]
[76 68 98 84 116 80 97 123 71 71 79 70]
[110 104 124 112 66 96 118 93 78 124 81 123]
[71 117 115 91 88 80 80 76 117 67 95 115]
[79 115 73 115 73 67 77 121 102 120 75 75]
[96 121 120 124 73 99 74 97 77 107 68 99]
[82 76 123 72 121 69 121 100 85 88 83 110]
[82 69 107 115 120 96 93 108 120 99 66 73]
[83 73 90 124 114 116 85 96 112 79 105 76]
[69 96 88 120 77 111 117 94 89 123 107 108]
[111 115 101 117 74 84 92 79 123 108 73 105]
[115 119 108 106 106 103 109 107 93 82 70 120]
[101 87 77 120 70 95 75 113 80 105 102 81]
[88 114 73 109 88 109 111 92 119 88 99 70]
[122 98 91 102 116 76 100 111 116 80 120 98]
[106 83 110 86 85 84 97 115 68 88 112 107]
[101 81 112 112 93 78 77 82 105 124 122 72]
[97 107 65 112 94 67 96 91 124 69 78 121]
[109 120 81 74 77 114 100 116 97 102 124 75]
[112 69 79 103 95 91 100 104 112 113 69 69]
[85 70 111 103 75 118 108 108 98 108 104 73]
[106 96 91 98 108 116 82 122 105 94 107 78]
[106 72 113 109 83 91 73 114 89 73 109 69]
[101 77 112 109 65 101 89 116 105 104 98 113]
[69 119 73 95 111 91 73 85 108 106 74 99]
[114 120 90 73 100 87 103 70 110 121 86 109]
[72 105 68 69 106 119 112 68 121 92 78 99]
[66 118 68 82 91 74 103 68 68 72 76 67]
[103 85 106 110 71 115 101 124 122 78 84 120]
[110 77 72 89 73 113 75 85 70 76 106 88]
[97 72 90 95 89 80 95 90 106 90 91 79]
[86 100 116 72 80 71 112 107 113 79 112 90]
[104 87 66 98 77 100 74 104 91 96 99 87]
[105 107 91 69 73 122 73 120 90 65 73 69]
[124 116 110 110 80 113 100 74 75 73 70 65]
[72 70 117 74 95 83 90 91 86 96 118 115]
[98 88 86 75 123 72 71 75 101 115 70 82]
[109 94 71 98 68 103 65 101 85 103 89 99]
[92 68 98 78 98 110 78 109 106 110 96 94]
[86 77 79 118 74 95 112 95 86 106 87 79]
[97 97 89 89 100 99 92 73 65 88 114 90]
[69 75 71 87 101 78 89 69 95 68 106 83]
[121 109 124 112 97 85 97 122 82 78 83 95]
[88 65 70 120 91 84 123 82 102 109 96 87]
[115 122 91 119 121 79 97 91 79 83 68 84]
[110 102 86 69 74 92 66 118 91 84 121 90]
[70 118 66 98 98 118 118 119 78 120 96 72]
[88 85 89 121 66 66 77 86 108 113 88 89]
[120 122 104 115 73 103 105 81 96 75 91 123]
[104 79 99 90 103 121 74 119 98 102 70 81]
[88 80 107 76 82 109 115 123 79 108 99 113]
[78 98 69 109 113 123 112 87 86 117 91 91]
[96 107 93 68 67 104 110 96 65 88 90 110]
[123 79 79 124 118 95 74 106 96 87 99 92]
[65 94 107 107 91 66 123 83 75 116 95 85]
[93 79 72 97 77 111 124 66 76 67 65 85]
[67 86 85 69 108 73 68 71 66 87 118 104]
[108 67 101 71 111 117 70 86 67 82 87 71]
[89 67 73 87 106 86 86 111 114 79 119 103]
[115 106 67 122 118 75 98 92 117 81 85 108]
[108 110 118 95 88 88 80 94 93 65 73 76]
[123 87 116 98 90 72 101 104 96 121 79 96]
[98 85 83 89 70 87 91 82 93 102 107 78]
[91 84 100 92 116 117 115 118 88 91 92 115]
[76 112 86 124 83 78 69 102 77 110 103 89]
[122 105 103 113 114 107 79 116 100 82 100 74]
[112 84 113 122 67 94 66 108 75 69 75 104]
[102 74 82 104 95 91 75 67 91 93 84 108]
[84 101 86 121 105 79 88 75 101 117 69 78]
[87 71 65 95 106 76 85 83 109 103 87 101]
[71 119 82 92 75 113 79 73 88 87 89 98]
[98 102 72 86 118 111 76 105 118 106 79 85]
[120 107 81 101 105 96 104 101 74 70 89 105]
[83 120 103 113 88 67 93 88 99 67 107 68]
[116 103 96 87 73 92 81 87 99 120 94 79]
[112 77 94 88 71 94 122 65 122 80 122 94]
[107 107 116 97 69 76 101 123 99 94 77 94]
[104 89 100 113 102 93 85 83 66 104 75 70]
[94 124 76 76 117 124 111 94 100 107 114 78]
[70 89 104 86 123 99 75 106 70 88 110 111]
[81 95 106 79 84 99 75 105 111 93 89 122]
[75 75 110 95 100 124 81 78 114 112 99 104]
[109 97 113 84 80 114 91 84 92 93 80 119]
[122 111 121 76 78 89 105 65 122 85 98 110]
[74 82 67 82 112 117 77 99 117 113 83 88]
[68 113 65 122 117 81 97 87 76 116 102 99]
[106 122 71 109 109 89 69 83 103 76 77 67]
[119 113 81 65 81 101 66 119 97 86 121 82]
[121 91 65 67 92 100 70 91 111 77 111 118]
[89 120 94 84 81 123 113 68 68 97 68 70]
[72 71 103 87 83 75 122 84 95 66 104 116]
[91 67 101 88 108 80 80 82 115 107 100 66]
[80 87 90 108 109 74 96 123 66 97 74 78]
[115 93 109 96 96 91 92 82 99 116 97 101]
[105 93 99 120 121 98 109 79 92 93 91 114]
[69 65 123 88 100 91 71 118 89 96 104 71]
[112 90 66 92 121 121 102 100 118 121 104 87]
[78 99 80 66 68 86 73 114 65 91 70 121]
[124 118 98 101 93 115 69 97 124 120 68 116]
[86 110 82 108 89 83 87 73 100 115 119 101]
[102 78 119 79 103 101 97 81 91 81 113 118]
[89 100 69 95 70 80 105 88 114 102 123 102]
[66 104 68 90 114 109 90 119 96 107 66 69]
[115 66 107 108 85 109 103 98 95 78 108 115]
[117 116 106 85 72 66 103 107 119 86 108 122]
[91 68 87 98 121 86 91 105 106 77 90 102]
[65 84 71 104 71 65 90 72 73 89 110 66]
[100 89 102 86 113 109 83 105 107 76 71 112]
[105 122 78 113 122 66 72 107 93 80 116 100]
[101 90 91 110 68 65 103 100 106 97 85 74]
[89 69 69 102 93 116 109 65 114 92 112 100]
[80 73 112 70 96 120 88 98 77 92 85 122]
[123 80 82 70 83 96 124 91 77 116 109 113]
[118 116 95 71 83 117 111 109 99 119 94 94]
[66 79 96 99 84 102 66 65 110 76 92 70]
[74 112 105 78 112 96 114 95 69 97 66 124]
[107 67 120 91 107 67 114 120 74 111 118 93]
[118 93 117 66 69 66 97 95 98 77 80 78]
[123 65 109 109 122 78 65 110 124 107 99 82]
[95 77 94 90 98 104 73 103 76 116 116 79]
[89 94 91 102 91 71 108 109 86 84 66 112]
[84 86 91 95 72 93 113 115 115 70 74 109]
[102 113 87 106 103 92 115 85 98 117 85 114]
[105 124 76 72 86 120 109 118 67 99 81 84]
[104 92 115 96 88 115 94 73 86 80 66 80]
[115 66 115 98 74 67 114 117 101 79 93 98]
[97 69 92 120 77 104 74 93 79 116 71 81]
[101 122 122 115 93 94 104 103 107 91 101 82]
[110 74 83 111 65 99 95 95 102 121 118 79]
[73 114 123 104 117 101 76 115 105 124 84 91]
[94 87 122 98 91 116 119 114 117 116 115 115]
[91 118 76 70 81 114 80 89 69 65 81 122]
[115 73 107 108 113 120 92 98 121 123 99 68]
[121 81 120 84 112 92 108 97 90 119 73 76]
[80 123 89 93 122 98 92 93 119 89 88 122]
[98 83 70 98 90 110 82 118 68 121 120 105]
[66 71 85 90 74 117 106 74 105 113 106 89]
[116 83 97 89 104 120 109 104 119 109 123 68]
[99 124 116 102 108 117 82 86 112 83 108 93]
[112 105 81 67 107 123 88 92 68 82 83 72]
[65 111 102 66 80 115 74 76 79 102 85 105]
[123 103 119 82 108 110 72 71 104 122 91 75]
[124 82 74 100 103 109 120 112 77 119 113 72]
[79 103 110 107 124 77 71 108 81 100 118 84]
[80 101 83 95 95 91 65 111 102 106 85 101]
[84 80 85 113 115 106 81 65 65 82 90 119]
[84 118 68 107 97 115 120 95 89 76 116 80]
[105 65 69 80 87 78 88 87 77 72 113 90]
[77 113 109 89 108 79 109 69 77 101 78 73]
[114 108 99 82 65 77 99 80 118 110 89 106]
[92 105 74 110 104 70 66 88 90 86 122 66]
[101 102 68 95 106 111 75 109 116 74 83 90]
[67 114 106 115 112 112 112 78 82 99 79 112]
[89 115 121 74 116 97 73 76 91 111 82 117]
[118 78 88 70 67 98 105 102 121 97 91 105]
[96 120 102 111 80 77 107 124 68 89 103 69]
[92 80 79 70 72 75 80 116 96 70 97 81]
[116 110 79 115 73 71 99 108 105 71 97 85]
[117 73 111 73 81 114 87 103 119 96 68 78]
[83 69 98 102 105 100 72 72 86 106 113 113]
[77 107 67 119 116 93 108 104 96 109 96 72]
[101 97 90 89 116 106 82 74 81 121 117 107]
[117 124 117 94 94 77 100 73 94 76 94 109]
[67 103 77 75 116 122 82 117 78 101 70 113]
[65 101 87 76 107 115 68 121 74 76 70 102]
[107 80 104 119 77 124 104 94 119 95 102 112]
[79 75 111 95 124 71 71 79 78 84 95 70]
[106 78 99 97 119 69 112 100 98 103 124 87]
[110 98 88 72 86 86 72 112 73 86 67 107]
[102 95 72 108 80 71 123 69 100 80 112 68]
[86 69 65 73 76 70 71 114 95 90 81 80]
[92 72 108 68 107 116 105 124 103 81 94 70]
[101 87 111 120 82 110 81 65 72 87 80 90]
[69 111 85 69 119 68 117 86 118 111 123 106]
[122 83 111 68 90 73 115 112 84 98 68 117]
[86 71 114 81 67 87 116 79 82 114 93 101]
[80 123 65 93 66 69 105 94 108 81 77 70]
[87 77 85 115 123 122 95 98 90 76 123 94]
[82 89 124 90 73 69 82 75 123 100 87 91]
[111 118 70 70 92 115 86 79 91 69 89 76]
[107 97 108 77 112 124 91 83 117 66 108 69]
[110 113 100 65 78 74 67 80 96 92 111 97]
[108 83 94 80 112 67 84 122 68 90 88 98]
[119 92 73 98 68 94 122 113 109 87 65 114]
[70 118 69 82 115 81 93 69 92 105 80 93]
[68 68 122 109 104 92 122 98 88 88 72 70]
[87 124 117 120 112 66 86 107 90 107 105 119]
[81 119 68 124 110 118 95 79 82 102 85 69]
[88 92 93 108 81 114 108 81 115 72 118 107]
[83 88 77 77 82 106 94 109 109 119 124 103]
[84 110 103 90 90 66 83 117 93 115 120 83]
[91 85 84 75 113 104 80 78 88 112 71 107]
[103 66 106 111 85 84 99 108 95 111 102 108]
[75 106 104 97 97 104 65 81 120 83 121 113]
[72 85 74 101 120 68 119 113 88 66 120 103]
[65 85 71 68 78 115 91 96 106 84 67 84]
[109 121 87 82 83 72 122 76 114 70 75 115]
[66 78 106 122 82 79 97 86 104 88 96 121]
[84 120 83 75 118 111 66 106 109 88 117 77]
[89 93 75 92 95 79 82 121 79 110 119 91]
[87 120 82 102 88 79 102 87 107 90 90 66]
[124 80 107 76 73 89 88 124 73 73 67 112]
[113 89 69 107 74 113 120 72 74 120 106 91]
[65 78 96 80 115 84 108 99 83 81 83 73]
[122 90 104 111 70 89 76 121 102 83 68 77]
[70 102 100 115 85 76 75 70 100 124 75 91]
[119 84 77 97 96 116 85 86 105 119 120 124]
[118 114 72 102 73 88 119 76 66 108 81 84]
[67 68 66 80 105 78 68 79 103 106 101 120]
[124 77 67 93 93 95 97 101 78 75 91 92]
[76 111 114 85 72 97 89 78 117 113 80 80]
[82 119 98 86 96 79 110 84 117 96 85 111]
[94 83 88 113 105 91 77 104 77 111 68 95]
[108 111 111 111 87 78 81 118 66 69 90 94]
[78 107 105 114 107 95 115 90 83 123 115 70]
[84 73 82 85 119 94 100 111 109 98 67 120]
[74 92 66 118 76 98 117 116 71 86 72 97]
[76 85 114 85 102 102 106 102 68 110 80 68]
[73 73 87 70 73 121 95 104 103 87 74 108]
[88 65 87 102 109 87 73 114 83 68 119 98]
[93 87 92 100 92 72 83 96 86 98 95 117]
[102 102 66 69 96 117 70 84 116 100 120 109]
[68 88 90 86 93 81 98 70 118 85 67 91]
[95 79 123 89 92 74 69 105 114 116 105 92]
[114 74 109 81 107 94 123 101 78 92 97 121]
[106 100 100 105 121 120 65 67 78 97 107 68]
[108 110 83 118 101 114 93 122 71 117 65 81]
[87 111 65 91 87 70 112 93 100 76 98 86]
[67 99 124 84 99 104 122 76 73 65 74 66]
[102 101 70 78 113 78 91 113 75 103 84 81]
[95 105 97 69 99 83 90 72 117 105 103 68]
[107 109 105 94 110 70 103 119 74 123 82 116]
[89 82 76 107 105 111 110 77 107 124 99 113]
[92 120 70 96 108 111 111 106 67 116 74 76]
[105 117 67 69 90 104 85 91 93 112 81 84]
[120 90 123 65 106 83 84 118 67 82 116 111]
[105 124 70 88 120 112 105 67 93 101 95 85]
[74 110 92 71 107 109 77 101 119 109 82 119]
[85 87 115 102 122 94 76 88 118 88 92 117]
[93 73 113 122 71 117 74 71 97 93 106 101]
[103 106 78 77 103 104 96 85 70 70 90 101]
[92 69 96 72 67 100 108 96 72 79 95 114]
[99 99 97 120 123 95 100 118 123 88 90 115]
[75 95 88 75 99 69 74 96 90 76 119 99]
[96 93 101 80 92 68 106 107 94 75 116 70]
[119 94 108 109 66 121 70 116 98 98 118 71]
[98 78 109 111 113 113 123 104 97 68 100 103]
[106 93 124 67 111 99 65 112 96 110 109 121]
[117 95 112 81 83 106 109 122 98 90 112 120]
[82 67 84 77 68 92 93 81 94 107 104 66]
[71 114 108 84 96 66 116 98 110 123 122 121]
[93 88 122 123 98 106 120 70 97 120 73 73]
[69 112 116 116 67 107 68 65 90 92 124 66]
[85 99 109 113 84 99 88 115 78 72 71 67]
[111 70 93 104 113 101 68 66 99 117 92 120]
[80 87 95 83 115 113 73 96 77 107 96 113]
[77 87 84 112 117 82 92 82 67 81 119 100]
[67 71 101 97 124 118 122 115 108 79 124 97]
[115 85 70 119 85 124 76 120 75 96 109 90]
[119 119 97 108 73 89 73 94 81 71 66 69]
[115 74 90 91 110 106 65 118 122 83 78 121]
[94 101 121 105 91 85 83 90 95 71 79 121]
[88 77 109 122 113 123 119 71 86 93 81 101]
[111 83 71 82 74 108 69 91 88 122 80 84]
[72 109 68 71 123 95 117 67 113 97 87 98]
[82 88 98 91 95 95 99 90 92 70 124 89]
[66 69 116 103 92 100 79 73 77 104 109 114]
[85 110 92 106 87 108 84 67 85 102 74 87]
[93 112 71 105 72 89 66 89 92 108 70 105]
[69 106 101 114 115 69 110 92 109 96 96 91]
[88 65 74 117 97 97 75 80 112 98 98 97]
[104 124 111 68 103 122 105 108 94 121 116 70]
[93 102 84 87 79 88 111 76 122 107 106 80]
[70 105 105 113 76 85 73 100 117 87 103 65]
[107 67 107 114 72 117 115 81 73 74 110 116]
[71 78 70 82 70 121 86 81 102 92 114 111]
[106 120 88 98 76 74 99 110 89 116 86 104]
[82 109 119 121 110 111 91 93 71 115 66 113]
[79 70 94 110 65 109 119 122 82 91 82 72]
[102 104 112 70 104 98 100 69 117 95 114 83]
[106 116 100 71 76 113 73 91 70 116 99 92]
[102 116 123 65 100 95 120 101 111 112 103 96]
[99 105 111 109 70 88 77 97 76 114 109 103]
[97 121 94 94 77 124 72 84 69 110 82 122]
[70 90 66 112 90 73 96 119 109 71 71 110]
[69 111 80 107 116 68 86 81 65 72 118 124]
[85 73 71 112 74 80 87 108 71 94 114 86]
[75 112 95 89 70 121 72 93 117 98 87 105]
[83 102 67 68 80 95 86 82 97 109 121 102]
[102 80 73 86 110 71 102 75 102 99 110 81]
[70 65 119 85 77 75 94 99 114 77 115 88]
[105 113 68 97 75 77 101 75 91 79 114 82]
[99 106 87 78 98 98 66 108 100 96 71 123]
[83 104 67 69 79 78 85 75 87 93 96 107]
[81 119 94 93 111 96 91 80 98 123 88 104]
[66 74 78 120 76 112 103 104 112 110 109 109]
[111 100 72 115 84 72 97 72 74 107 106 99]
[92 67 116 73 69 118 123 97 121 113 100 110]
[119 90 66 94 107 122 105 115 100 111 87 117]
[93 124 91 66 93 89 65 65 124 119 87 104]
[86 96 121 71 120 110 89 74 99 72 100 93]
[69 112 77 112 117 115 90 106 119 72 102 98]
[88 96 112 69 74 116 113 99 117 118 69 78]
[109 84 118 87 102 68 107 95 123 116 106 106]
[108 124 86 124 111 103 98 99 121 78 122 69]
[110 70 75 80 88 83 122 116 77 75 110 123]
[83 91 115 73 123 123 115 95 124 121 66 84]
[83 85 78 71 91 71 108 120 80 104 82 95]
[120 97 110 120 95 122 77 116 77 67 69 108]
[92 96 86 120 65 99 113 112 114 89 105 72]
[89 91 81 80 113 72 67 104 101 121 65 88]
[93 105 65 99 112 77 119 107 82 107 66 74]
[72 102 112 72 102 114 114 70 113 83 72 67]
[97 68 83 88 96 66 123 103 100 86 118 77]
[70 107 114 106 86 87 87 68 69 99 79 120]
[122 86 90 74 123 86 77 121 79 116 106 72]
[89 84 68 106 68 87 68 82 76 111 111 81]
[116 111 88 98 116 75 80 94 122 121 124 101]
[72 71 83 123 90 111 105 76 91 85 120 72]
[92 87 75 110 111 90 113 99 89 73 109 100]
[86 123 92 84 105 85 119 87 88 85 102 120]
[88 106 106 88 80 102 112 114 80 84 81 92]
[81 100 85 95 80 113 103 119 66 100 72 105]
[109 68 121 115 111 75 92 117 85 77 101 77]
[109 82 82 88 103 122 124 97 68 119 82 81]
[68 122 89 120 76 112 117 87 65 67 89 96]
[97 120 76 67 93 108 120 79 69 88 78 116]
[79 79 109 112 95 100 121 114 113 110 124 111]
[110 91 86 98 101 100 102 65 118 124 101 81]
[107 70 93 110 94 90 108 103 65 107 67 65]
[104 111 75 94 68 75 74 99 124 108 113 111]
[79 79 97 124 98 81 95 124 103 82 104 112]
[113 65 102 97 95 109 77 90 81 76 102 70]
[104 115 101 108 77 119 72 116 65 84 76 112]
[100 92 104 78 117 74 101 119 86 118 72 117]
[119 105 115 99 119 122 80 77 87 87 65 118]
[120 122 93 86 80 66 117 113 114 104 111 122]
[65 78 110 76 90 81 123 121 79 95 70 77]
[102 124 115 87 115 80 79 65 90 73 81 101]
[65 117 84 119 116 80 71 123 110 70 78 116]
[91 123 83 109 92 97 65 69 117 90 117 105]
[92 86 108 106 120 98 82 79 105 122 124 95]
[78 108 97 97 97 89 88 110 84 84 85 122]
[109 117 93 83 114 98 87 74 111 122 111 65]
[87 93 67 102 119 88 103 89 91 87 93 68]
[66 122 118 75 85 122 81 98 68 120 115 93]
[74 74 78 113 70 116 120 65 104 108 113 101]
[75 90 108 103 69 66 65 88 83 73 72 104]
[88 107 88 93 84 75 121 69 121 106 98 116]
[100 88 91 89 97 78 108 77 90 92 73 122]
[112 71 88 72 118 101 99 91 89 78 93 83]
[76 106 113 102 102 100 109 71 108 94 89 97]
[115 65 92 79 94 119 83 102 99 71 89 95]
[89 66 100 121 84 114 94 66 72 90 95 93]
[106 97 116 78 102 74 72 115 105 117 78 101]
[79 87 104 117 74 84 116 85 113 101 96 77]
[110 97 119 117 120 105 83 107 66 99 74 79]
[94 115 102 123 70 96 76 78 87 95 103 105]
[114 115 105 118 108 91 117 91 76 69 111 89]
[90 92 94 81 83 90 104 80 113 115 116 108]
[75 115 96 108 66 90 103 111 100 77 111 111]
[85 104 113 85 102 84 72 107 88 95 67 110]
[106 100 110 66 77 77 106 92 114 91 66 118]
[106 89 90 84 96 90 117 76 123 79 80 101]
[106 117 114 71 117 99 78 87 94 122 73 78]
[118 107 70 93 92 78 102 111 93 123 121 88]
[68 84 102 67 82 95 97 67 103 122 84 70]
[83 106 74 115 105 114 115 121 96 117 93 67]
[95 89 75 123 68 124 97 105 109 115 116 101]
[99 96 75 122 79 123 67 70 89 79 97 81]
[66 65 119 98 81 102 88 74 118 68 101 96]
[77 87 71 73 85 94 94 97 110 115 112 73]
[93 88 66 101 92 89 84 99 68 75 69 83]
[120 96 92 92 124 107 95 76 99 119 97 123]
[88 101 124 78 124 78 84 75 69 87 93 89]
[89 91 110 92 71 100 94 91 89 85 109 74]
[124 77 95 72 120 76 80 101 67 111 87 97]
[74 110 82 72 93 113 102 102 73 100 79 66]
[101 91 114 69 123 88 100 108 103 123 121 107]
[77 71 111 109 71 66 121 91 68 112 107 74]
[112 102 73 117 77 106 100 102 65 103 104 69]
[86 90 92 110 71 72 108 115 107 110 124 101]
[116 70 94 87 96 99 115 99 120 117 112 99]
[69 74 69 103 116 74 112 89 111 99 109 66]
[109 120 121 81 77 106 99 102 81 120 104 90]
[110 120 95 70 84 119 83 86 101 113 116 101]
[116 69 113 117 79 97 96 120 96 74 102 116]
[66 80 119 118 87 66 123 73 107 102 76 103]
[116 75 82 74 108 93 98 78 123 104 117 113]
[112 67 121 122 66 70 78 117 90 108 84 77]
[71 75 96 95 73 124 79 110 78 67 81 106]
[81 124 84 73 74 117 105 123 124 108 122 101]
[115 92 66 118 96 115 118 88 92 90 122 99]
[98 65 110 105 114 69 116 106 112 68 107 99]
[100 82 117 105 84 83 77 119 110 72 110 83]
[68 108 78 79 107 109 105 106 78 68 75 100]
[111 114 112 91 75 65 123 66 93 112 106 115]
[120 89 99 100 80 89 111 113 88 89 70 84]
[88 67 117 92 87 84 108 101 113 119 77 90]
[103 77 84 112 88 82 114 80 100 99 73 122]
[106 103 86 70 122 78 98 109 82 107 67 119]
[117 65 78 66 114 97 124 66 74 118 100 115]
[99 110 105 109 106 77 116 102 112 67 84 109]
[121 115 72 117 91 91 74 97 101 113 108 82]
[108 112 71 96 122 107 119 111 110 95 78 79]
[76 102 109 80 99 103 85 91 98 83 113 111]
[123 65 103 114 119 85 88 104 96 82 104 94]
[102 97 104 113 101 84 73 89 118 115 93 68]
[89 114 87 104 96 114 94 70 115 90 92 105]
[115 117 116 109 75 92 106 74 71 112 124 75]
[96 91 76 69 71 109 116 90 111 114 114 115]
[98 98 123 77 77 75 110 105 104 70 71 121]
[105 87 113 77 110 74 117 98 102 105 123 115]
[84 74 112 82 90 99 66 72 107 86 72 87]
[74 106 74 92 91 67 114 80 121 92 99 99]
[119 87 85 75 103 81 73 114 96 91 121 105]
[78 75 87 77 100 73 78 116 97 114 73 108]
[104 72 116 76 97 104 122 75 122 78 103 115]
[90 83 66 120 69 120 72 81 72 74 77 76]
[103 100 101 118 76 98 72 68 65 71 119 95]
[124 72 84 109 115 120 123 120 102 91 95 115]
[66 94 121 102 99 79 106 114 79 67 88 120]
[82 110 69 90 105 69 111 80 119 102 80 78]
[99 94 79 81 115 104 77 105 117 123 107 95]
[107 111 101 124 98 81 119 71 93 75 67 84]
[78 100 76 74 89 89 116 71 122 118 113 116]
[121 85 110 67 123 86 115 79 107 112 123 85]
[95 107 74 123 80 114 85 65 85 98 79 78]
[84 82 86 92 121 71 68 67 73 124 105 105]
[70 114 120 95 114 101 115 67 68 93 81 91]
[87 70 98 121 92 83 81 111 91 76 103 107]
[92 81 104 112 122 69 68 74 116 90 106 111]
[84 68 124 107 103 104 77 98 112 73 84 99]
[102 113 72 66 113 103 123 76 116 68 84 115]
[84 84 99 116 121 110 80 115 65 82 97 69]
[69 110 99 72 112 109 93 94 72 117 94 92]
[87 73 98 103 112 78 112 124 81 97 67 90]
[90 91 111 80 66 120 92 104 88 89 110 84]
[80 74 79 67 78 92 68 65 80 105 99 80]
[75 67 95 85 78 106 106 116 70 83 99 107]
[65 86 95 70 88 79 74 70 74 122 117 101]
[109 117 69 103 67 81 100 115 116 112 92 103]
[122 90 112 93 111 107 88 89 100 92 113 112]
[90 87 110 113 116 120 77 66 91 122 83 72]
[65 91 67 111 103 114 120 88 82 97 82 104]
[81 72 89 67 95 68 114 87 67 81 122 86]
[70 117 109 84 91 72 83 69 65 86 73 84]
[65 93 88 119 93 101 76 78 119 90 94 88]
[69 121 79 110 65 85 80 66 80 119 95 73]
[106 101 107 107 72 115 100 98 79 100 84 102]
[106 120 94 115 119 105 77 111 71 113 78 82]
[110 100 111 118 101 76 95 93 77 124 70 76]
[104 107 102 89 124 101 117 71 69 72 102 78]
[79 69 114 72 109 123 77 77 87 86 106 81]
[112 110 121 78 110 76 106 107 104 89 89 99]
[76 66 74 72 96 121 99 106 79 103 77 124]
[79 92 107 77 94 75 94 70 71 69 87 80]
[90 67 87 75 114 90 69 82 118 81 120 70]
[87 108 122 67 88 75 95 78 117 82 113 124]
[95 92 79 90 115 81 79 89 97 123 82 65]
[97 108 99 84 68 69 78 111 120 69 76 70]
[113 77 73 73 93 83 88 65 81 106 91 123]
[87 65 65 79 78 113 94 94 79 123 84 123]
[111 112 89 90 97 106 95 100 85 108 66 118]
[117 108 66 106 81 86 96 105 88 96 123 74]
[107 65 71 102 119 88 67 96 81 80 116 108]
[101 82 122 89 70 97 113 69 112 114 87 71]
[108 115 70 92 77 80 91 102 95 104 78 69]
[124 83 84 70 71 82 91 70 122 102 115 90]
[76 69 106 92 94 118 83 100 84 106 98 87]
[116 79 110 80 72 94 76 121 70 85 105 124]
[95 90 113 84 75 77 79 108 104 67 123 71]
[101 92 93 69 94 102 85 90 122 112 87 113]
[124 117 91 95 86 83 119 83 102 121 68 105]
[83 74 75 122 96 68 102 93 85 105 68 92]
[121 123 68 104 90 105 118 122 75 86 92 109]
[123 120 89 94 75 118 119 116 94 66 99 77]
[97 75 124 110 98 106 87 70 117 92 78 74]
[97 104 114 86 119 91 121 100 112 68 70 67]
[105 107 74 81 95 74 109 84 120 92 74 96]
[120 116 109 75 77 80 92 103 102 120 110 82]
[122 86 101 82 123 106 68 118 85 102 101 78]
[104 83 89 98 103 95 103 107 79 109 83 113]
[84 88 106 100 118 74 103 119 73 102 117 116]
[90 85 95 105 90 80 105 104 85 119 73 67]
[68 68 102 65 114 79 65 124 120 115 104 65]
[87 75 106 79 87 84 91 83 89 82 108 74]
[68 82 67 92 67 116 110 105 101 92 108 90]
[70 88 117 108 87 121 96 85 100 82 124 117]
[74 87 95 96 83 89 117 92 107 109 74 120]
[92 100 92 93 124 71 102 66 92 74 70 119]
[72 109 91 104 75 83 91 76 76 92 85 78]
[66 107 119 105 114 115 85 103 107 95 91 112]
[104 73 91 94 113 117 95 85 94 76 74 86]
[111 82 88 100 103 95 118 106 96 96 85 74]
[117 111 75 116 97 97 112 115 69 78 94 88]
[81 79 72 73 110 101 84 98 66 88 107 90]
[67 97 96 93 71 97 119 75 102 77 83 88]
[113 98 79 99 101 81 72 108 110 81 113 94]
[106 78 70 114 70 72 67 114 97 71 94 96]
[83 74 99 121 93 110 123 84 102 68 74 95]
[75 121 97 84 75 121 94 68 96 100 80 76]
[116 102 85 117 117 112 84 79 81 85 78 96]
[112 72 88 97 65 91 100 115 70 81 119 102]
[97 98 96 93 99 69 114 101 80 71 93 82]
[119 117 93 79 118 66 73 103 123 112 93 113]
[113 102 71 84 93 106 117 65 121 109 103 99]
[76 95 96 108 65 104 112 108 95 104 123 78]
[94 89 116 90 90 114 97 70 74 103 112 112]
[75 97 104 86 110 73 86 123 102 112 97 113]
[93 118 102 124 81 123 98 112 87 75 124 113]
[73 111 109 80 88 120 69 102 91 69 110 110]
[88 112 71 123 115 95 124 80 107 95 117 76]
[94 115 114 117 122 100 114 86 103 81 70 105]
[120 82 98 121 75 115 122 110 101 65 77 101]
[121 116 109 123 106 112 65 91 110 114 92 115]
[105 81 73 120 122 116 110 79 92 113 119 86]
[92 98 70 68 76 75 103 79 92 92 117 100]
[119 104 118 106 86 78 69 103 108 112 85 101]
[71 96 123 70 82 88 87 117 76 91 102 76]
[84 120 85 113 114 68 89 71 120 100 102 86]
[102 90 110 84 121 103 89 68 112 84 73 113]
[120 103 106 89 102 86 82 102 105 109 69 113]
[111 78 104 79 82 77 77 96 94 70 114 114]
[103 74 122 120 111 93 100 83 84 99 118 111]
[67 113 119 98 88 124 88 71 113 95 112 123]
[88 99 112 111 80 79 108 93 105 89 82 104]
[89 80 102 111 111 93 90 70 109 114 107 123]
[84 101 120 111 124 81 121 102 101 87 101 76]
[96 101 71 100 65 83 79 93 80 114 110 93]
[67 78 108 103 76 80 74 94 78 99 92 71]
[74 73 93 102 108 86 107 91 110 98 93 98]
[121 89 79 97 105 85 122 78 88 87 92 74]
[104 88 92 98 72 99 108 108 73 104 107 75]
[85 106 120 124 111 97 104 98 120 122 106 101]
[66 120 66 111 105 68 105 82 68 75 96 69]
[77 66 109 68 98 122 92 121 99 102 122 109]
[114 80 81 117 73 106 109 107 90 111 87 98]
[99 66 83 83 89 112 75 116 81 92 97 66]
[108 84 100 77 78 82 65 105 96 113 119 101]
[109 81 120 91 66 101 106 93 109 71 101 101]
[80 121 105 91 99 79 124 67 113 79 65 113]
[80 97 96 66 109 79 83 106 76 69 67 119]
[118 102 75 111 68 88 72 90 122 67 114 92]
[108 116 112 115 71 70 70 96 107 118 124 75]
[123 109 123 76 101 122 97 114 102 117 84 115]
[118 100 66 97 107 104 113 124 102 102 103 67]
[88 71 72 107 67 74 100 113 120 100 93 74]
[83 77 113 87 88 121 105 94 67 110 85 114]
[74 70 65 80 90 79 68 109 113 102 108 97]
[76 115 124 102 89 67 86 78 79 79 109 119]
[81 111 67 104 70 86 91 71 65 74 115 83]
[86 105 106 86 103 71 70 94 120 91 73 118]
[114 65 65 86 110 91 77 105 72 106 69 124]
[97 99 84 99 114 88 118 87 117 80 114 89]
[81 88 106 86 123 120 119 74 79 79 94 106]
[122 116 97 103 66 75 94 107 70 77 106 110]
[91 102 79 68 87 105 115 67 108 90 82 111]
[115 121 88 105 76 112 115 117 117 73 97 91]
[84 92 115 103 110 115 91 68 104 91 93 105]
[122 70 80 101 67 67 66 116 99 119 81 79]
[93 85 74 118 111 92 67 85 85 105 81 94]
[70 123 85 69 112 94 120 116 72 76 96 76]
[103 107 98 77 93 109 124 96 82 69 119 78]
[102 83 84 76 90 113 75 122 124 115 79 90]
[111 121 86 67 112 97 111 111 109 84 102 118]
[103 93 110 122 123 100 108 113 108 102 110 113]
[69 99 74 66 82 112 80 106 122 122 121 77]
[102 94 115 111 112 65 108 90 124 102 119 110]
[71 83 118 80 88 73 74 81 87 124 70 103]
[77 119 83 77 83 123 76 91 122 73 68 82]
[65 65 116 91 115 78 112 120 82 85 89 115]
[118 68 81 84 67 77 71 118 103 116 90 121]
[98 79 84 121 112 106 100 113 102 76 93 71]
[81 114 78 106 111 68 66 107 66 110 71 89]
[90 100 73 103 110 97 85 68 124 92 73 73]
[106 82 96 80 115 93 79 120 124 67 92 71]
[106 103 121 124 65 111 79 79 77 106 104 67]
[99 93 114 100 73 113 109 78 91 81 82 87]
[83 68 108 66 80 112 100 69 77 98 72 121]
[70 83 107 73 113 94 104 122 80 72 83 90]
[79 74 89 109 115 82 120 82 80 71 115 65]
[76 81 82 71 73 76 67 84 65 122 81 82]
[106 103 83 95 75 105 89 72 71 89 78 85]
[78 95 94 104 122 87 77 109 87 74 105 93]
[106 107 84 85 103 117 117 83 81 72 71 87]
[89 99 118 70 69 114 116 83 74 118 81 116]
[89 78 87 104 108 121 101 69 99 118 80 90]
[124 110 101 100 73 77 96 68 85 92 119 71]
[97 108 91 108 95 69 70 83 72 107 101 92]
[119 66 79 124 96 112 91 113 89 95 74 113]
[97 122 72 119 78 72 82 94 65 94 66 124]
[77 76 121 71 105 89 117 117 99 115 89 82]
[73 118 113 94 120 120 75 91 76 69 96 83]
[111 86 70 69 101 78 87 72 77 96 65 78]
[97 117 107 75 118 77 102 106 99 122 120 124]
[89 65 105 83 91 92 92 88 113 71 104 107]
[71 119 118 89 78 66 112 113 100 116 123 102]
[111 79 119 95 85 108 80 79 100 114 110 108]
[65 74 93 103 75 73 98 122 114 84 78 101]
[67 124 100 110 116 86 90 74 88 82 66 104]
[65 73 110 95 90 111 82 122 70 123 85 83]
[93 103 93 121 66 123 92 103 68 93 65 79]
[98 90 65 73 117 72 97 79 118 93 73 78]
[93 98 124 84 82 67 105 94 111 110 105 119]
[96 80 93 73 115 69 66 114 80 99 93 77]
[111 85 115 92 95 86 103 70 76 105 78 111]
[120 82 90 107 89 105 85 75 94 108 116 94]
[82 102 107 116 81 97 94 86 81 71 122 79]
[117 74 101 103 68 80 66 86 117 96 116 99]
[113 69 98 122 79 106 80 79 84 79 101 72]
[71 124 99 69 83 112 97 92 92 71 87 96]
[72 114 110 100 70 121 118 82 96 77 121 110]
[123 84 85 98 91 84 93 99 100 74 82 81]
[109 66 88 80 81 89 86 75 111 105 101 105]
[117 94 81 81 100 75 67 107 91 70 83 82]
[87 95 113 97 95 86 122 84 89 101 69 86]
[103 108 116 82 70 102 83 110 119 85 87 83]
[100 89 90 74 104 87 109 106 118 93 80 70]
[108 106 92 86 86 119 117 104 79 86 79 111]
[68 121 80 112 75 86 82 117 88 70 88 89]
[68 84 121 111 91 115 110 71 105 121 88 87]
[115 72 73 90 92 81 103 97 106 76 110 94]
[114 120 103 77 74 101 116 89 122 86 67 104]
[98 76 73 115 85 101 124 106 99 123 69 92]
[92 73 73 65 68 96 103 98 92 70 68 71]
[110 93 76 117 79 109 80 75 78 85 77 69]
[121 95 99 99 93 92 98 122 104 108 97 74]
[71 91 88 84 99 91 103 89 75 120 86 81]
[114 82 86 120 100 74 87 106 104 115 110 114]
[106 112 111 86 75 104 68 86 89 119 92 116]
[123 97 122 95 81 97 80 120 71 73 81 102]
[117 120 71 124 107 66 118 69 68 91 68 75]
[104 77 98 103 90 89 80 92 114 88 73 71]
[66 103 72 68 68 103 103 98 82 110 124 78]
[74 122 68 65 109 86 83 104 82 95 109 75]
[120 102 117 91 81 97 94 65 100 123 112 72]
[82 65 84 69 106 111 94 65 116 76 112 110]
[94 110 85 121 68 96 118 113 108 114 117 87]
[66 93 112 69 118 81 94 121 107 111 67 87]
[88 113 115 106 112 81 97 100 115 116 96 69]
[109 67 75 114 78 101 93 88 78 108 93 76]
[103 79 92 94 95 116 83 89 94 99 69 114]
[67 117 111 106 89 110 112 124 70 115 113 94]
[96 124 70 106 95 77 111 99 71 105 93 87]
[66 111 71 70 120 110 101 65 65 112 117 121]
[109 92 124 119 67 65 70 103 103 113 73 83]
[73 88 106 68 76 121 107 118 96 70 95 110]
[88 71 93 113 114 75 107 82 105 120 113 114]
[102 92 101 67 119 90 123 89 112 105 112 106]
[121 104 98 124 92 72 107 123 105 70 108 105]
[92 77 98 104 100 121 69 111 96 99 83 120]
[108 75 123 111 94 83 94 108 104 100 79 90]
[121 113 78 87 107 108 103 81 105 106 100 65]
[72 82 109 97 105 99 109 114 83 82 116 105]
[115 93 103 113 103 76 88 116 74 74 107 84]
[85 85 103 101 111 106 81 103 122 66 94 110]
[116 102 92 79 118 117 79 106 93 112 95 100]
[67 114 103 76 104 97 119 119 120 70 104 104]
[75 75 76 85 106 81 72 111 110 119 72 83]
[121 118 75 104 118 106 105 101 70 122 88 105]
[117 89 94 90 107 97 95 73 93 105 75 114]
[105 107 81 94 95 72 104 111 72 119 91 109]
[118 103 124 98 70 88 106 103 107 68 71 122]
[100 102 86 109 89 77 107 66 113 103 114 68]
[116 123 124 115 119 71 70 108 111 90 71 73]
[73 119 67 104 122 82 86 76 121 101 98 83]
[100 67 89 124 103 103 66 66 75 106 93 93]
[66 74 101 121 112 105 94 80 85 122 83 98]
[81 105 88 88 85 104 84 68 74 117 118 87]
[107 85 98 98 110 92 77 69 71 96 70 87]
[107 88 101 79 69 109 111 83 97 67 67 104]
[78 124 96 80 70 92 119 120 111 89 79 96]
[98 98 110 102 121 123 118 93 95 91 76 120]
[120 91 109 95 94 69 73 73 123 73 95 101]
[98 108 72 93 86 120 108 93 65 72 105 79]
[84 79 96 71 86 107 70 115 67 79 116 107]
[75 99 90 66 101 68 71 102 110 66 122 106]
[119 113 118 67 110 68 106 117 72 113 101 124]
[112 94 112 68 88 113 83 78 96 85 75 76]
[78 80 104 72 68 91 70 115 99 84 107 118]
[67 69 84 104 108 106 84 65 90 97 75 104]
[71 112 85 100 98 71 107 74 90 101 114 110]
[124 86 93 119 84 121 80 105 71 114 94 119]
[91 82 117 118 82 119 109 86 112 83 83 83]
[75 85 77 115 120 65 116 88 87 83 108 111]
[116 122 80 88 65 98 88 77 117 94 76 84]
[118 117 112 124 123 89 108 65 68 117 104 91]
[75 70 81 93 110 116 120 89 119 120 102 118]
[95 79 118 102 119 72 123 120 119 77 118 94]
[113 106 83 123 86 114 121 77 111 121 70 68]
[89 119 99 124 85 69 94 116 72 82 83 95]
[103 66 67 74 77 87 96 123 85 93 72 124]
[116 71 122 115 106 96 71 111 116 122 90 87]
[101 80 83 91 124 120 87 105 82 102 122 65]
[70 100 118 110 79 107 113 66 122 82 100 69]
[85 92 101 84 72 66 69 69 109 76 119 115]
[84 84 119 71 71 71 121 114 108 65 91 82]
[75 106 116 105 84 84 115 84 96 74 73 94]
[67 65 118 100 66 113 73 85 81 82 106 67]
[101 66 67 117 87 78 92 97 95 90 91 73]
[115 103 79 77 113 95 104 87 86 122 77 114]
[114 74 79 67 90 121 100 99 79 122 68 66]
[81 83 123 90 83 117 85 89 103 85 107 65]
[92 115 116 81 75 72 72 94 117 72 112 77]
[107 86 104 114 111 84 99 80 97 85 96 101]
[121 112 93 115 91 108 110 95 112 111 82 103]
[81 114 81 94 81 73 79 121 111 99 77 73]
[93 84 119 108 109 106 90 78 80 68 71 120]
[122 72 76 82 76 83 81 121 73 105 108 78]
[117 77 65 65 68 120 109 88 85 86 101 74]
[79 123 84 116 114 98 123 124 76 101 84 122]
[76 79 96 78 87 119 73 111 69 87 94 83]
[101 80 104 86 124 96 110 117 82 76 83 85]
[75 65 78 71 90 92 109 117 75 71 94 122]
[90 70 122 101 102 94 122 70 120 97 73 124]
[122 97 66 68 74 98 75 121 119 84 124 83]
[98 109 83 92 92 116 95 103 72 68 80 85]
[115 74 73 68 86 69 101 69 122 113 71 112]
[80 119 119 92 98 73 103 73 110 68 66 69]
[123 97 77 82 110 97 123 118 70 112 113 74]
[116 101 110 81 93 80 75 111 115 121 70 83]
[118 111 88 121 105 99 124 120 92 77 117 103]
[84 90 67 76 79 108 87 80 92 67 73 69]
[118 103 66 107 66 74 90 78 121 74 72 65]
[68 105 91 117 79 95 91 98 74 109 68 115]
[95 122 117 89 118 69 80 100 79 107 84 100]
[104 79 122 84 71 83 65 74 101 120 75 120]
[69 108 83 108 103 119 110 75 109 121 111 79]
[89 85 82 70 66 83 86 83 75 91 121 70]
[75 76 86 90 115 91 83 92 124 107 86 99]
[119 99 85 112 110 106 97 84 70 91 118 85]
[84 86 90 107 81 69 92 65 95 72 89 97]
[121 100 94 94 94 121 100 114 85 112 99 122]
[108 72 88 120 95 107 82 122 111 105 91 123]
[94 121 84 81 90 79 99 118 95 94 69 87]
[65 99 94 90 102 98 115 65 74 105 122 84]
[78 71 75 103 94 111 70 113 119 77 97 77]
[86 89 99 82 118 99 114 71 89 91 107 118]
[105 115 107 97 116 116 72 97 112 71 123 121]
[118 87 70 101 99 100 111 108 88 90 73 107]
[106 65 68 68 88 77 117 114 100 121 113 75]
[83 79 89 81 73 72 84 121 84 66 102 66]
[114 80 114 109 100 96 106 100 65 70 95 94]
[107 96 74 76 87 120 122 89 101 98 114 85]
[78 106 102 115 90 103 104 89 112 119 79 88]
[83 86 84 99 124 88 70 77 111 68 73 83]
[66 121 107 94 70 69 117 104 69 100 87 100]
[120 104 77 98 108 106 90 78 119 122 122 90]
[81 89 108 72 87 121 107 83 111 75 66 68]
[101 97 93 91 113 120 87 71 106 81 123 92]
[71 116 111 86 75 120 67 76 90 83 65 112]
[87 123 98 83 86 121 102 99 73 116 82 105]
[77 93 75 116 108 66 82 68 118 92 91 107]
[70 94 97 96 124 83 72 88 91 83 122 77]
[104 93 85 124 113 93 118 101 96 82 98 87]
[96 112 89 105 78 76 77 89 80 81 92 66]
[98 65 84 107 66 95 87 67 83 100 84 115]
[85 107 105 103 69 72 91 93 107 89 80 71]
[110 122 82 96 102 76 73 94 123 86 102 100]
[72 122 121 124 108 90 123 104 94 88 92 88]
[102 71 123 71 90 110 118 85 88 80 86 84]
[119 79 103 74 120 111 101 90 72 102 111 85]
[71 109 101 85 109 107 122 89 116 88 122 96]
[83 113 93 91 76 112 79 115 103 117 73 78]
[65 122 70 102 67 112 115 104 101 111 105 114]
[95 93 68 119 114 69 79 114 68 92 110 121]
[99 114 113 90 97 74 68 121 120 124 73 72]
[95 89 115 106 90 110 76 71 120 116 77 67]
[95 100 103 115 99 80 85 122 79 121 106 73]
[86 77 79 67 115 117 112 68 86 73 70 119]
[117 80 117 104 98 72 107 98 97 90 116 74]
[80 107 68 93 68 97 111 120 110 98 67 79]
[72 118 82 115 122 66 104 119 74 124 69 86]
[104 117 92 120 87 104 123 77 96 65 85 89]
[81 66 72 89 65 123 87 67 119 117 108 87]
[86 117 66 74 114 96 86 75 71 113 118 67]
[103 103 85 85 111 116 76 88 109 113 65 91]
[113 98 82 108 89 119 80 83 106 91 87 98]
[78 110 66 105 121 100 122 85 89 112 95 118]
[108 121 76 117 95 69 80 80 81 124 101 99]
[119 100 111 108 107 69 82 74 79 106 113 77]
[123 65 107 83 78 120 109 75 122 75 90 97]
[95 108 104 75 99 89 123 110 123 109 77 70]
[87 76 86 98 97 79 101 104 83 105 86 84]
[109 76 103 113 117 110 83 72 111 105 117 80]
[65 108 76 96 104 118 98 111 94 71 117 116]
[94 75 76 68 69 104 67 105 71 111 88 111]
[104 116 122 77 78 107 66 80 123 96 80 110]
[114 70 90 95 73 90 95 81 106 113 106 96]
[74 65 108 101 73 88 106 97 116 84 65 76]
[102 86 113 92 103 108 114 123 86 112 105 122]
[86 75 115 110 110 116 100 100 114 116 66 66]
[117 115 107 104 106 104 90 109 72 68 124 107]
[106 80 67 65 101 67 120 68 74 113 96 120]
[124 83 102 87 118 76 123 66 87 114 99 119]
[113 107 69 122 73 83 78 114 85 67 95 104]
[108 83 96 71 78 72 77 105 69 95 96 102]
[73 98 99 91 93 75 74 116 104 116 71 108]
[105 75 74 100 69 70 90 76 71 119 72 117]
[98 65 116 119 123 66 111 73 124 95 124 103]
[81 96 96 75 81 72 78 72 87 65 77 73]
[122 113 75 84 92 80 102 93 74 92 112 88]
[71 68 72 114 65 112 83 93 70 85 111 124]
[122 84 72 88 114 83 102 103 75 68 100 94]
[121 73 118 67 122 107 124 77 110 71 75 112]
[102 102 105 100 70 69 67 88 65 87 101 77]
[79 107 113 70 80 96 81 124 69 105 76 97]
[94 122 123 101 119 101 112 71 75 70 76 81]
[87 70 105 83 101 80 76 78 103 103 120 111]
[121 123 71 79 100 89 69 124 113 80 72 86]
[107 83 79 84 104 122 101 84 124 88 95 124]
[116 102 117 79 121 111 83 86 65 95 80 68]
[66 68 74 101 86 86 116 109 66 76 82 104]
[112 117 123 123 72 123 85 113 97 118 114 115]
[104 82 81 65 84 119 101 99 120 70 116 97]
[122 88 71 82 76 93 114 107 114 79 121 123]
[92 66 83 122 119 92 102 112 94 78 123 106]
[105 89 81 110 111 74 121 98 90 113 104 69]
[109 120 120 103 77 103 94 68 92 87 68 95]
[95 104 118 110 72 123 112 116 124 106 72 65]
[81 91 122 76 77 89 105 103 69 74 88 124]
[99 74 109 111 124 81 66 90 116 102 67 85]
[113 71 102 110 93 69 93 78 86 123 103 79]
[120 90 88 110 93 67 90 108 102 110 112 68]
[68 97 85 121 115 114 120 107 79 68 66 111]
[72 100 81 66 84 105 93 76 70 66 86 106]
[80 66 119 83 109 103 119 111 101 83 66 98]
[73 84 123 114 82 107 79 113 76 80 65 83]
[90 116 80 78 96 70 94 73 112 82 77 75]
[79 94 79 88 69 113 74 100 84 75 74 111]
[81 65 66 121 84 108 78 86 110 82 77 81]
[79 80 84 82 96 111 65 68 117 85 124 75]
[104 100 78 87 112 98 109 119 81 118 124 89]
[95 65 94 117 75 91 108 82 77 71 82 71]
[84 79 101 106 114 89 93 117 114 85 91 90]
[113 85 80 87 102 80 83 83 93 66 108 67]
[112 105 70 122 107 96 84 102 100 66 79 108]
[117 79 116 108 66 106 75 108 86 107 80 67]
[104 83 84 77 93 91 97 65 89 114 82 107]
[89 80 98 70 70 117 68 76 90 88 115 122]
[87 105 73 87 85 75 102 91 74 89 96 90]
[122 98 107 72 111 71 102 91 67 76 106 119]
[76 92 113 105 99 89 67 82 71 81 76 66]
[111 83 99 88 74 119 114 113 93 84 76 96]
[71 98 111 66 67 90 102 68 123 73 89 118]
[75 75 94 107 78 103 101 82 82 110 116 111]
[95 123 117 105 65 119 74 124 112 102 102 118]
[97 117 77 102 89 90 97 118 75 124 119 120]
[72 108 84 108 67 66 100 76 72 94 114 104]
[71 112 89 105 88 96 111 93 112 78 78 82]
[70 123 95 77 99 87 79 114 92 80 85 67]
[84 116 66 108 118 109 87 73 94 94 81 86]
[66 92 124 77 79 116 70 91 108 109 81 67]
[111 86 105 114 76 83 89 81 121 118 92 119]
[124 80 83 123 116 118 66 79 113 118 112 119]
[90 70 92 66 105 89 92 71 76 69 100 103]
[122 106 82 91 105 68 120 75 80 103 66 115]
[68 68 69 88 102 124 104 93 84 86 78 73]
[79 100 106 91 102 72 89 97 82 96 103 84]
[85 88 73 90 79 115 65 85 96 93 68 82]
[94 120 94 114 73 114 74 107 98 124 97 99]
[79 106 66 122 80 96 68 121 115 85 98 96]
[107 121 85 65 73 76 85 91 116 95 90 66]
[115 100 97 80 123 122 99 76 104 67 79 115]
[104 84 75 104 78 94 67 99 92 97 97 98]
[119 109 99 103 97 92 89 71 102 104 105 103]
[107 106 82 94 110 89 92 98 73 102 116 95]
[115 105 121 99 102 120 79 103 83 89 95 85]
[99 66 120 111 85 124 90 74 101 81 84 68]
[109 92 89 82 116 115 82 108 117 86 102 87]
[100 112 67 79 69 101 117 85 93 99 123 100]
[67 97 95 115 80 94 114 102 122 104 99 92]
[93 121 103 88 88 111 104 65 67 104 93 80]
[98 66 76 71 72 85 89 90 116 103 102 73]
[93 74 108 95 121 112 114 90 102 120 87 120]
[120 103 87 67 85 73 66 91 99 98 115 96]
[101 90 69 111 79 95 108 88 72 81 104 76]
[88 70 121 92 74 91 80 105 99 94 75 98]
[71 117 95 69 72 115 100 97 91 104 104 104]
[105 85 109 71 103 86 82 73 92 108 116 87]
[90 94 76 108 91 123 68 101 78 93 112 86]
[90 95 117 75 117 117 73 92 103 89 108 76]
[76 87 90 71 98 73 94 79 80 81 116 90]
[69 72 89 66 117 68 111 82 93 93 89 103]
[98 82 108 81 93 99 115 88 96 122 93 118]
[99 107 107 86 112 70 77 66 67 98 101 110]
[108 96 95 110 97 123 115 118 68 124 99 114]
[98 75 122 66 100 73 121 99 67 108 92 109]
[118 99 118 96 92 91 71 97 69 122 81 91]
[85 84 104 75 103 94 99 76 97 122 111 106]
[87 69 103 66 105 110 68 101 82 91 88 67]
[104 114 114 70 69 86 80 68 115 122 118 77]
[80 108 120 117 67 87 113 76 83 93 85 105]
[68 97 85 111 116 101 95 99 114 89 123 94]
[124 82 113 111 76 118 94 114 65 76 70 117]
[108 82 116 90 73 107 122 96 80 117 97 106]
[81 65 124 116 119 118 70 96 71 66 118 79]
[118 69 66 65 92 75 118 73 107 79 107 122]
[91 93 118 105 82 115 105 84 122 111 116 95]
[78 72 90 117 87 94 117 112 81 81 83 101]
[92 119 103 94 107 100 105 72 86 70 114 85]
[90 90 112 121 108 82 116 111 96 70 97 87]
[81 67 123 72 123 109 120 87 119 78 87 80]
[100 75 104 91 94 115 124 65 67 105 113 71]
[116 104 86 76 94 114 123 121 69 122 86 70]
[98 114 99 73 91 87 105 113 103 107 112 66]
[124 83 86 106 82 71 115 119 89 65 108 124]
[74 74 76 118 86 112 78 67 114 85 101 120]
[116 86 84 68 108 90 113 66 113 98 117 89]
[121 107 108 105 70 111 80 110 95 101 67 124]
[115 109 65 114 92 123 115 123 76 115 122 77]
[100 80 120 69 96 92 112 121 105 104 83 79]
[82 105 103 73 96 103 117 72 124 66 115 118]
[123 95 101 117 113 79 77 104 68 123 122 69]
[107 68 78 112 112 93 114 71 92 112 109 90]
[101 87 114 108 110 98 108 87 119 116 70 80]
[80 83 90 97 65 73 84 75 80 73 106 117]
[99 93 108 122 112 81 80 97 68 97 123 122]
[99 93 69 111 78 68 68 115 84 65 105 79]
[73 100 75 111 71 94 92 74 106 121 87 71]
[114 118 98 90 102 92 69 110 109 92 107 117]
[79 108 68 86 80 119 94 69 79 66 101 105]
[65 75 85 85 105 109 83 67 107 93 84 93]
[105 99 81 90 71 94 122 71 88 78 79 108]
[109 84 80 106 76 118 110 65 69 116 75 95]
[100 111 99 93 85 118 72 102 77 77 71 69]
[103 103 69 107 120 70 91 68 120 105 120 85]
[118 66 77 98 108 100 111 78 76 93 101 102]
[122 124 94 83 108 101 73 99 111 72 99 69]
[123 114 66 67 82 67 75 113 74 112 91 81]
[86 97 97 73 74 104 105 117 85 83 97 109]
[75 85 74 72 89 81 88 76 95 69 121 73]
[112 108 106 78 68 83 86 117 111 103 84 87]
[100 85 100 91 65 90 69 88 67 118 121 94]
[105 120 113 71 123 71 78 111 94 65 76 118]
[95 113 106 91 113 66 72 72 104 109 69 116]
[107 71 66 122 93 115 76 83 115 108 105 110]
[81 124 92 118 92 123 122 77 65 78 110 93]
[97 82 81 74 118 124 123 122 123 117 122 87]
[89 71 118 100 100 104 117 79 70 115 86 113]
[108 110 111 72 87 119 106 117 70 105 68 116]
[65 117 65 115 115 120 71 86 118 119 75 93]
[99 91 115 101 66 105 98 93 74 121 75 77]
[97 101 72 84 120 76 111 93 87 99 121 83]
[121 90 112 116 83 120 113 81 105 68 70 76]
[87 88 124 78 96 84 94 122 119 69 106 78]
[70 121 88 74 70 77 87 73 105 85 106 102]
[95 106 102 93 69 118 85 76 124 67 111 118]
[114 119 123 97 116 82 79 104 74 87 94 109]
[82 96 121 82 71 65 102 105 83 82 95 80]
[66 71 103 93 76 67 80 111 106 124 124 117]
[83 103 87 74 83 113 68 110 87 94 84 112]
[94 102 86 122 106 97 118 102 112 88 66 72]
[106 70 87 114 86 85 65 72 121 105 66 91]
[93 67 121 75 92 100 106 84 121 84 87 77]
[65 67 121 100 115 68 79 74 115 73 99 84]
[116 69 81 80 88 113 91 68 85 103 78 95]
[111 112 123 88 109 108 98 108 92 97 87 72]
[83 108 109 118 71 81 98 87 71 113 70 115]
[79 65 113 104 83 117 90 110 102 109 90 77]
[104 102 122 70 109 84 83 79 81 79 95 74]
[122 78 95 118 66 74 98 68 110 91 83 92]
[67 76 95 79 75 90 114 96 107 119 91 95]
[111 73 86 101 66 94 114 83 96 105 71 93]
[103 88 67 109 80 116 84 122 79 118 113 101]
[118 80 100 91 116 93 108 68 86 68 119 119]
[112 77 111 85 98 72 84 71 117 94 66 88]
[102 80 99 113 113 107 114 109 110 89 76 101]
[85 74 78 93 88 106 114 95 65 74 94 116]
[118 116 123 67 73 71 102 94 65 68 89 66]
[77 93 105 88 96 75 92 102 79 101 115 118]
[124 109 70 124 109 75 80 84 106 67 77 81]
[84 99 112 110 110 87 89 93 84 74 110 97]
[96 76 115 86 71 77 93 87 94 116 101 118]
[78 106 114 100 90 79 74 85 91 95 76 119]
[94 122 85 78 123 68 83 71 110 88 76 117]
[74 92 67 105 114 91 120 77 93 73 107 70]
[84 113 90 96 71 94 97 119 72 79 98 121]
[124 117 88 116 78 68 66 72 88 84 93 98]
[111 69 67 109 102 92 85 119 120 114 81 107]
[85 115 78 89 97 80 77 108 84 82 102 86]
[112 70 88 112 122 116 109 82 82 97 84 93]
[86 84 81 104 102 109 92 118 92 66 124 97]
[91 71 83 109 103 84 117 91 76 90 79 96]
[103 87 74 83 112 84 120 94 75 92 116 124]
[70 112 104 85 88 89 124 94 105 65 123 107]
[118 99 101 67 70 87 106 90 102 95 94 81]
[86 89 65 73 76 110 90 105 96 113 107 75]
[69 119 89 95 75 112 99 108 107 103 77 103]
[122 103 113 87 101 97 89 100 108 119 98 109]
[103 120 122 86 116 116 74 72 116 76 96 110]
[98 83 94 66 88 82 99 97 82 111 113 115]
[117 98 119 87 76 112 73 109 113 94 85 113]
