ORRvWdmEPj
kcake^yaK|
hsLS\|WQwW
cVoezoT`MZ
IaUCMreWqd
SxRzqFqyBW
]IMtrYvA`g
WVS\hWmD`g
R]qkrDPSBI
|Y`o[ujwkI
tqPAoNN{vr
`IGFZj]RIB
YeLnlKkofo
eZxCOE^imX
kehcwZmWvE
ffF[q[Hurc
LU[jj]hPqh
SHblppzhU]
AAVPM]ik`z
c_KzugVeoy
F_IyY]fGZv
oaPggQRHiu
LoKwQduoy|
EKkzMRYnmw
caRrSbJc]v
UqTQj_oHOk
|VmVF]QlOl
HJrAp\krXX
LCABAPGsuI
{NH{hVxCNt
UO[JlcxV[^
hhnwKkmEup
oaLmDsxMUM
WcWGPsGvQ[
U{xUcn_Kiy
ZDFJS[OQls
uLw`jJ|d^D
rcILqUHHAV
ICC^Lqfdrq
DewL\zDjpP
vyiJUbGchg
BY^qtqgSUZ
vCCeMyae_l
WEqg_Z]vnF
geq[TPG^nz
KHkVYOIrHs
PJWI^lYrDY
BU{QA`kmD[
Y[CvXY[[Wh
u]srkVLG|s
apdudD`BCm
eYPCBF`Bih
nF{Bq]OnH_
[lDDgzi]kp
RUTdJ{sHUp
jgo[MVaUdK
^|XEI{rz]f
QmGjNG`deK
yK_JQLV{hK
hivqPuNHL{
riBT_ZTJSQ
wwbley_^fZ
\euEchHwzb
dQHbtDsVtZ
yierjIWvH_
GU\PzD_FHf
qluiEt{FaW
oHRJrRSRQH
_CXdO[v[hH
JowgG{USm\
]bZaZqNACX
`S\[YSBl\[
EDzG`X[_xn
Ektj|LKlrd
gNvhog|DnO
XtwxyJwu_E
ioUBYTIen_
fwj`BXdaqV
N]xAaLaU|x
_qRsVeDkHY
YLiy[NSdtG
OVrPRWi{ud
zePEGQxFk\
AL_^pDclWB
vgvE{NqvRz
NlsbMbCRdi
IRpmggUX^h
Im_CedkmtW
HL{WWDe{OT
[[bO_APSyO
]L_TGMJDg]
zg_yXMlxZa
vT_Et\AqhM
oxruyyvw`d
XsktRQxtJ_
XJFh[eDVgv
cZinL\zM`k
PHix`nHV[B
zlGTaX_VVW
{hQ_fLAlzq
MhUSv|b]Fu
[wMh[Sfqeq
eI{|XcCrHI
{{UuginMkq
N`c[ZJlqGC
DKXnNcs^d^
\RxmR|qsQk
FL|w`ZnNhR
PwIkVno[M\
MLj\LLxV[p
IZekV]N_i`
^m{v_[UnxF
{txCr[saUp
W{nEN^\mZa
gh_fHFMeiO
``r\mUEL{m
`xKIRXBZNb
qPNeYVX]D[
El{bRH{iaj
UfXvPLb\uM
XrmHcDCMMW
tb{zQjmvUS
uo{drNSfyd
GaFfJUFweC
TnmosSdbm_
ZCC[NLtHTk
iwbwyce{DK
MnF[dDn_Oo
ao[ozNniFN
mcLl\xh_Yb
qjeAZMr^xY
o_oPHffNKh
fqO`DMeoNN
EEIWWDCWGX
R[yxDsYhCW
WIUSEEkR{t
V_q^|wjB|V
sjOmiTwwlu
hcARAbXEXd
j|aqXxw_JC
YXMeAmi|Dt
oQHGDOlh`J
le[ens[UGh
QcZqgs[wwi
LJAJul]SRp
SodkN^xupb
yws{bKdNyz
e_r{txDc|W
qkJyLg]`At
yXiMe_lUjv
Ut]NyQOBfW
lUbWpPfTzx
eaEtJ|tak]
KR]C\k_bJF
KWmIOTjZMz
OsgyPQm\cd
{MtScNTYGJ
LjRR{[_o\p
UB\AIRvduk
^TVyEK^wxR
bkCJnqJhbM
EFnYGBAzS{
UezLAU]YOJ
xNnRLSFXHI
lf^VpdMe_x
ltkxNhokFN
Sv\LJCLqsr
YOfw{eq]Yn
DbguTUUQZE
qcUFbgtmc[
^AkTXzaX`c
Wtr^xH[GUK
RrnyF^GYEl
BbQTfjVsJc
a{VaIIuPOo
LLX||mIzE]
bR]eVfAhWj
gEgseuMeqz
Lz[SKBm]Pf
HTdRCiPWTX
XlnjN{]Bo{
[_FwEa_kJA
InBbWYDIW_
tgb]DoOSre
eMKYExHiWK
[dXXLUFqeL
omukLQ{`rF
[rmO{s\bYs
tiiVVkwI`k
_tN[q{_IhQ
`hgutm_aep
Zjr`F_DWuR
]GiXsabFtV
kZH{JNguI]
x|vu\OkXh_
fauHCu`RS{
RLOAyY|BuI
r^GhGn_JJB
T]UdXt_DO]
^{Jf[SqvSu
x]iEnrh`yf
DGk_ls^ujD
qEKOmuZQnP
qdvwcGAT\U
f[CM[Uxnex
SYEayeVr{B
rcdlmMa|Bo
T_\\jpSByc
Y{sptxQrRT
MB`\SW\IlA
S{eCFzj^xy
eIKM{Fc_Yu
D^Toy\OGS{
KYnsUVY\tb
x[gJVecski
BtyaKXnbKc
lRhFbFenQK
M[FkFplN`X
T]ERUoWDhM
v{gR{OfRvg
Ve``E_ftGV
xoO[oJTHaf
U_YCSYbBAy
CTyFIcQxtw
OItpMOHDzY
kZ{Gf^|kc\
wXqXbYR_Mp
OnqHyLJOJK
rNqHUmYP[K
BuAWfUg\gh
TUAAKlvOsG
rPDsuG{Ndi
QujZu|HyPT
lv[oOV|UuM
\]yEdcbpDs
DtjGb[YX_l
GTsicL|[OS
YVkOMCUDYB
rRQBZTjplj
MxICReLKfE
jKuyr{RPOS
NY\w\xin[P
SWjhIuW\Fr
iWOCkc`Y|n
\akU|kG|gh
oxxpcWKgwt
gGmndIbign
xcEeTMcNvD
biKraQeZNY
cnA{xtdLCQ
U_yruYL`EK
oPQpK|OnBe
wla^CUeUoV
\crMRgwrVn
`TPuJAr|Fw
ONou\[]]]]
XLImLp{jGz
[nd{vSUNUf
{aBlX[PcxZ
lzapBQ]CxI
d]zlFNXqMg
LtGHhFBPyT
uXfgOub[LV
{Xx^R_hi_Y
eaarIJv{l{
rHqkvvHxnm
TQMSBUYDqR
t{z_VIVlJE
GZCWdZ\gN_
lysSNP_i_c
BnfFnmQBSU
taF`ru\bEh
gGiuEm^F[g
tTbnbgDvGV
pTbyoeqOzi
Qg`eIkUoaN
W_vLF{hTzk
GOzxcmKckx
S`LZ{RBD]h
_VYq^NtnKy
tnbtBAQZ_x
nPInhu`UTy
sWanxYKGIK
FPVo^kr\eT
eOkmRDbtTK
tX]T|Fafu_
|ViftcttqS
[|EIFTIxol
JUlBd]oXFg
mpz[HqCyma
G^XHKZC[gj
Av]]MTuZG[
kCLTBCZeah
wAlkXgDYD\
R]umnHQfCt
H[pxnopv{l
JVVDUV|RY_
L\eT_PeFKp
EzWCdHbCjb
OX_|]VsYUo
ABpzugFroj
zA{|RtH[sC
MiacJxwOhU
YUKqbz{lKF
lQvSLt[uXc
VPhtXBLCXx
N{{Zlu|{C]
pJp[D\RVmF
{ibYY|^qyz
G\ROvVO]xd
HDeaetIJPW
evhUgCLqQC
QwW[FbJhqv
Cdcr{Jbavf
uYdvNRnbq_
PFtlhiriHf
Lvj\_UHeGn
FrCJA|`xqP
Oshv_w^zKn
YGX^SyQXvA
iIjKA`{prc
\HAZBkHEA^
gLwvOXjrV]
kercFQSmST
RyNN[_WM\F
fLRjHYhIdl
V^HeWIFB\x
[gur]T\xRR
cwvWC{Ymar
PIlRurwdhR
uzDeykFt^o
`owxVQ|mJS
dGnY\VkpdN
TKF`WSTDbO
nDiXlqIS_P
V`O^iMu|KA
NZnuoQfOCu
JrOgUXNKkZ
^AfrPyHMvJ
LGsxKHdRbt
_N\mVwiqLS
vept|`Xnc`
Nk]f[xcpQx
jbHbLKoadI
SPTqnPfY[J
V\umEMZLnz
rSwoPbNdEj
FAhxHND|tu
J[kjFRhs`y
nFniImXoUa
SKHO]ZUC|V
PrVx_la_Vy
wsDqNBQCWG
Vdz`T]MIp]
zuD`cdZEaL
PasGNwH\mX
APro_lrsYY
g{DAsF\|SK
KaCBrvuaaE
LqjfqFaLNf
QhlYRjFKja
MXdgyOHJTS
e^lGc|QnRR
EA`YRl\LY^
EFeZgqgM\P
dXkBWBngWO
e\P\HRxNqj
xHJCEnKeMC
YVCzdIQizQ
[MrKuj^vo]
{EvrJha[_`
HsV`miqz_A
^bVV{IizuG
{ldg|dXrhv
sPnYnHsOf|
C|\NZwR`Jv
Okhda__CgO
RyC|kBcemO
VR{qRGJngP
[z]rLoYm[T
UxPLI|[npa
]deOQD]pcL
T_nzsX\C|G
ZPphfZwC[j
eWelkZOLkI
fpenDRfxSt
UA`TRWirpy
[JcqqS\\_G
aIiwHWCzDE
L_Q{Fp|^Xa
MoICSgdUqd
AYkhIxVhm{
TmjrxKmXRy
^ia_iHTUyo
||P]B|cwOu
\urWFTWpyK
IZra[tJe[E
vjeb^PPRsV
MxfuxdjlQb
_kyuAmeb\O
OEUlPw_uef
BUUwaxotTp
uofHwADCO|
\hiXSjoU_[
KNFUGnrSWY
FHNXfazmpk
PLweHSqN\E
IR`XNLLEMX
Cpc_K|jI]J
xsVFdj[GKz
bccwb[JakI
mEjxmkIC]^
KXXjJ|BpRa
hGiUIukeSM
AW\ps|brCv
YhpLHUxFnA
RHvuACmeht
BY_IdH\LpJ
Q^KQBkeYtH
H{bLiWThdz
Gb\vROegfb
GClVa^]GBj
y^lK]F^EPt
rfrxYqgTjj
GGBEPWVo\P
LOnKyscTnA
YfTgHAwPOR
P`RJToYWcM
kMrzhiyO]h
{tXjPzbhtE
KuXmdJkEFF
KWBGPxMJXF
knHSuJEvFY
ETjtKDC\Fv
NnIQA\zL]j
\u{]DO[MJh
qomskrmpzA
I\xYmoz[JB
V{]S_rZVKQ
qwh|pvf`OQ
yfb]FUT_F\
rfZOiHp{Gg
ArE[FORYkh
PuBcEOpwcs
XCjOiLbTE{
Gj`qZxvBeh
zCjvRxUXvl
OPYG\a__Xx
tJjrKWYVpq
SbcXORMEBU
iUXyvBZaOE
l\PJD^mzTU
RlXEtNU[vS
dRw^lHLj|u
X^ooNbp|j^
TY[lA^\OEI
enLyBMs{at
b[RlECiTJf
h|wBhiT[kp
JN{yxHRsKl
[ao]dfV^z[
TzPVpBSI|\
e]WVzOVSa|
_`Bg`^dzXd
PZYBfkMMQS
NP^zsWXuTb
jCndZpYwtX
kb|drGDfnx
ROSJDuwPYT
Mdpy|obOKQ
NVg]ufaBkI
SVQTlLryXA
A^pZaLMtXk
X\hwxg|J{X
tJT^NphqFk
QKhkRE]crF
\rJwlNEqjy
aHeFtkeUbb
UX{sZ_ZHMs
Pe_opZ_lqJ
BcbO{NhSvp
Ieqyw[[cA]
arlOofZlkC
XLAzgeFjKe
EMZrbhcPaW
^Qn{E`iATC
culLBexlzH
VhGTgTHQOg
R[uPcQxXPn
JD[r{PwLKl
igf^QZZ{l_
h{MHVm\{cU
NyCHeBMZ]Q
zpYtiauLUM
X^GujPIiBk
CfSLDlpBBw
fGbEzOKHF`
eDOmswyGo^
mopEsJSbRy
ouMz[gBXlB
_bI`rbXpGi
bjPVLfXerm
[BRnLw{Pzd
vYKLhU_aKf
Bm_uG]l^tO
F|ID|^CZBT
VEHhlqH|E]
uOihsLb[du
LUzJVZ`orX
F_dPXH^Knq
]VKaqeBPAI
TfRp[pQLnY
\^CeVcEvBp
bLyyXiQG_y
ZPglI|oIQK
mecGgzT`jG
jcpK{GkOve
fPGNwCJ\WQ
]WFcWB^uz]
ppGjAJgnkj
Ogl\XknRNp
dzxLUeLnTl
CA{osbYTzV
YYGelHqPJ]
iFB]stdwxM
[JpME{AKjc
hDOuD_{L_K
zOicYIWJBP
aex[ShmQFA
DLOFFm\eOY
KiQ[N_kIZx
L[UyputxM]
uvwaFzbmJy
SHKsaAmBYu
xXiGeVGPSr
CY`Z^t|AFA
STgAdkcAVk
A^_[UofcBq
kVkqkJWrez
SJJBNarAlt
UUTXMzAOmg
\vyh{P]`|g
x^KvC\am]D
q|hIlNYTGh
`L^{BT\JJU
qIxX][Ukk]
ZjBEgQoEX]
MTxH[leCRW
vW[z]biWMg
`IjIp[PG]r
fs`H]OvloW
VlLER^AxVx
FwwJbdwGEM
rGRymYeXi{
On[jVe|Dqh
R{ztd|uMf|
^n[ydZquDB
BtTaedxP_c
XIz_UmP_aK
m{AALOp{gi
`bd^SHs^Bo
Oi{TjgbHyu
xTwKeISjvD
gAuBltUHpD
R|PbZPO\yD
aXFQqcjDJs
m[qpUf[gfh
wyaps\jRhY
NIvIdJYxmn
gjDOvPtevE
TmxFLtSG^Y
NPkITNTx`j
^BqslgZXWq
nusjT_Gnut
VjFM|cMFgs
mwbW]hb_xk
^fSBcrBNeH
hQTq\FezlC
]rqjLZXi]M
SpzsdhQAGZ
hlCaj|bxE\
IXD{zgLnSR
bwuuPVGJ`S
eiKPCNpvTz
\QsZljXuY^
`uKT_f{xkQ
zYR`z_v\Pb
elxc^ULgKR
^XJRRFFrHx
`B{U`jgDSF
HJwy^U^Phr
qpKqwLqOia
UKQvhbj{Vt
{^CLi]MBuJ
bXb[lNNqbz
kgBrXttVm[
tH]voWrF`{
^pbrv^dsnG
HCFocWfeSe
{P|fMCLK_u
K`erZ{mhpO
\Ccq\XXDWF
KTMPdfCHq_
d_ZmhBD_`G
bPBuFUHzUd
sPyoWWtUXP
lECNxU^ziH
ZGnmQ\oszX
C_B\ca{IDY
\HVhtOf`xt
PbRN_sjqll
QerxTGrNoO
fUqNZueK{c
aihE\rGIcE
mrYLWQcXR[
ub^Lshu^SR
JwvlRqxW|v
f_Dk\swyvH
RYEdRyxX{O
AIRPnk|m_i
mBBOosj|We
h\i`VhcvEl
nDJfbTfnc_
lthDiMWNAa
enC[pQ|]vX
dmlAll_mkZ
lXzFsyGbPA
EYnYa^xcIt
xh]mkJ`Mio
W{JLYzXvxn
b|DfcYqopZ
dC^y`\Vadf
JLbrJI]KZN
mpRTEMo[d]
YSvI^YmEae
\X|UkOCVFk
ExEEZkNs`R
Caoh_GNRrA
mEeesnnfAV
dNxx_Mo]vZ
YRnqWctCuM
aLVpVzg_al
BNS[TJoxSB
QmXezDaRnI
YnrKePbiec
c]jrLI^W]Q
IEReWihlWK
Izg`X{XE{k
Po_]O|TP\N
bngXWe{xKI
OC{buYsCxc
AWoTwJqBKT
Xsy\LqFKHy
JUrMtIteXa
[[NFRn]Mfl
fzudYx`AS{
MSG]S[wH`d
wMChqD{vrP
HU|gP_^SQN
]{eLWWsF^Z
ExwLHq{[HJ
wF{bmBmiZl
gdjGP`ziAp
vrNXl[MAHl
_F]^RKipcc
iLj]UboZ[W
IkImhIuUCC
QruNOaeKcR
LnBVZXNOn_
hCy[AGwOzu
BFUddAi|{]
`KrI_XPeqf
LWeEyPniKD
|JyC^RnRij
fc`[oe_VRY
x`yIFv\\|U
i{CJI^k\aD
axs|EINTwC
No^QIKEpm{
Xm{GIxkvc_
qGEKUnnXhK
DiatwztrXj
w]flWXJwNV
u\rWccMS[g
`oN{[s_tR\
p|`ClfecYV
cR{RWdjE_Y
`kROsPFBWe
H_PM^RsIDf
XifVaDHFJT
[omeIsc`kw
rCAimknjnQ
Fk\l[CYSWn
_kOX{opPQK
jG`{_gFp]E
]bFXNbZwlu
YKwxfAj^k|
xskTZExbNU
CxyO{AJ`LW
TEiQGaiaya
_q{jJUXfrB
bdCl]QQeRb
XkuNs|xDuY
scQb_iUioA
gY]uAX|[LU
\T|W{]uoqJ
gs\lCsFgjg
vQ\qCnixJz
jc\PhM|IF]
UZEn|^]\Q`
UElJrTTdmT
TtLQrWgSCx
AYybfnkKCP
ahUKxLyJI^
YfiuzaXlJi
gukdUoveYm
gM[LSyPyOr
buXC^xFITH
epuG{_|gGE
\yBNfJCivb
|THSN`xYct
jjEM\fD\[I
cClRIyLCAL
WVMsY_BMJJ
rnFEbVOPBP
_qUtmoSq|b
y{]hmiysfU
KRAYOveu]G
TsOps[nv_F
NMZOBVf^dF
wH|x\fgrRh
eRddElBmFT
nRC_GLaiSq
GjvCP[X^`v
[QEOk_UWOF
qQ`\k_C|ts
JNaCOe`XtB
[axfEikYzd
d{mTORAiOZ
SdOgRTQ[oQ
gHzMtccYZp
BM`tF]ePHu
nsLVVbIN`A
NsVMWuqhhR
KvSZPCV\Aw
CqiEV^rT_t
EcDBAwJzLO
DlUTQYu{JN
U{jzzAko`c
iOs_pWaG_y
m]ldpotodV
vuSNhfyLNG
goregkj[Gr
HbY[MmmRwb
xYGutpaPNN
kb]sifayqS
kr\JYHmowp
HFJTUKHWKf
cnMet|otOg
mPnjGaO``A
I]QpWljKSy
nqy]DfVYrx
ZRTs\fKRaf
_aAHmN]DDy
vmgQFcVXry
rjnFMy\uCB
GjuTpuoYo|
euFwxomkTh
DWz]|Yd_Et
b{WohielGq
AUBhaWsv]A
RnCoy^OP{c
GzsLXZazKa
l\GXJVDd^R
bqp]fX\jkp
xHfyFye`Ll
RpRgNZCNjh
C_ZVcYfnyJ
ZE|UCXPevq
SYr^O\|G{o
C|xunoTeUz
Ita{N_SsB{
dNPEk\[[My
kRiDnZcb|l
uBS_TFyGyR
bWBz_BLUCP
zFAkrQhITP
^ffKpEqSxg
Pyx{RpPAFX
kYNjrQjhrW
UolHCiyGln
|uOyVyu[vI
`u_]lugBBp
ZUwvfVUqYu
Rlxvgb[SQ]
yN^dYYbXMb
tKKdThz[Pp
sEzFJFTqxF
qOTAS{wZD^
NWtJQbOB_d
VVBow]MwKE
zLTzrhQC|_
Ym_mUclp_Y
Ffk{RuC[ub
PyluUhlOcC
bku{_kLbUP
MLMPVmRqnk
annPHUZtqy
b_RGL|xmqV
NhzcuLRCYl
|kLru`KKvh
heqpIa[vhg
apuIZQMr_C
WELnxhnV[U
soT|y`cGp]
_HAEErSCYU
eUe\zbAUeZ
ZrY``UrDXn
enCLHEAmlx
BMB\wjLYl_
knZgn\rZRh
RuNqbmBk^L
JhwOK`hur\
^UHWgPYIRF
eLDko|GLjM
wPYRhgIcPD
emH{PnKIzo
]DG{EoGnyc
`\AicDNsPG
tNSNn^xSdl
Zl_XrYfBFt
QpW|n`j|jn
gL^tZGzifb
Z|kcA]hpp[
ZisOvBHiex
]VI`NoikLy
sbuz^[cVG_
V`[EaJ]vKO
HOkd`RbBzU
{BDNQeafmm
dWeQqokrDO
viSWJVvoWk
XCPsL{elLX
AiuVnTL]cf
SwgNSkYxha
ltqn\IhWTI
b\dRA_oiF_
OGA`THPHGc
n^GlyVI{pu
BXuFMOpCmJ
drmQZ_JP[Y
IKEYuYRDLc
qLpCop\QCG
saqHAlMugN
FzvWkvXDgV
lVTAKYuCc[
Q_z|A[Yx^_
uVYhmTtyqG
^Nhg_hgdTg
eyfb^S|{`Y
]y\CRQK{WQ
FG\A]ue^an
_I]NOViTqy
{PrJim]Mut
uZcCBoWrZ|
R{gdSPxZ{[
PiyUWEJ``|
][iMPbkhpR
Igo|DQQagt
|uOCPePZ{R
nps{WM{tMn
qqBxcwqSjI
UmeANPqiBx
nAjEIgimNr
[llw[cuWXY
lZ`]QLCrdp
py^qJBsbbZ
IiBtVME_Uz
dv[bAUEheF
VxuEP_wgJ\
dpweffHPYU
k`EJYwmEya
OGcGhBorsD
j{CqvDnzrC
V|ScHF{MHp
ppVVUrRNdU
BcaO\RjmFq
kx]uHaBaWZ
|wsgeJwLUq
Kpql_wDDWC
dImYZtf_bh
HkcIovEvfB
sYV\HcIZiV
Yete_wxiSP
jhbC|woLqs
AehGnM^kxw
hTfKL[dROk
abnafEOczb
tnl^nqDv^u
XTnrxpwyOM
UrIuLK\XWv
nS`FHd^q^S
`]_ihXOsbN
kI]WioszYm
G\pyqEsmDw
g]GDobfYGA
IfN|HLOiSt
Jj`\]wEH|_
rBoR\maCb{
qklANRTjSi
iduYxACYhg
hzXPpZVlsJ
Oam^h\uFzN
UYuWE|ZwPQ
bCjYBShx^G
^YpBMpgaWt
WTGxnSgjlx
bryhDtwitN
`D{vHrkp`R
Ali_TKS`wK
`_iTIceO\A
WAfEhV|{PR
pTlkD^{JQ^
aLJRe[jKVY
vBeSRuYhIq
PCGzuLye`v
\QKSuzH|Q_
|ybuJxcF\F
WM\^ukoHLG
hWVFerH]j]
TLoVJDazOl
nUwIRhERSQ
tw`c`jlvlv
pbVCrxZJox
DeoNdKWrpb
tcnaZ{n|rB
NN^HToydOD
OP_WQsYlHZ
zWwAw`rUmE
VSghFt_hTu
[cphRQjppm
{C|\HjnHeL
azV|kjZXV[
VacCRQ`CZM
\nTZK|NVgI
j\rKiWoaBf
fe\vFRdrlz
vMNBOEaeGj
qZIso\ddIE
RyvENPkPIc
necyVbhh|S
ifHRNDrWWm
opNDVysawh
njHPuFWdQp
Q\TAPYM|W]
_wXjwAi{zd
q`OJ`|fLEr
yvBZw^k\[A
Q[tRbijL|T
unCjybjote
xh{hksqxwD
WpZnB^Szgt
ejtBCubWcJ
ETqNRqj^Vp
luYK`]hA[G
Dl]FLSTTmM
\oPbAOPoeK
gmOPRPc]JS
L]Q{AyleNF
DjE`AoeneJ
eO]zqYYsmM
MjvIxK]Kat
GfrWT^[oFG
{mkOTZWFdU
`HSVJ`bsyp
^BItyvF^bL
Xa`zJgTWZu
jGEHNBrvJt
pdewHtNH^u
FspdwbEMCA
h]WAAViQxs
BkroKcfde[
^HqSyiHrQh
Zb]Brbl\JY
OSiKC\LFUx
ZhXPE[RE_B
FLTUkqpO]^
xfloYpAzL{
KI]DE[BXyO
myaJ{k\j_c
K|hPPIjKF`
eAGOmgrwZu
k]lLixNOHz
OIPUbajIZ|
xXIWXtLWyk
M^RFwNpRmq
KhbJCbt_tZ
syazORfB\z
zzteaLYbK{
HbgwZFaLiF
