5772649832669734744
-9103770306483490189
-937920229144123657
762716722992837914
-8606680193877787961
7247291005937802624
-8003324102043415689
-7551808761734510367
291406203343519559
4038510726038443557
578009271357803419
-5174892872711194928
6609513650038356587
-6351120856474520591
-2661993170835566040
-8601219777170594118
-6807532747494091535
1019034553548924365
9121024654945269055
-3540580499774819575
6956950967963019379
3299052410127980318
5328945217910130804
2707694383459196374
2901196631578137278
-7405428426916237260
1234027251232090861
-1776534795194757557
4977492694698499499
-5455891919341848057
-3266387104092793001
7584504551018430878
-4390058129758872322
232968765452238933
-1961329669540045441
-1840002194552887740
-327395357012463837
-1783405837601345210
560933278887077467
-1122525364194370099
415557138555412334
-2120259818519569197
2803135004886818645
-6246751327181762807
-1593835883843688454
4366217305108761806
6266869951856923113
-3676039364679993804
9034878557431285417
-179904316305798796
-8929654752237478572
6611910457762487598
-9199115452297772547
2324091988101671925
8732123388159669199
3779783969107325405
-5800932425247412542
4797905918159181442
-4095561523366220517
-6659856440998175447
-8225182968954302063
-4746049618682706359
-651214844545051743
-5021008023428656775
-904818500072157083
7003944810475776636
-2536456931732259756
-4693301448653305822
4689135119493307473
-515082382614818686
-656272230692330585
-4122906618072634163
311213467919820
5536958635575767065
2059786786918278591
-3007767451381578111
-4720802301789747184
6958933430732610598
-3893614635369282680
-4941693888334047951
7914571088886071443
-2927115267818277305
4658371298046578939
-8094424440958240670
-7913012008247065075
-2065146412082941401
149538492719733927
-6145972931152977027
-545239813093748369
3629149426949386781
9059829962935020152
-7346595635720081232
-112071744748292848
6296759426190382566
-3525010942945455734
2419336808254004348
6251595616710081535
7795612934221583690
-5916593652044104042
-6948214016203367473
6415545968809987896
307195170219675311
-7429811742527260629
-4365594878172922165
-4678415704964064348
8507154945523414312
648785203860416975
-6514489327171282471
328017783948303478
1151169474476270398
3558640294949479715
-1395910551827609154
-3479077979620831059
4693923875589145463
1740476946198514092
-2177185856648792680
9219628527733786299
-5318697976916925613
-6468008306780827698
3655569992495209621
-6414158495920896655
4983031144777606807
-9218012331737637893
3996036283601781461
-7241989457644816990
4934206870092068933
-9059207535999180511
-26231171132903549
-3869919087576289531
-6436797635784043758
1931375772196983756
1316885023692944029
367215371211918796
-8637179147151464701
-7682214571705530203
2155454627954347887
845574499748658378
823693574544936111
-3291022688500049279
-2305596867075120219
-2129967033982336775
-230680303915259633
4979499863880391
-133029943841037902
-4333839749429995892
-7720446130471768997
5189599661890810800
-873607837665307735
-9170832776655555179
6168348411469087731
1563006725761242950
5269968304079480665
5568169297982616413
3215344874139529113
1788195547637229680
-8563531749697515174
7539766615318783790
-5546582021608349353
6440876285596065253
965111046339097225
-1827784209138588031
3475655306529883646
7745933720148812813
-1426471658464583787
-3542212517095905874
5475821953845759834
3430229280228184880
7992072485679712834
-2024367337886729512
442014102100715094
4067779866042887384
3460512062507095447
-4420770397330187306
1151400145025319768
5731214639638183719
-806743359043919095
-6542569514937158786
-4075729891424622821
-6367380835912161576
-1035463355391749205
7416154679728487103
-6415388695919021437
5517306236666161753
6446756635511804540
1220095973421583572
7667201919500288855
-828575979042438062
-4097582520377891156
-5558210306844790223
-3481404761821604916
1958171299275028655
-8235825179217131517
4061890386307870177
8268589671631845375
7647031979774148349
-7908118600146813268
7251409040113591764
-5948851439041434972
1144021969404662913
-3818054363268264799
-3214505938025587625
3590579862363584525
4929082788259386004
-4765810903235751791
-4415950038395443227
-286022885298790492
-2628969778508181236
7585799100757619766
-824909595134621919
-2622263013013907941
5004511429901474183
-6829779584097139227
-5043716002610990366
1613130789074496874
2711812413340018219
7986773968451516497
719405043767353074
-5297755170538228531
5845012811441512706
4533200905957188532
-8204410772149735045
9166055427531489979
-3220158688141086370
4981610728874288639
817826555988497953
-1831902243314377172
-5611741392944767381
-8856866204877192520
2176648294825694868
1571840027080776754
-5110851413436283572
-7580412029666429610
5304456211190641731
3073385884801830731
8464386433991840597
-6209637072366913106
-2886799367545203968
1705337770881409217
437896072219893249
923049777263367904
1268090283168932389
1479106719800670721
-3693292110228102194
692110148987282029
-4419167837304007701
-5013845717817588952
3119269338419298874
4920214849356311064
-3544862494579789242
7301991473868583864
-4571444542940507858
-1437732777119802121
-5977344600783715547
2022609298343916448
6172719381921896363
2647958818769980519
-7084736239069796977
7915232341733073962
4800671773538091169
4622172134271570197
672067626016288161
6811125626694638050
-6417569714844428760
-4387957170602191057
-7790670748738329943
-2391123581243538631
-8724791744926665565
563699134265987194
2053819965045733092
74171950889109732
7443921817788788311
1131614913020063541
-3069194892568894449
1175232631811512261
1974782510397303354
8857853385326677968
5210833658271318608
9037644412810195144
1867858980565612315
7832242224699764956
8386542865677359613
4479989731000630556
-1411729056428081279
6668395172518528996
-8344703537770483535
7466392991379618681
7617009767459436410
1269963305438433886
-6045139346230514048
-1958113749896732640
-3509369837367970227
-1121619399365247126
-6757029668589413320
6029990250250898653
3288527568045369566
-8135711258938861724
-1719515074492425555
8116183069837320202
5332424722903988828
2932407298279953922
-2101810068239210249
3170641395406685482
297445578916600137
5558325879284672691
-3673273509301084077
-1756769562333645764
2525703969052920684
-6469232416113332787
8680799536589588546
8495597100693657241
2302489080877687011
6972611298139469955
-4213673083005032714
1018729252511099145
-523723724238068697
-1759717688588796682
6501300774195184304
-2216759909255470769
4277131628366005712
6996101742998912654
4616058682713008995
168280429289201501
-8480751764844426209
-5303303887432489764
-4740081911677766487
7064123573946533062
3810994631514174753
-3513202108463895434
8906467542709990582
4144748158768723344
-6079023256412002255
-2446850574144774734
-4111097783591073863
-9025503569319483853
4861893091410427143
-8193972306547452715
-9072559635486706249
-2317410758209538576
5558679726306613002
-5565134727236037784
7828124190523975816
3932091122460441227
3830761412195602836
2553004912024900211
1984049900628454517
-2630782499838782100
-1066331243865418493
5087369206657294647
4808564245133200285
-8348821571946272675
-2915306433336717005
-454660249741081826
-4615942504733085629
730371677305907120
-985464931449428878
850397189106633031
2730816591230833687
495987004064552454
-2791891080050339219
-3804450375106321343
-3435024472830051631
2160902400888421379
-7315384969018264588
6563719696415063423
-8041423022968359910
2259506067286548035
3000169988545210244
3242010106354344961
3587050612259909446
4669494903437886607
-9127061166654718480
-3809224945172699130
-1752195170899528566
-8534649555018953883
3673437634824437693
-8891238320177898831
-1539426633933396005
-8825792270749990694
5135818846748350397
-6871501833546418407
-4197625658056673189
4689581969043362879
432522264165782632
3202127115175119338
8778056532283663042
8469400638138212781
-3228391760586525938
6941132463362547255
976919885115624822
-1928355053031088016
991662794661185087
-1720984504197711922
-5471710419647352886
4541083888716591771
4288183268061302469
-958593449347222813
4720792631450212227
6123494586649317506
7998090118488894425
5685275456782410729
-1804550035707793006
3842205298215991397
-1194742258586713328
-9034722387682767533
-222935398155297678
-5498190076120796358
2172711239664948975
6642488262252346716
8940711157787531136
-3701949867460040555
907231272662895779
-5431714902153784599
2357066604610629350
2032623934953002396
-8162761635550668775
1574815560242803250
3662124043458344207
7248920069595120063
-842397166668523795
2775119764373783196
-8169834033394687450
6584158550951004768
5850801488665653857
-5816750929847884667
-8122439681471276119
-623297614183373159
1319369365141568744
5599379968979400353
217150260851766809
6039937396747792895
6651024394467941634
8120599799904956982
1311204861892080312
562190766757331294
-6213776710672805382
6543742596874635247
-8067855954805915245
-7284174306611415240
304111249444487796
7526779590249641478
8799301929982935320
3581003173131383437
-4774064863490709105
7947545701100061573
7055469070600323123
-3374243292684689602
6596091957456982769
-3932861389827616179
5170226983413115110
-3046536722204305945
-8322522331788547242
-2434007881796415055
4967181478011091767
4857337364791439052
6477967297918653888
-3921629875882318129
-6670980525363486326
5312253146082699167
-3516749340086685260
-6066962998680247168
3627554747687206876
681759820369374401
1647075939916919697
-5526999635848006283
-6405586973377194410
-573255057901751115
6112848022711751821
6012982027262794386
-8056345962565291509
7868662413107671597
-4908719271825090525
6053128715045795909
-7740149384325531587
36190162270729739
1802964757475688920
5641537503062433465
5455233039918617480
-5786547651325988384
6975929569962741186
-9194140933761775187
3063650335114936469
3292645597926191411
279179925411672565
-7889083494914060331
4967212640177134682
-2718830151723922288
699714996349685757
-935154373765213930
6272238921153773919
2465754655692790744
-9117580164438587997
7828364553276164866
-5172127013037317905
-7445630242832765458
5562443909165494536
2955274329457985830
-3811403665571947095
7538790904778994019
4259441689664260623
-1246951024552414839
914777499799917865
-7270004698157852439
-7100589736927200973
6340688602038145339
1022847286686888286
-1555844336758614317
-3603661837272342965
3661546014537082194
-7412442813845147930
-8646269640494302345
3301818265506890045
-1066688546227549497
1158323729702726051
-8109880381080746561
-3013164411542823550
615810595941394141
4308768637566949961
-5684653034141538384
2378969482909224103
-421510319175001885
5734992434183728173
560428050280580326
-7969446003912026830
4536020212026701455
-4658482958447105860
-8104074249737917475
-5840082069841443436
4634528816017524177
-2132149179012408748
8052434959369206065
2354115084252050205
5797267070150198805
-7026824960318422824
7884395034302235765
-7759033739537385694
3374865715325561947
8067065381389501930
123410149800924030
4901232253583111507
1756219409124871776
8068478377446787590
-7498135484262708475
3815462320097102090
-1725132553132701514
8396184947927171247
9063366502259635128
5314315828128303214
3963728131661385476
-1233258975100954960
-3130724356159459093
8736830021910626741
6613579767417949004
-8449114755643481960
-5356946463661154727
-7045537262662094514
1077343188856199239
-5391387170643678463
-1831154650228133389
8592055978315349477
-2160729423934432574
-6361539233818357861
-6269974503877899294
-991040372020312742
-8440756527856312481
6890088144830856954
-8895455606309144427
-37467624846598103
-3570283754307173015
-8912067051800598133
1187645394046134440
-2070173059038265999
3702572290100912900
1154697305777225569
9145647477939157028
171802631770024855
-635363299973776532
2459754744624940425
-278859267632161590
7492167104947137130
-3026946004777457543
7921258093563968798
7178124406482492523
-8113998415256535702
-8794155261549046445
-3624841684199603268
-1825666917311744237
2040080381654525416
-4512799837409457633
-2760254075144362265
3684285449996897528
1976700061181171188
-5844200104017232577
5793149031679442369
-2415213564943830484
-7416146013801176459
-4789977933848761737
5388455203930059726
1050389965004245685
-663333801539929085
8120745454371063826
-2534418600740461663
8062947342918745494
-2429050329650279114
6745176402266657791
7649434934721745471
-5509104246209966885
3618687621460853695
4030278860581296558
5764192838944602866
-2797542453128414596
-9139195767454610930
-4789659828547310422
3764812179177687985
8743378060506071409
-3634212499880269507
-5418528713876105851
-9026632472114381693
5292882319295284511
965194833995644093
-3105294581049926750
-929434450423357979
-520609478464029381
1896070208992811047
2807564635767654642
1928977298238466516
-4222737359326781697
6706813886833174168
-8857479064190533899
-3574401792777929452
3273647115555289210
-6111088579248428899
4232259394289471262
-7491155115249640238
8370754433886390665
-552687189275206447
6235503367183855813
6487818727397771335
-1304603481538626327
-4820633038748927422
8050233836819405351
1463175988802062712
5271481594681684305
-1748519554681722107
1960187964940283160
6627728966657927019
3555874435275602692
-3054799573517392183
-2993568608191756260
8401965104883174605
865280313674884283
-7415277707506888011
5800665073182770194
-723770296952453135
-5785113920646940417
986059937039966939
-799240240409092109
-7565918235439025034
-7533165234965329805
2658967339056419570
-4604419155154497987
-6472656663913284005
9149039891163337208
-5440073410446408636
160048563832054502
-8889840817091182649
-5310358906625692256
-4481589170707640989
2061071663929241141
4853661225953280144
-6943967183562602360
-5263366919431059385
593827775958275543
-9155043486835676529
-8829209279339744965
3815826329821120410
6282688460752362534
-4718034382464638206
6576539037824366457
-1974160087756431009
-9166191639887123477
-6130154426552504903
5054727943306803816
5967437754620840816
6085624641060423535
-2724414499944232032
2831150245399854095
9146224274720488296
2719452574364794633
-5096894376957256418
-3603001837473420159
-681098203996501283
-7886588231451173663
1456319088404240669
1546028014286849990
267384634252738558
-3299361720601750427
-8357898751100492018
-6667772749877656652
248787270052711058
-4918070843268605258
-7584783378243467793
3711878421512540742
2838775298174503990
-330511045169407167
-6279725943690720233
5343593464182909646
-8287604306652902647
-517224576875680216
-7656189974509508109
7732292707182598638
-5551724498931218706
-6475194932458069388
7031960050988812085
7881596472377114017
-1646453517276047352
-1845827171004978498
7292357566558909870
6553581451338004940
4745697789055731217
-3281926183396948286
8355422952299726660
-96253235852853427
2291117375887681795
8222997083434173593
7413065236486020275
3717362635703692117
817755304034699841
8674913755071169941
5941489139310088075
-7821522810170521831
-8066409200445205220
-1994304281754035571
8203603226831916993
-6340066179397272994
5937647950551830753
-3419217335237404134
-1380092047227137029
-6012359604621922041
-6643267845229008895
-1920363827206203009
-4974668504843005377
2952010759379228634
-967239833475790371
-7213974217131781541
-6157336466478306984
4653809143472514446
3527468750320961089
-4387708512120708822
335210406437743464
9186653911224828873
-1318746946795663695
5474537297877166482
4595949968937912947
-3865599394856247230
7260982187533280283
3047159144845178290
-1012127872157645161
-8898827174042341673
3596174814735396651
4147802113928552788
7740771806966403932
-7409016969123714520
2316608812065900965
6789671659294027336
3549906438801374359
1257670439081657964
3683585228713277775
-689246847201288011
3243360118947531858
-3467999085044041761
-5516683814025289408
4627160635639729591
8946689295748904076
6425170440911677401
-8613028615947121715
-431294687571471969
-7377806306716865172
-7654199331192494753
-6861109411101749193
-823071151904063766
1838503623667831156
4516417256378711981
-7753420746980726423
-9210924291074300144
5447056773253975704
-4970891314345045514
6591734941223066168
5102844230239392971
-5918488367508145186
8236447597563036566
-3121113081355431579
-3547628349958698969
817422572597675605
-8015132936524975990
-1814616500008194558
-4305824508916960443
-7784600993525770240
-6389798887157463541
-2701093003105742389
2912788105049252601
-6285747481199601820
-4404951897024682477
6378100246146437406
9027535922595312128
-3453389525603536763
-2162941646196326905
-5188977239249938455
-6499218969187677046
-7163648822300906711
7924023948942878525
7442132752958748890
8647898561680707826
-57441833539752897
4095795102260955538
1628949293674968998
-495364581423680109
3870541510217161876
-936029171068941023
2188197797344606130
-7332419935046034844
8637924103213105747
4108301934907134281
-105014703328002452
6407901669087107827
-7803730454695353199
8564154172338387519
6771976589487012054
-2048774841927497845
2122480011445390461
8040028428085927319
5505747968873950421
7444169924536489848
3427537445998138021
5648445723282246307
-3644793528837504690
747420279985421227
-4786893973168400696
1283908792064371809
-2989450574015967119
-396970827270973786
8296604907849913528
203013298471841499
-4861270668769554798
-4116104048486823045
1858588505837326288
-9023866616735471967
5050550043860100582
-719652258481696698
-7529047200789540665
-4908089489192606637
-6448363303838044271
6844237077831570461
4198248080697545534
-3173483004893219039
3687051305375807254
7662850480079653178
6246341402704392032
-5259248889550237540
-6801764343584103777
7712959103639855387
-4749992398635279666
8891860742818771176
-2652530156084306563
-549921333896296721
938868281863840028
9219567313299154833
6369707172053926435
948932174134904403
1081600631706062329
3256863014183597999
-5530035616024712703
-5949329360270680097
-3288040465137199572
6972769472563491504
-318997497512780621
8625266505162226509
1599855267593812203
7523377767353986478
-4533564098289171141
-6001346139968998354
-4587414572431108696
-2600954537995145787
7317809978469055989
-167658006648329156
1550146052757606426
4114147838945626361
6644790434119765648
4452654368732922153
4525954651177929191
-5058725096375394347
5185904813407008378
-5095032904540844151
3854758693605743724
3966424160128936745
4948230085574379218
-5360176499646894523
4508004975808633301
6676001100821582292
-8731500965518796854
208548430882666391
-3172911133156204379
-9152277631456766802
-8308176356847785054
2130979233048812322
-262762093061619260
-6389554470036426014
-1740951057733173639
-4037888303397571212
4400777544288115447
-917351800047904305
-5328965837240045175
-8906072031974963483
-7112385006593428196
-2408617393724761223
7856379798084167612
-3636636453781300391
4637990634577075026
5021630446069529120
-7684029795077837230
-678332348617591556
-7922058111423017757
-7710280681720606625
679858950531984747
-3041179652055859000
-4915304987889695531
-7774852248432825115
-138819082485458098
-5428470461969537156
-3416451479858494407
-2085991567933705420
6778151018775615217
3593766861873728546
-2188744664447468024
-4450378499710857049
-8403794395038413197
-1676693660599508917
5849326194982028620
-4682533739139853488
7746985007763118254
2492729356838930555
-2148004184543794569
5360439959122056981
3947909622765946056
-3710181732917187554
655724354428687135
-734072617005904911
5057493802980680839
4292950128671510541
8942776366607409704
-7383171397292219033
1159630153533098991
1112811298407878973
-8119892754338389600
5349337016549912777
1338207533060395768
820521159413609568
7554588434055803122
8344880682890296683
-1205383136655223266
8708814781397591291
-3571791170771603515
5953297982381582967
-3090625228137398575
2012065136846522671
2126861198873023182
3602869121155348867
8083208453328362777
-5830739883697590072
-8885494308998536645
2869985969171287930
-809509218717796118
-3561935752081684226
-3575180550589289998
4396659510112326307
5355402302959437242
3797786795686645411
-1792692305097754107
8104885528090328693
1991398631642099804
7149089332635939825
983430929204038088
-2619314704193112924
-2412735423605583068
-8464933260243954085
6551193657508761396
-6078113962739471473
-5537119486723002334
8433175767290023953
-2431032073839269905
3427463424849275153
-8086299216805890145
-142937112366279943
3257828615249784382
4926316932880476277
935938111332342853
8936256136885899852
3748573298110541465
-957449686641426132
-4975867319619573884
-1150777722384447423
