1.1759768
1.294057
1.275234
1.576612
1.7170436
1.4394655
1.5193946
1.6966581
1.698886
1.6697857
1.4406224
1.0429208
1.6711082
1.1262857
1.6211555
1.6193779
1.3194281
1.7477577
1.5759864
1.6398602
1.5054464
1.5075471
1.8985593
1.7410467
1.9669585
1.4194114
1.4543378
1.3759816
1.0902562
1.4730344
1.7222079
1.3078015
1.4870939
1.3433864
1.6200087
1.9447699
1.0389237
1.6024508
1.3459814
1.0657084
1.354012
1.8363032
1.9981785
1.5944589
1.1879826
1.1619698
1.3109745
1.1136682
1.8106077
1.8211602
1.7886751
1.4082105
1.7193612
1.6455586
1.7928318
1.9482539
1.3757985
1.5782945
1.5355277
1.1378844
1.2753522
1.1981834
1.9434342
1.9158778
1.5837461
1.398164
1.4325308
1.4080617
1.8839316
1.7837923
1.5178096
1.4637183
1.5311079
1.9108446
1.4167286
1.5548048
1.5637016
1.2331411
1.1981592
1.4922597
1.5689092
1.2637517
1.9295492
1.7981737
1.881355
1.3102567
1.1855128
1.2785625
1.5981688
1.5433593
1.2850158
1.2566476
1.2461505
1.6490419
1.363735
1.5347222
1.0115185
1.719789
1.7636681
1.9315599
1.8921399
1.5981448
1.5537443
1.9002459
1.2807693
1.4207606
1.4156103
1.8636514
1.0232918
1.6266289
1.4874759
1.5213324
1.677079
1.6541538
1.1930343
1.1844155
1.46671
1.6636848
1.2379429
1.9981544
1.9521023
1.5861564
1.5823505
1.6022764
1.7981496
1.4411602
1.7771999
1.5650414
1.6856408
1.4197681
1.8014657
1.2820468
1.1196288
1.5840424
1.9760445
1.7266996
1.4043208
1.808687
1.987654
1.5691526
1.70115
1.2196121
1.7468665
1.7760397
1.3760543
1.7777992
1.4395489
1.7655712
1.5219725
1.033779
1.9196622
1.8856236
1.0926697
1.1760495
1.1597726
1.5625949
1.234833
1.5784118
1.7522495
1.0196455
1.6316707
1.2153802
1.6500503
1.4195786
1.177825
1.3538709
1.8722131
1.7971544
1.5195619
1.9808803
1.1760252
1.6245005
1.7647424
1.3008709
1.6246223
1.6399
1.3368394
1.8619783
1.9332519
1.396896
1.5760348
1.6756
1.9317329
1.073965
1.8061382
1.1045263
1.3195953
1.2824614
1.4010634
1.37603
1.8295664
1.0547789
1.7206931
1.5760107
1.6999184
1.546963
1.0285084
1.8523488
1.004368
1.8195117
1.6700089
1.8429673
1.9429605
1.6675065
1.919495
1.8499569
1.3760059
1.3314664
1.5989506
1.6195452
1.4761449
1.9760203
1.4075868
1.7323303
1.3300896
1.0338645
1.7760155
1.6772695
1.4239169
1.598419
1.4431067
1.1752737
1.7195284
1.6792991
1.080075
1.0426278
1.1194615
1.7988573
1.2097895
1.7759913
1.5702704
1.039147
1.7733076
1.4893172
1.3127617
1.2194448
1.1621931
1.3320637
1.3918372
1.5378585
1.6350944
1.793055
1.2615908
1.7106473
1.6585648
1.0194783
1.9652414
1.176001
1.4783341
1.6026824
1.8244071
1.6708329
1.9759961
1.9856632
1.916101
1.0875155
1.824542
1.570209
1.3276976
1.9433284
1.4754223
1.0843968
1.1538911
1.84039
1.9109163
1.947588
1.0562104
1.0953845
1.1674883
1.5754056
1.6924832
1.9538863
1.5539008
1.186193
1.57845
1.325661
1.2377262
1.5600108
1.2754557
1.0302005
1.447935
1.353896
1.9757404
1.701496
1.3794099
1.6469684
1.5132916
1.3754389
1.0077474
1.2839367
1.8216853
1.775372
1.3167261
1.0593055
1.7427386
1.8136804
1.8753554
1.9821975
1.3538718
1.1487837
1.7812684
1.8922844
1.6931789
1.091948
1.8630712
1.8785044
1.058847
1.4654526
1.7538815
1.4945868
1.0706341
1.8147573
1.8746946
1.3935292
1.6753888
1.0332972
1.9370315
1.5538766
1.8460925
1.19368
1.4261279
1.8243188
1.7164445
1.4276581
1.9055482
1.9209052
1.130079
1.1753051
1.1953449
1.5484021
1.1395764
1.6840324
1.2752885
1.8799984
1.9473648
1.4571774
1.4758822
1.9753387
1.1815797
1.153867
1.4411576
1.7488564
1.9566479
1.102421
1.9538622
1.8029807
1.6599712
1.3038538
1.5116632
1.7903669
1.0753219
1.931098
1.1486316
1.1872047
1.7760639
1.8288989
1.9152243
1.3165028
1.5867965
1.4984053
1.803349
1.819679
1.4384727
1.5760591
1.2660922
1.0374985
1.5364141
1.5543845
1.6516204
1.9630318
1.3301474
1.4887857
1.7842759
1.9760687
1.6706762
1.0704107
1.8379953
1.6192085
1.8544486
1.7393894
1.1934569
1.1113744
1.7307186
1.7929503
1.580082
1.2756438
1.4904778
1.9598544
1.8312156
1.1144383
1.1018978
1.966101
1.9274426
1.3477689
1.124767
1.8396871
1.2931995
1.7539542
1.397918
1.2249439
1.7317474
1.3119042
1.0447085
1.0310957
1.3062828
1.1412683
1.6312492
1.1655378
1.1533698
1.9788518
1.9922664
1.8123952
1.1399882
1.7155249
1.6390026
1.7312324
1.0377889
1.3756063
1.9473963
1.3539444
1.6508293
1.7647403
1.8873155
1.8302065
1.1539395
1.0122391
1.5940819
1.2744949
1.7977946
1.4185162
1.4755895
1.2365249
1.1888967
1.8950305
1.0888885
1.5340091
1.3479898
1.6202979
1.1154556
1.5201921
1.9432511
1.5381061
1.5539492
1.0633388
1.6424663
1.471036
1.8626184
1.8831425
1.1315627
1.9632199
1.7822735
1.9538898
1.9355898
1.7755394
1.2557901
1.553925
1.7215767
1.1378003
1.2841532
1.1915157
1.3539202
1.9100399
1.0862659
1.5828886
1.6015933
1.9539347
1.8870145
1.7171279
1.5857344
1.3730314
1.9866893
1.5755727
1.840174
1.9286916
1.186203
1.0092885
1.6755561
1.9349438
1.7539299
1.9611396
1.0754892
1.3317816
1.9539106
1.8589404
1.0405643
1.455404
1.4192419
1.0246372
1.8333905
1.1754725
1.2033868
1.7539058
1.7923241
1.0081524
1.6809909
1.828484
1.6007577
1.4892635
1.8755226
1.6333628
1.909987
1.1539154
1.1053884
1.209312
1.9825721
1.0099998
1.8844901
1.9755058
1.3323579
1.0811126
1.2569504
1.0729764
1.8517802
1.9281762
1.8423691
1.9211808
1.9372764
1.8372718
1.2407637
1.4856884
1.8234003
1.9517635
1.2944193
1.6423643
1.2533753
1.9048643
1.2773855
1.6500057
1.4222794
1.9503148
1.6518137
1.2297572
1.0498711
1.042374
1.0021003
1.5911798
1.5789666
1.8315215
1.9467306
1.751797
1.7142258
1.1721451
1.7180016
1.9696884
1.2064099
1.6612417
1.7887489
1.8400404
1.2517133
1.1466372
1.0423498
1.8046956
1.8076284
1.3294559
1.877732
1.5564357
1.1317941
1.3516966
1.7835158
1.842345
1.4423594
1.1504987
1.9603179
1.4166934
1.0592479
1.021062
1.0517468
1.626595
1.5389676
1.2423546
1.8724524
1.0833638
1.1721871
1.4684899
1.4775972
1.1517301
1.0699879
1.1054585
1.785991
1.5516632
1.5856488
1.1503382
1.3391331
1.7103925
1.6516464
1.0444381
1.2423304
1.1130893
1.6779804
1.3533356
1.5147005
1.6883426
1.6407143
1.7752165
1.1210874
1.2869742
1.6423402
1.4588926
1.4525019
1.9057899
1.6962163
1.9899237
1.45168
1.0955377
1.028064
1.4423352
1.7428045
1.5755479
1.5171604
1.2061865
1.6131566
1.8887093
1.9677887
1.7424269
1.0943847
1.9515963
1.6563962
1.6394346
1.735971
1.5807445
1.0645323
1.9422389
1.3292327
1.4214832
1.4401878
1.7516297
1.2726123
1.0423256
1.037552
1.6455685
1.0188882
1.9239427
1.0831406
1.7672863
1.1210225
1.3948864
1.3331847
1.3867614
1.851613
1.9933385
1.2075737
1.278878
1.0202157
1.622013
1.9538025
1.7380729
1.3093202
1.0392439
1.9491115
1.3075569
1.9998541
1.8202109
1.3884534
1.9213905
1.2533281
1.7185622
1.4908359
1.3408251
1.0076071
1.3299775
1.7553059
1.2202206
1.0186265
1.730081
1.3044277
1.900078
1.2949145
1.1075904
1.853127
1.8775799
1.6900345
1.9862144
1.0411333
1.3666764
1.0868723
1.8565664
1.8424175
1.1766788
1.4837656
1.9304068
1.8241545
1.8088201
1.9462886
1.4360816
1.2575052
1.6424127
1.4889506
1.6068118
1.6202061
1.2762098
1.5057597
1.1221282
1.1278044
1.7376628
1.4075402
1.2277784
1.2444024
1.3607197
1.8889785
1.2734464
1.2022285
1.5370464
1.6033082
1.5075235
1.1000295
1.1518973
1.911702
1.242403
1.1118805
1.855773
1.48371
1.7269185
1.0423982
1.0744796
1.9759498
1.2388005
1.785311
1.8795674
1.2518806
1.8329195
1.7852912
1.7917426
1.151129
1.3555307
1.7298577
1.5846035
1.576507
1.6112247
1.051914
1.1345005
1.4424078
1.1255791
1.7334988
1.8529037
1.7593305
1.3441937
1.0669243
1.3450878
1.603795
1.4149411
1.9978302
1.5518304
1.2200959
1.4423838
1.1826279
1.0345123
1.8805478
1.0130372
1.2423788
1.9722805
1.4681337
1.5471942
1.5658989
1.8423934
1.9780471
1.0989957
1.1821289
1.194553
1.0489298
1.3518639
1.2220417
1.8929974
1.6472542
1.1003212
1.4518471
1.5313383
1.6423886
1.02338
1.8202835
1.3089194
1.1304828
1.747724
1.9703286
1.2643046
1.8078078
1.1838208
1.0748224
1.6202787
1.7052889
1.2535288
1.5330303
1.9891726
1.2833697
1.9077911
1.5593925
1.4854019
1.2202933
1.3600191
1.4607407
1.0074368
1.0351524
1.728931
1.3344693
1.7078245
1.4206257
1.0202885
1.4966178
1.5830147
1.8346114
1.0027405
1.5673652
1.3103343
1.2314491
1.8076568
1.0202641
1.2067204
1.6226668
1.0561178
1.2168989
1.335052
1.2077409
1.5806586
1.3832163
1.8202593
1.2779224
1.7457128
1.3765748
1.4019209
1.0319915
1.827563
1.0077744
1.8822397
1.4202738
1.2578199
1.9498372
1.4996208
1.3984147
1.7996783
1.2322701
1.1077576
1.7290194
1.220269
1.1300709
1.5076907
1.0216612
1.4202497
1.6381124
1.1806865
1.6282868
1.4446254
1.2202449
1.6594224
1.1148509
1.1439353
1.8538674
1.4057992
1.607674
1.9774964
1.929868
1.6261411
1.1811705
1.3077242
1.8687589
1.8993871
1.1027387
1.2455103
1.4077075
1.2790775
1.6202545
1.1556207
1.2130983
1.9918048
1.0353832
1.8704256
1.0834504
1.4839889
1.6723516
1.9411728
1.6407176
1.9076238
1.5107577
1.6202303
1.7088597
1.0510385
1.3555274
1.0815938
1.4202254
1.9678161
1.6070349
1.6330318
1.2662094
1.0202401
1.1482744
1.2378969
1.3267057
1.2631096
1.9865208
1.7076573
1.3609428
1.3884835
1.173486
1.1158624
1.8076406
1.381077
1.8202351
1.3136191
1.9981301
1.1683459
1.2693839
1.8711772
1.6484871
1.7905364
1.1636012
1.3283978
1.9934514
1.7981253
1.4240963
1.39243
1.677607
1.0577291
1.4954443
1.2635845
1.9636347
1.6299789
1.3981398
1.3900607
1.4889205
1.146338
1.8300028
1.2551627
1.3645108
1.063618
1.748903
1.198135
1.0228496
1.4565084
1.9791882
1.2392449
1.0935969
1.3268604
1.5899673
1.8762133
1.1981108
1.4767396
1.761568
1.3602736
1.2854555
1.6917264
1.5635343
1.5644174
1.4825478
1.998106
1.2944484
1.884614
1.515476
1.1157254
1.5582232
1.3916844
1.3635678
1.615517
1.5981205
1.8225428
1.3592725
1.6385219
1.4669713
1.3259101
1.1496413
1.463551
1.2379994
1.3981156
1.458035
1.8634841
1.727096
1.5980963
1.7393547
1.1972125
1.487768
1.5131819
1.3980914
1.7851334
1.8904969
1.84937
1.922424
1.0885642
1.9634674
1.4622183
1.5388677
1.6946976
1.8038381
1.6635176
1.0076599
1.6048219
1.0409359
1.2620364
1.7635009
1.5133178
1.7981012
1.1309366
1.2296245
1.12281
1.1039398
1.3901453
1.0999765
1.1935573
1.7409081
1.786983
1.7664287
1.4202981
1.2161925
1.7613447
