-1946737912
-1946737912
655985822
14520044
-1324330098
-1324330098
498074875
498074875
14520044
14520044
655985822
655985822
498074875
-1324330098
-1946737912
498074875
498074875
498074875
-1946737912
-1946737912
655985822
655985822
-1324330098
-1324330098
-1946737912
498074875
14520044
-1946737912
-1324330098
655985822
498074875
-1324330098
-1324330098
655985822
498074875
-1324330098
14520044
-1946737912
655985822
14520044
-1324330098
-1324330098
-1946737912
498074875
14520044
14520044
655985822
655985822
655985822
14520044
-1324330098
655985822
498074875
498074875
14520044
-1946737912
655985822
655985822
-1324330098
-1324330098
-1946737912
-1946737912
14520044
14520044
-1946737912
-1946737912
14520044
14520044
-1324330098
-1324330098
498074875
498074875
14520044
-1946737912
655985822
14520044
498074875
-1324330098
-1946737912
498074875
498074875
498074875
-1946737912
-1946737912
655985822
14520044
-1324330098
655985822
-1946737912
498074875
14520044
-1946737912
655985822
655985822
498074875
-1324330098
-1324330098
655985822
498074875
-1324330098
-1946737912
-1946737912
655985822
14520044
-1324330098
-1324330098
498074875
498074875
14520044
14520044
655985822
655985822
14520044
14520044
-1324330098
655985822
498074875
498074875
-1946737912
-1946737912
655985822
655985822
-1324330098
-1324330098
-1946737912
498074875
14520044
-1946737912
14520044
-1946737912
655985822
14520044
498074875
-1324330098
-1946737912
498074875
14520044
14520044
-1324330098
655985822
498074875
498074875
-1946737912
-1946737912
-1946737912
498074875
14520044
-1946737912
655985822
655985822
498074875
-1324330098
-1946737912
-1946737912
14520044
14520044
-1324330098
-1324330098
498074875
498074875
-1324330098
-1324330098
498074875
498074875
14520044
14520044
655985822
655985822
498074875
-1324330098
-1946737912
498074875
655985822
14520044
-1324330098
655985822
655985822
655985822
-1324330098
-1324330098
-1946737912
498074875
14520044
-1946737912
-1324330098
655985822
498074875
-1324330098
-1946737912
-1946737912
655985822
14520044
14520044
-1946737912
655985822
14520044
-1324330098
-1324330098
-1946737912
498074875
