rpdvLVhORRvWd
rpdvLVhORRvWd
_BqkJ
D{\n`ok
UHJ_GhH
UHJ_GhH
HbOEOo{]rNfDk
HbOEOo{]rNfDk
D{\n`ok
D{\n`ok
_BqkJ
_BqkJ
HbOEOo{]rNfDk
UHJ_GhH
rpdvLVhORRvWd
HbOEOo{]rNfDk
HbOEOo{]rNfDk
HbOEOo{]rNfDk
rpdvLVhORRvWd
rpdvLVhORRvWd
_BqkJ
_BqkJ
UHJ_GhH
UHJ_GhH
rpdvLVhORRvWd
HbOEOo{]rNfDk
D{\n`ok
rpdvLVhORRvWd
UHJ_GhH
_BqkJ
HbOEOo{]rNfDk
UHJ_GhH
UHJ_GhH
_BqkJ
HbOEOo{]rNfDk
UHJ_GhH
D{\n`ok
rpdvLVhORRvWd
_BqkJ
D{\n`ok
UHJ_GhH
UHJ_GhH
rpdvLVhORRvWd
HbOEOo{]rNfDk
D{\n`ok
D{\n`ok
_BqkJ
_BqkJ
_BqkJ
D{\n`ok
UHJ_GhH
_BqkJ
HbOEOo{]rNfDk
HbOEOo{]rNfDk
D{\n`ok
rpdvLVhORRvWd
_BqkJ
_BqkJ
UHJ_GhH
UHJ_GhH
rpdvLVhORRvWd
rpdvLVhORRvWd
D{\n`ok
D{\n`ok
rpdvLVhORRvWd
rpdvLVhORRvWd
D{\n`ok
D{\n`ok
UHJ_GhH
UHJ_GhH
HbOEOo{]rNfDk
HbOEOo{]rNfDk
D{\n`ok
rpdvLVhORRvWd
_BqkJ
D{\n`ok
HbOEOo{]rNfDk
UHJ_GhH
rpdvLVhORRvWd
HbOEOo{]rNfDk
HbOEOo{]rNfDk
HbOEOo{]rNfDk
rpdvLVhORRvWd
rpdvLVhORRvWd
_BqkJ
D{\n`ok
UHJ_GhH
_BqkJ
rpdvLVhORRvWd
HbOEOo{]rNfDk
D{\n`ok
rpdvLVhORRvWd
_BqkJ
_BqkJ
HbOEOo{]rNfDk
UHJ_GhH
UHJ_GhH
_BqkJ
HbOEOo{]rNfDk
UHJ_GhH
rpdvLVhORRvWd
rpdvLVhORRvWd
_BqkJ
D{\n`ok
UHJ_GhH
UHJ_GhH
HbOEOo{]rNfDk
HbOEOo{]rNfDk
D{\n`ok
D{\n`ok
_BqkJ
_BqkJ
D{\n`ok
D{\n`ok
UHJ_GhH
_BqkJ
HbOEOo{]rNfDk
HbOEOo{]rNfDk
rpdvLVhORRvWd
rpdvLVhORRvWd
_BqkJ
_BqkJ
UHJ_GhH
UHJ_GhH
rpdvLVhORRvWd
HbOEOo{]rNfDk
D{\n`ok
rpdvLVhORRvWd
D{\n`ok
rpdvLVhORRvWd
_BqkJ
D{\n`ok
HbOEOo{]rNfDk
UHJ_GhH
rpdvLVhORRvWd
HbOEOo{]rNfDk
D{\n`ok
D{\n`ok
UHJ_GhH
_BqkJ
HbOEOo{]rNfDk
HbOEOo{]rNfDk
rpdvLVhORRvWd
rpdvLVhORRvWd
rpdvLVhORRvWd
HbOEOo{]rNfDk
D{\n`ok
rpdvLVhORRvWd
_BqkJ
_BqkJ
HbOEOo{]rNfDk
UHJ_GhH
rpdvLVhORRvWd
rpdvLVhORRvWd
D{\n`ok
D{\n`ok
UHJ_GhH
UHJ_GhH
HbOEOo{]rNfDk
HbOEOo{]rNfDk
UHJ_GhH
UHJ_GhH
HbOEOo{]rNfDk
HbOEOo{]rNfDk
D{\n`ok
D{\n`ok
_BqkJ
_BqkJ
HbOEOo{]rNfDk
UHJ_GhH
rpdvLVhORRvWd
HbOEOo{]rNfDk
_BqkJ
D{\n`ok
UHJ_GhH
_BqkJ
_BqkJ
_BqkJ
UHJ_GhH
UHJ_GhH
rpdvLVhORRvWd
HbOEOo{]rNfDk
D{\n`ok
rpdvLVhORRvWd
UHJ_GhH
_BqkJ
HbOEOo{]rNfDk
UHJ_GhH
rpdvLVhORRvWd
rpdvLVhORRvWd
_BqkJ
D{\n`ok
D{\n`ok
rpdvLVhORRvWd
_BqkJ
D{\n`ok
UHJ_GhH
UHJ_GhH
rpdvLVhORRvWd
HbOEOo{]rNfDk
