170168523965373507
170168523965373507
-5314339610421633677
-8606680193877787961
-3961471723281815039
-3961471723281815039
-8499159136334653718
-8499159136334653718
-8606680193877787961
-8606680193877787961
-5314339610421633677
-5314339610421633677
-8499159136334653718
-3961471723281815039
170168523965373507
-8499159136334653718
-8499159136334653718
-8499159136334653718
170168523965373507
170168523965373507
-5314339610421633677
-5314339610421633677
-3961471723281815039
-3961471723281815039
170168523965373507
-8499159136334653718
-8606680193877787961
170168523965373507
-3961471723281815039
-5314339610421633677
-8499159136334653718
-3961471723281815039
-3961471723281815039
-5314339610421633677
-8499159136334653718
-3961471723281815039
-8606680193877787961
170168523965373507
-5314339610421633677
-8606680193877787961
-3961471723281815039
-3961471723281815039
170168523965373507
-8499159136334653718
-8606680193877787961
-8606680193877787961
-5314339610421633677
-5314339610421633677
-5314339610421633677
-8606680193877787961
-3961471723281815039
-5314339610421633677
-8499159136334653718
-8499159136334653718
-8606680193877787961
170168523965373507
-5314339610421633677
-5314339610421633677
-3961471723281815039
-3961471723281815039
170168523965373507
170168523965373507
-8606680193877787961
-8606680193877787961
170168523965373507
170168523965373507
-8606680193877787961
-8606680193877787961
-3961471723281815039
-3961471723281815039
-8499159136334653718
-8499159136334653718
-8606680193877787961
170168523965373507
-5314339610421633677
-8606680193877787961
-8499159136334653718
-3961471723281815039
170168523965373507
-8499159136334653718
-8499159136334653718
-8499159136334653718
170168523965373507
170168523965373507
-5314339610421633677
-8606680193877787961
-3961471723281815039
-5314339610421633677
170168523965373507
-8499159136334653718
-8606680193877787961
170168523965373507
-5314339610421633677
-5314339610421633677
-8499159136334653718
-3961471723281815039
-3961471723281815039
-5314339610421633677
-8499159136334653718
-3961471723281815039
170168523965373507
170168523965373507
-5314339610421633677
-8606680193877787961
-3961471723281815039
-3961471723281815039
-8499159136334653718
-8499159136334653718
-8606680193877787961
-8606680193877787961
-5314339610421633677
-5314339610421633677
-8606680193877787961
-8606680193877787961
-3961471723281815039
-5314339610421633677
-8499159136334653718
-8499159136334653718
170168523965373507
170168523965373507
-5314339610421633677
-5314339610421633677
-3961471723281815039
-3961471723281815039
170168523965373507
-8499159136334653718
-8606680193877787961
170168523965373507
-8606680193877787961
170168523965373507
-5314339610421633677
-8606680193877787961
-8499159136334653718
-3961471723281815039
170168523965373507
-8499159136334653718
-8606680193877787961
-8606680193877787961
-3961471723281815039
-5314339610421633677
-8499159136334653718
-8499159136334653718
170168523965373507
170168523965373507
170168523965373507
-8499159136334653718
-8606680193877787961
170168523965373507
-5314339610421633677
-5314339610421633677
-8499159136334653718
-3961471723281815039
170168523965373507
170168523965373507
-8606680193877787961
-8606680193877787961
-3961471723281815039
-3961471723281815039
-8499159136334653718
-8499159136334653718
-3961471723281815039
-3961471723281815039
-8499159136334653718
-8499159136334653718
-8606680193877787961
-8606680193877787961
-5314339610421633677
-5314339610421633677
-8499159136334653718
-3961471723281815039
170168523965373507
-8499159136334653718
-5314339610421633677
-8606680193877787961
-3961471723281815039
-5314339610421633677
-5314339610421633677
-5314339610421633677
-3961471723281815039
-3961471723281815039
170168523965373507
-8499159136334653718
-8606680193877787961
170168523965373507
-3961471723281815039
-5314339610421633677
-8499159136334653718
-3961471723281815039
170168523965373507
170168523965373507
-5314339610421633677
-8606680193877787961
-8606680193877787961
170168523965373507
-5314339610421633677
-8606680193877787961
-3961471723281815039
-3961471723281815039
170168523965373507
-8499159136334653718
