[70 82 112 67 67 110 118 123 80 85 120 100]
[70 82 112 67 67 110 118 123 80 85 120 100]
[100 123 78 82 124 91 118 103 100 107 113 97]
[68 98 68 94 106 87 68 119 115 110 102 87]
[119 87 100 98 87 84 71 72 115 75 109 122]
[119 87 100 98 87 84 71 72 115 75 109 122]
[99 65 111 88 80 74 65 80 79 120 85 102]
[99 65 111 88 80 74 65 80 79 120 85 102]
[68 98 68 94 106 87 68 119 115 110 102 87]
[68 98 68 94 106 87 68 119 115 110 102 87]
[100 123 78 82 124 91 118 103 100 107 113 97]
[100 123 78 82 124 91 118 103 100 107 113 97]
[99 65 111 88 80 74 65 80 79 120 85 102]
[119 87 100 98 87 84 71 72 115 75 109 122]
[70 82 112 67 67 110 118 123 80 85 120 100]
[99 65 111 88 80 74 65 80 79 120 85 102]
[99 65 111 88 80 74 65 80 79 120 85 102]
[99 65 111 88 80 74 65 80 79 120 85 102]
[70 82 112 67 67 110 118 123 80 85 120 100]
[70 82 112 67 67 110 118 123 80 85 120 100]
[100 123 78 82 124 91 118 103 100 107 113 97]
[100 123 78 82 124 91 118 103 100 107 113 97]
[119 87 100 98 87 84 71 72 115 75 109 122]
[119 87 100 98 87 84 71 72 115 75 109 122]
[70 82 112 67 67 110 118 123 80 85 120 100]
[99 65 111 88 80 74 65 80 79 120 85 102]
[68 98 68 94 106 87 68 119 115 110 102 87]
[70 82 112 67 67 110 118 123 80 85 120 100]
[119 87 100 98 87 84 71 72 115 75 109 122]
[100 123 78 82 124 91 118 103 100 107 113 97]
[99 65 111 88 80 74 65 80 79 120 85 102]
[119 87 100 98 87 84 71 72 115 75 109 122]
[119 87 100 98 87 84 71 72 115 75 109 122]
[100 123 78 82 124 91 118 103 100 107 113 97]
[99 65 111 88 80 74 65 80 79 120 85 102]
[119 87 100 98 87 84 71 72 115 75 109 122]
[68 98 68 94 106 87 68 119 115 110 102 87]
[70 82 112 67 67 110 118 123 80 85 120 100]
[100 123 78 82 124 91 118 103 100 107 113 97]
[68 98 68 94 106 87 68 119 115 110 102 87]
[119 87 100 98 87 84 71 72 115 75 109 122]
[119 87 100 98 87 84 71 72 115 75 109 122]
[70 82 112 67 67 110 118 123 80 85 120 100]
[99 65 111 88 80 74 65 80 79 120 85 102]
[68 98 68 94 106 87 68 119 115 110 102 87]
[68 98 68 94 106 87 68 119 115 110 102 87]
[100 123 78 82 124 91 118 103 100 107 113 97]
[100 123 78 82 124 91 118 103 100 107 113 97]
[100 123 78 82 124 91 118 103 100 107 113 97]
[68 98 68 94 106 87 68 119 115 110 102 87]
[119 87 100 98 87 84 71 72 115 75 109 122]
[100 123 78 82 124 91 118 103 100 107 113 97]
[99 65 111 88 80 74 65 80 79 120 85 102]
[99 65 111 88 80 74 65 80 79 120 85 102]
[68 98 68 94 106 87 68 119 115 110 102 87]
[70 82 112 67 67 110 118 123 80 85 120 100]
[100 123 78 82 124 91 118 103 100 107 113 97]
[100 123 78 82 124 91 118 103 100 107 113 97]
[119 87 100 98 87 84 71 72 115 75 109 122]
[119 87 100 98 87 84 71 72 115 75 109 122]
[70 82 112 67 67 110 118 123 80 85 120 100]
[70 82 112 67 67 110 118 123 80 85 120 100]
[68 98 68 94 106 87 68 119 115 110 102 87]
[68 98 68 94 106 87 68 119 115 110 102 87]
[70 82 112 67 67 110 118 123 80 85 120 100]
[70 82 112 67 67 110 118 123 80 85 120 100]
[68 98 68 94 106 87 68 119 115 110 102 87]
[68 98 68 94 106 87 68 119 115 110 102 87]
[119 87 100 98 87 84 71 72 115 75 109 122]
[119 87 100 98 87 84 71 72 115 75 109 122]
[99 65 111 88 80 74 65 80 79 120 85 102]
[99 65 111 88 80 74 65 80 79 120 85 102]
[68 98 68 94 106 87 68 119 115 110 102 87]
[70 82 112 67 67 110 118 123 80 85 120 100]
[100 123 78 82 124 91 118 103 100 107 113 97]
[68 98 68 94 106 87 68 119 115 110 102 87]
[99 65 111 88 80 74 65 80 79 120 85 102]
[119 87 100 98 87 84 71 72 115 75 109 122]
[70 82 112 67 67 110 118 123 80 85 120 100]
[99 65 111 88 80 74 65 80 79 120 85 102]
[99 65 111 88 80 74 65 80 79 120 85 102]
[99 65 111 88 80 74 65 80 79 120 85 102]
[70 82 112 67 67 110 118 123 80 85 120 100]
[70 82 112 67 67 110 118 123 80 85 120 100]
[100 123 78 82 124 91 118 103 100 107 113 97]
[68 98 68 94 106 87 68 119 115 110 102 87]
[119 87 100 98 87 84 71 72 115 75 109 122]
[100 123 78 82 124 91 118 103 100 107 113 97]
[70 82 112 67 67 110 118 123 80 85 120 100]
[99 65 111 88 80 74 65 80 79 120 85 102]
[68 98 68 94 106 87 68 119 115 110 102 87]
[70 82 112 67 67 110 118 123 80 85 120 100]
[100 123 78 82 124 91 118 103 100 107 113 97]
[100 123 78 82 124 91 118 103 100 107 113 97]
[99 65 111 88 80 74 65 80 79 120 85 102]
[119 87 100 98 87 84 71 72 115 75 109 122]
[119 87 100 98 87 84 71 72 115 75 109 122]
[100 123 78 82 124 91 118 103 100 107 113 97]
[99 65 111 88 80 74 65 80 79 120 85 102]
[119 87 100 98 87 84 71 72 115 75 109 122]
[70 82 112 67 67 110 118 123 80 85 120 100]
[70 82 112 67 67 110 118 123 80 85 120 100]
[100 123 78 82 124 91 118 103 100 107 113 97]
[68 98 68 94 106 87 68 119 115 110 102 87]
[119 87 100 98 87 84 71 72 115 75 109 122]
[119 87 100 98 87 84 71 72 115 75 109 122]
[99 65 111 88 80 74 65 80 79 120 85 102]
[99 65 111 88 80 74 65 80 79 120 85 102]
[68 98 68 94 106 87 68 119 115 110 102 87]
[68 98 68 94 106 87 68 119 115 110 102 87]
[100 123 78 82 124 91 118 103 100 107 113 97]
[100 123 78 82 124 91 118 103 100 107 113 97]
[68 98 68 94 106 87 68 119 115 110 102 87]
[68 98 68 94 106 87 68 119 115 110 102 87]
[119 87 100 98 87 84 71 72 115 75 109 122]
[100 123 78 82 124 91 118 103 100 107 113 97]
[99 65 111 88 80 74 65 80 79 120 85 102]
[99 65 111 88 80 74 65 80 79 120 85 102]
[70 82 112 67 67 110 118 123 80 85 120 100]
[70 82 112 67 67 110 118 123 80 85 120 100]
[100 123 78 82 124 91 118 103 100 107 113 97]
[100 123 78 82 124 91 118 103 100 107 113 97]
[119 87 100 98 87 84 71 72 115 75 109 122]
[119 87 100 98 87 84 71 72 115 75 109 122]
[70 82 112 67 67 110 118 123 80 85 120 100]
[99 65 111 88 80 74 65 80 79 120 85 102]
[68 98 68 94 106 87 68 119 115 110 102 87]
[70 82 112 67 67 110 118 123 80 85 120 100]
[68 98 68 94 106 87 68 119 115 110 102 87]
[70 82 112 67 67 110 118 123 80 85 120 100]
[100 123 78 82 124 91 118 103 100 107 113 97]
[68 98 68 94 106 87 68 119 115 110 102 87]
[99 65 111 88 80 74 65 80 79 120 85 102]
[119 87 100 98 87 84 71 72 115 75 109 122]
[70 82 112 67 67 110 118 123 80 85 120 100]
[99 65 111 88 80 74 65 80 79 120 85 102]
[68 98 68 94 106 87 68 119 115 110 102 87]
[68 98 68 94 106 87 68 119 115 110 102 87]
[119 87 100 98 87 84 71 72 115 75 109 122]
[100 123 78 82 124 91 118 103 100 107 113 97]
[99 65 111 88 80 74 65 80 79 120 85 102]
[99 65 111 88 80 74 65 80 79 120 85 102]
[70 82 112 67 67 110 118 123 80 85 120 100]
[70 82 112 67 67 110 118 123 80 85 120 100]
[70 82 112 67 67 110 118 123 80 85 120 100]
[99 65 111 88 80 74 65 80 79 120 85 102]
[68 98 68 94 106 87 68 119 115 110 102 87]
[70 82 112 67 67 110 118 123 80 85 120 100]
[100 123 78 82 124 91 118 103 100 107 113 97]
[100 123 78 82 124 91 118 103 100 107 113 97]
[99 65 111 88 80 74 65 80 79 120 85 102]
[119 87 100 98 87 84 71 72 115 75 109 122]
[70 82 112 67 67 110 118 123 80 85 120 100]
[70 82 112 67 67 110 118 123 80 85 120 100]
[68 98 68 94 106 87 68 119 115 110 102 87]
[68 98 68 94 106 87 68 119 115 110 102 87]
[119 87 100 98 87 84 71 72 115 75 109 122]
[119 87 100 98 87 84 71 72 115 75 109 122]
[99 65 111 88 80 74 65 80 79 120 85 102]
[99 65 111 88 80 74 65 80 79 120 85 102]
[119 87 100 98 87 84 71 72 115 75 109 122]
[119 87 100 98 87 84 71 72 115 75 109 122]
[99 65 111 88 80 74 65 80 79 120 85 102]
[99 65 111 88 80 74 65 80 79 120 85 102]
[68 98 68 94 106 87 68 119 115 110 102 87]
[68 98 68 94 106 87 68 119 115 110 102 87]
[100 123 78 82 124 91 118 103 100 107 113 97]
[100 123 78 82 124 91 118 103 100 107 113 97]
[99 65 111 88 80 74 65 80 79 120 85 102]
[119 87 100 98 87 84 71 72 115 75 109 122]
[70 82 112 67 67 110 118 123 80 85 120 100]
[99 65 111 88 80 74 65 80 79 120 85 102]
[100 123 78 82 124 91 118 103 100 107 113 97]
[68 98 68 94 106 87 68 119 115 110 102 87]
[119 87 100 98 87 84 71 72 115 75 109 122]
[100 123 78 82 124 91 118 103 100 107 113 97]
[100 123 78 82 124 91 118 103 100 107 113 97]
[100 123 78 82 124 91 118 103 100 107 113 97]
[119 87 100 98 87 84 71 72 115 75 109 122]
[119 87 100 98 87 84 71 72 115 75 109 122]
[70 82 112 67 67 110 118 123 80 85 120 100]
[99 65 111 88 80 74 65 80 79 120 85 102]
[68 98 68 94 106 87 68 119 115 110 102 87]
[70 82 112 67 67 110 118 123 80 85 120 100]
[119 87 100 98 87 84 71 72 115 75 109 122]
[100 123 78 82 124 91 118 103 100 107 113 97]
[99 65 111 88 80 74 65 80 79 120 85 102]
[119 87 100 98 87 84 71 72 115 75 109 122]
[70 82 112 67 67 110 118 123 80 85 120 100]
[70 82 112 67 67 110 118 123 80 85 120 100]
[100 123 78 82 124 91 118 103 100 107 113 97]
[68 98 68 94 106 87 68 119 115 110 102 87]
[68 98 68 94 106 87 68 119 115 110 102 87]
[70 82 112 67 67 110 118 123 80 85 120 100]
[100 123 78 82 124 91 118 103 100 107 113 97]
[68 98 68 94 106 87 68 119 115 110 102 87]
[119 87 100 98 87 84 71 72 115 75 109 122]
[119 87 100 98 87 84 71 72 115 75 109 122]
[70 82 112 67 67 110 118 123 80 85 120 100]
[99 65 111 88 80 74 65 80 79 120 85 102]
