1180918287
1584853918
1753571106
-3666739
14520044
1360509294
-2083103039
2031410478
1401210358
-946876621
498897016
-2012917588
-763713701
-124688391
1475118385
-325421523
-1303498774
-968275756
322068497
1804324983
-551429646
1225092504
292936915
-938903036
1694589450
454182741
-1408543837
751493392
-1936680519
-26266315
531567361
153728479
-1632823156
2074387009
-2058994763
-403105262
388599474
1145911788
-427481782
1320874355
-542313697
1664366657
-346484495
-559151647
-1569215843
-597897593
-1695416956
100996820
-1484438986
-1488879840
362731811
1024060347
1432259992
736129416
-1933373688
1365382853
1549223678
-955960384
-263896826
-635045672
1255647321
-775909391
-84002743
1375096541
816705191
941790191
1240538352
1724075568
-1328965792
918000144
-354589592
-1796419837
737578501
706969659
1686432626
-1649551847
-38738321
1968224020
1371215086
1145253525
940691470
-1016815572
1036176256
82940400
629475422
-164338746
666589174
-1170253625
512365295
-1854432709
-1584394661
926440724
-645090294
1157954024
740865944
-331188309
500374838
-1023098864
-818342586
-27330946
377763062
-1635477524
-336608361
2073054595
-1025108429
361166403
1349815579
939338930
1086557528
941621335
-494620262
188554970
-244674749
-248918566
778791708
-2080056068
-1649870655
1718943195
597234127
1800639982
-1551577466
-861771692
970446537
639583273
-2064902419
-150027538
-1235415634
487498594
707680482
1713881279
-1944820304
536258287
-920840482
-674309619
-536062952
-1642603855
1941135384
-278816585
1963438137
-1416341702
-142760738
836841033
1604145747
-106638057
-1394912743
-347322793
-1614292680
1933352344
-1816577593
1821668390
-141236218
1321245348
1823616812
-965487848
-868618811
1694177549
323467864
2102646572
1152520324
1616445298
627325228
1545812832
-1438041801
57236769
1056659509
-1167535827
169094104
-982932329
1814918284
-370452256
1181636629
61801316
-457768998
70162442
1406604396
697572706
-887863100
-2033258991
-1672087102
1824229702
322786838
1357082378
-1265313653
1494410215
1685021267
-359384498
-1700444747
1625102711
1384674682
752211734
-1508095660
2043156576
-1247871831
-1825055980
592557664
-1902831693
931182591
988979091
-1941964652
-1501971761
1405638536
157005267
-2011958784
1117720995
255709755
1622286369
-1395631085
-2051700184
1561644433
-722367496
237341270
1611061525
1226051308
67394333
-1368229739
1267395961
2040486420
-1832229119
-916334625
1642218368
1128187526
1754529910
1035314020
1928960074
571353785
1056651931
-523894510
327005307
76669264
-107356399
-1601756308
-1553852666
1826848424
432145350
1914060515
1233787006
1754617563
1481546361
58874448
-1076592977
1642884326
419141469
849770655
-1483480182
2133531580
2013391271
1561882365
-966206190
-955001580
-2126919639
-1172837810
710562220
-536781294
2023796047
-567355598
-1328207834
1375740517
-1952151896
-1348244418
-53766305
-626392406
-1165571010
992058172
-1044788564
471397026
389243450
2034417084
-819765816
-1154524096
1131289110
-547274798
1421483068
133208382
-825317499
-946232644
-466938795
-1982133341
-1876723020
153211859
-713573565
937938303
562633277
-578929636
-1932729712
-1711351048
-2121341776
-935053032
1910893374
-961008956
1616791779
-1373995161
351684845
1724719544
-627610801
1711308104
2046887019
2109366360
538834161
-1585209542
-1483730693
-1722916946
1888806870
1477583343
713530621
-291287214
996560357
334272106
1895208649
1850907963
-1264259629
-597253617
857602300
1756000214
-1585881708
-1405996671
1834115223
-2032487899
-2014634437
1521723688
-1583750685
-707946804
-976774640
-672590284
-1349203222
743396215
1059958038
-1812937290
-1207523685
-820724620
696930293
2015165468
-147426952
550157831
-2051727964
-1963271707
-1922672823
-1593466226
-427919420
777266296
-1155784647
-284246862
-1197753615
2038677278
1338374908
-726359751
-1703201758
-1877681824
-2112823902
1199166473
-1282024345
1329762096
-756446902
642332732
-978166982
2041204762
947958270
616594290
-627795612
1428063041
764711186
-1847165910
-1898917733
2043087876
-1824337639
1293189788
2021471388
-1975944465
1953226372
377736379
-292246018
920749603
1017387984
-2032408355
1611779867
2101807391
1345198522
19610501
902899710
-551884847
781541167
358701455
-2142143887
236232584
-788282808
-157010254
-1412226869
-627368172
-1318914252
-331944330
-544618048
-1993169726
-915761203
-793750921
371468348
2105396031
-1625145655
-1025496735
-295498172
-7349772
1315300503
1661329506
-696290138
-1213967458
72986231
-1911154394
370409312
447659935
750663015
1477863329
-1006672659
-1844077583
-685488856
-2044461164
-2050362829
-806025670
-2089625846
-340055993
1513947402
-1244967800
563351619
1956904154
-87685775
-323510808
781739072
992776514
1159787124
-1644190699
-1354703332
1306902403
-1809584540
-1023338379
-1321288292
1672044158
-268587590
955225069
1966187596
328803436
-1135232267
899946950
1397527326
1826979161
674266675
133926723
-1839899110
-1492562873
-657693631
256575741
1428425552
-168021778
-308714604
-1146882730
-752627336
1364349178
-45261128
-1683909929
-2013916096
-224148734
1090221005
-19653445
-1286091165
-1584491200
-1430775001
-1295211672
-1793645461
-1464438864
1422201410
1317191323
1664279530
1975901521
-1007674295
-1635337056
734343137
677782463
-1574174397
-1281105938
-1572898876
-1802942643
978124038
1851626305
-135493939
932816123
1281981401
-725641409
1568911232
-1629256298
40264423
-1703716471
1361287072
-1226212947
-1604469657
-1871815892
-296216514
1889765674
-1104092967
284203918
-1842924906
-1425299600
304329868
1712420388
-1017430928
-1903380994
-1155066305
1615384336
2013258557
-2015208412
-1564508036
69068116
-824865392
1026761490
1018274306
832808470
2140547667
166257472
-1032785930
-1686463847
-164561137
-1238274395
159856499
-2147334890
-1293570392
-448261152
1923938987
-2025121834
-1257038952
-765091790
-713111064
-2030563413
2008423970
-1868918020
1944439700
945861736
962769037
-539908733
-2115888742
2006366239
2132850633
-35008447
-2008126455
-1664404254
-1591424044
1146353566
864968365
-1822048994
-1763437726
1495332593
-2105457837
291865414
337215598
-1392951058
1395923916
31235735
-777467749
862378929
508835526
1590798665
820344016
-887203281
364730458
-700580739
460660630
-827614056
-557996684
-826640568
-620244736
1869215535
-236613188
-613346793
1266626400
784632361
-398189161
-187947733
-1813137636
-103919201
1730007100
-667732216
1144334723
1600485971
1173173359
-1106674346
-414873807
-1294529196
-780916743
-603459227
-1857098374
1342807709
-1194638209
1748935316
-1216409878
-1331935043
-766050594
1033964924
-1601236710
1392095740
1387542260
-1399200263
1451590230
890085526
-996938813
-477661541
704296358
1312381794
394318256
2122411973
100642854
2109173456
1319510421
1912705591
-1464158608
-861252746
-857182563
-281608381
290906610
-990076154
616339618
-1545616475
-1974082336
819385212
543624352
-299601863
243554950
221532533
509766963
-1843679631
-1655352007
-1326145410
-1194478072
623960355
-2116607084
1695953103
-806771712
305204908
894756489
129314504
-1435880943
-237571992
2028837453
755548053
698175620
563203444
1805048025
460705548
312471708
-158342722
-209498258
1791544953
-102336228
-2076355943
51196947
-319233790
-2076580233
-1485196808
271082173
-946580536
-1978259012
1812314825
2079402918
-1797939073
2046751913
1240309812
1607752770
16293
-587767618
741218291
-1494056627
-1187371409
-1937147508
-99762725
-1296975968
1814413601
1404893391
1048974430
1266381622
1483099578
-1565532811
1352831793
-927932349
-1685745505
2016876879
-1873577650
-648440387
-402769018
2011578180
1661777612
355054310
-758175920
-1256320610
-160655713
1434892579
700507069
-428969323
426142374
-80319710
1940194482
-1944358020
-318898717
-982809355
1324557388
-887080582
-1453095681
954620976
517033762
1800986047
-538704855
1438782799
-2073528363
747388750
-977646984
-397470819
-697953310
-240991716
1656689157
1172720975
31954077
-573685246
-1524598623
-1087382517
-1312084279
-169474708
-1789897030
658911673
-642723173
122394313
-778247300
1522569177
448395512
-867911452
-1754910514
1244221384
-1010292766
-1640500656
-826895714
721595817
-1645868814
-538101555
647557644
-1226431912
956039577
-189122528
-1590501149
887482496
-369123191
-811819779
-1416589114
1320228763
1415961098
1481202908
1960546520
-1729709585
1749653658
1130719925
-1175619595
-1526324646
-1197118049
461378972
1163885381
1783871606
-338865810
-1451292714
926157871
-32215515
797374539
-1306853581
359003894
-1726204817
1725466001
-1336643293
890803867
-1868966308
-1875323962
933424671
-1554496642
-80470896
526397006
494239658
1622968105
-1983621966
-190206429
-1445899067
-945271782
1753973587
1313567847
-266646285
-1861699509
-914317676
-1726960126
11933000
1560793543
-2066261563
539941319
-567999574
-523929656
-562717546
-566418446
-134713411
29264636
1990218439
-34238944
1944818417
-985844483
1233675
2079675464
309715608
-681987119
-545063156
-157624380
-1657137454
-1205517614
-519413026
-684271591
-1686813230
63759575
-1679764603
-629148558
271800515
834878939
2102952614
767476520
-299941961
1022718260
459605316
843363840
315790364
-1016474171
-361856392
1864482414
-219020547
-405854721
1551196862
1137986725
-1693921940
-409677493
-587049276
-1452575400
1041836826
160688300
1130650306
-101377424
-1884598364
-378129756
-1101896897
1560075201
448914936
-856538587
1565565397
-1241105332
427101178
-1495448954
-1375907239
1617425210
-823480026
-157294337
1821441091
1116455547
-1244188798
-1158334628
1360042270
-715844689
619647727
701225410
1342548779
1885205601
129958480
-962688461
-629856026
-309108371
478937507
-1519522202
1484058382
119708339
-517371703
1485229394
-1446617408
2012536984
216054960
107909653
-1658730638
-1017192513
9972807
-507559560
-1404860804
-1324524801
1989500097
-1359435033
-1843035655
1921282573
-1380313767
339179404
262232561
1465434574
80352296
955579780
-834271702
2019914077
-1391933463
-1876042304
229443872
-347202837
1455826556
-886436606
-543591766
-56458903
1090815544
1917416181
276526417
861285332
82222058
1764044963
-1872933674
-721251066
-195667338
1346091024
-619869600
-1597946851
-2022885912
-1206052628
-1445308600
713718301
100060461
221957967
33858340
54534517
159734665
-1948468863
-776627733
562336942
1238881632
1274303901
82749532
-1618715946
-955432339
1615019570
-474084209
1370496744
1016884427
-537457579
780949329
-613292644
-595781726
358207651
-1180104609
-2109140870
1799921640
-430269008
-1523954647
1435536555
-2028804866
1619294146
-2005759002
1137811916
115176453
511646954
1236355492
-1480595670
449039488
-334875773
-2147194548
1126619959
-1399473864
-623927769
941071849
687677830
1336284902
700613326
-1636195865
705853120
1145220985
-975542555
-1030917950
-1206770970
577942298
1089856740
2105490423
-1170126385
-291924363
-1201000878
524300562
319738507
-752501079
907148895
2115889167
1784515582
-704263772
-1593559209
94894323
-421396613
1819581624
-2065620761
797413362
620057654
561378138
-891709514
1703630604
-1574256318
-1619674750
-1448543255
2007487967
248735701
1131368648
2025154420
1404994560
