1.117006608807225
1.9637047970232078
1.8403139374130624
1.352816146711611
1.4983546290518872
1.7599608278137966
1.3379665261498785
1.252662656454937
1.4524563850956287
1.4912940712854206
1.3706111260136415
1.981589084197123
1.1715433365870687
1.8611996185914073
1.1703454267749
1.6698621362863424
1.6741753207781114
1.4149012812895134
1.3635152419470855
1.5504235673221451
1.2584329762049888
1.6990387608266795
1.7726646499728471
1.56953140432437
1.7570641821726765
1.0060709160134143
1.253175893426432
1.240260917926575
1.1647461160690833
1.3145220511093152
1.3337819614216446
1.1355096544135284
1.5456049332456139
1.5388783507266206
1.0093047117524925
1.5868896125716085
1.327628776227726
1.7902673011288164
1.4054145692527888
1.7513771449511653
1.9497346021111286
1.1408196449903272
1.7077105889551185
1.9281853769834627
1.851017398236344
1.9397403445418275
1.5949674107297858
1.5466897458391717
1.1228642607835062
1.5520966383808075
1.3551755246573487
1.426700200917968
1.0017577464228067
1.0904240167191999
1.1034056395995222
1.3769860565265928
1.4827892758222943
1.2641394224687281
1.2240446081309273
1.9503902215009008
1.5836266713771239
1.8309649129756296
1.6517368916659865
1.7155172228147852
1.4101891456804103
1.3379476317947474
1.0502978899055406
1.1639634811700308
1.9264637653233057
1.8966795766835605
1.684827432281018
1.4016570305566427
1.7760750345829714
1.6168297754321026
1.9705152308948373
1.1499381431907194
1.7335526406931068
1.521678477068019
1.214693322675398
1.6037081273143103
1.847066072016755
1.7378658251848755
1.9969079159793477
1.584456279835769
1.6879649075243937
1.9506576366203618
1.736034341833879
1.6510564856341121
1.4612019558152585
1.7659467521488865
1.5518519128559292
1.203548530829879
1.7071455605384385
1.8292400543084542
1.0697614353213396
1.3312490535785924
1.985214560203282
1.394340715950503
1.3973438609660351
1.712107870755123
1.2367516348848577
1.8449303655150269
1.277299425733967
1.6124097395252766
1.307322582499836
1.348059549742802
1.3603501677107046
1.729239471102499
1.224521292938217
1.3484191960601843
1.5356158776357247
1.3333885006382933
1.2495783964758984
1.3881866028970733
1.2595245662230805
1.1117903925800592
1.522588807446442
1.065448265730732
1.8234703902826341
1.0914389986548874
1.253065554265281
1.2212103508296406
1.1168931590104096
1.6223695706637618
1.9681846746343763
1.4414694875785732
1.000298171211175
1.0301110051331652
1.1735958214982734
1.9137048751438241
1.7199560558433986
1.157932575891519
1.6914279991405419
1.5169072258282545
1.84256707058857
1.295248487693958
1.2575728291766977
1.785707389812375
1.418524745696284
1.8612312175286203
1.2141291529249283
1.0233236092770062
1.1203454899943555
1.7193127316668981
1.0890756888272692
1.457487112528534
1.949372699771231
1.5004236305416003
1.1273883619661966
1.5786808941581767
1.0276367788676137
1.3264778172399891
1.7070642453921319
1.9658213797079196
1.05829232260634
1.5614842680853327
1.9216925140835412
1.055679756156764
1.3763677926606657
1.3595323741029166
1.3025513312600718
1.507059714314844
1.051890528090352
1.6871148295499343
1.622042079853519
1.3564136287609838
1.2850567025842858
1.7536313169672129
1.0190104247852372
1.8977660430047851
1.349549774506527
1.9707712231236447
1.8097203918715392
1.2341536481676205
1.8699047187555253
1.4263318642695078
1.0025063792138422
1.6414531671585602
1.1121219375729678
1.781369735235804
1.5960584225475485
1.133009847958221
1.3978189581264768
1.3269861048448868
1.144214724775324
1.1437815558002251
1.3552192045123088
1.70733663441652
1.5336267494977405
1.4728041134281988
1.6975422420628865
1.0099305264405785
1.6553343737153592
1.979786832247317
1.921898541680192
1.458376769894663
1.6834101633377636
1.9584396873740857
1.5172204632671664
1.0146972551946296
1.0704883382087647
1.7549746419016992
1.8501573642263345
1.9779876165845183
1.3465928653310937
1.7393785458598265
1.8565325082268063
1.7238610930188587
1.8896519032557761
1.3509060349217012
1.4560538820461626
1.2262954653871774
1.5676070408558909
1.8658094667758656
1.4929807547494982
1.2327497082950454
1.1030411562678277
1.310579848416635
1.8462652164817224
1.5556941204301804
1.5955946978345654
1.7088821876399516
1.6828016599593267
1.0881954664942115
1.046974670893807
1.379101995736105
1.0103840856040218
1.5771399210252506
1.0538953868560745
1.4867695510664352
1.1462548263963361
1.9068230282499086
1.4960205862562206
1.409819660433327
1.3437829524716138
1.3422796957404861
1.5189345965640104
1.1535356401412535
1.974316692579657
1.2023439013006625
1.0340766765876834
1.6825999065228663
1.321284691814767
1.9914325259115564
1.9305017078693902
1.678488490368719
1.8546148951868782
1.7332781991074566
1.132707672695617
1.0901657514920098
1.6582592408931192
1.684129681354287
1.610023875086946
1.1371423227199213
1.294711474836968
1.954255148472057
1.4680091400252278
1.7629690746024989
1.5995981891748956
1.3982304180122764
1.304468223778529
1.4309189062394743
1.4844062561399782
1.0207361927305802
1.4543194780154416
1.0801207083393294
1.4802848563868092
1.7408733508601175
1.2273768075811118
1.6363638339149928
1.8626093129865162
1.3611519470206286
1.7309148892798385
1.6074549481283567
1.2437860182981855
1.563688568032141
1.754594877307769
1.4583230274896737
1.6406770035056006
1.083424215254447
1.6633288213173198
1.6076605652593279
1.34214134310795
1.8558975717111261
1.6786389269991604
1.1174398668472891
1.8140955778800492
1.9725725987409035
1.1875609466358683
1.5688198399065305
1.6406580521833354
1.3001550541879212
1.9164553983804735
1.1615300728420528
1.969545456241054
1.6225867027284206
1.632050649423224
1.1064416416691607
1.9913889898602575
1.8472986670338667
1.678675777632747
1.4484795857752406
1.9316648294460506
1.564760167985767
1.8821485125453394
1.510408552919768
1.3497996012727667
1.8431298459263292
1.2378976080989568
1.4340174224316429
1.692232276653431
1.9622495662716952
1.2059748354658493
1.3743307444963406
1.968259429150296
1.2686802665037369
1.061889819556874
1.1146432989796071
1.5664976278240943
1.3043438300663717
1.4604508177964282
1.8888148731018837
1.7908539274413997
1.7310299240468456
1.8630836969667162
1.0201997980646107
1.4672205413877828
1.6277374798326165
1.8723050708309061
1.5600910710816072
1.3504042883187455
1.846943002345726
1.9596330899690806
1.7819643770988476
1.5009264414159853
1.6738611562383143
1.053939296785559
1.9639462595596884
1.2611703261272318
1.8681346509385857
1.159974864829319
1.7347648525370734
1.0253223218012923
1.2945098189855706
1.744880341819236
1.2605799116360905
1.5897547474604625
1.3608105645112494
1.6573548085250907
1.7551895765740322
1.2958418696961522
1.9442030168345847
1.108734781584332
1.136048393750563
1.3355843368682907
1.6197257373631102
1.8590118160359825
1.3372611314571294
1.015210212157544
1.2961305558865717
1.5386064323964028
1.6957411687311494
1.2937830156910692
1.2123300128477799
1.4374057324729548
1.958652069321161
1.731263105495276
1.0712992870618703
1.9030320772500524
1.0135802474172892
1.383044802505292
1.9456190000634588
1.8805017710888454
1.4588386459876403
1.659731324366786
1.1130380097300872
1.5408336820058497
1.9591211521543788
1.7008450572309788
1.745889792044812
1.7251495631430276
1.087142400840538
1.154855409102511
1.7593715776519647
1.6217459106806285
1.5680855186835676
1.3456330370789813
1.2671858186746454
1.9175084335153545
1.473504722577334
1.8984472432324484
1.9707362559500357
1.3232748935789718
1.7630210723658504
1.5420449819784956
1.9408477488236944
1.177376870800567
1.0867123939008123
1.6677257570675854
1.51055881154655
1.372754089732408
1.5574550262489733
1.3391955873101846
1.36880501211321
1.8163550028994555
1.7504183402354292
1.2537172281435875
1.6357433772142325
1.468445265398389
1.2863356749183468
1.211096743770319
1.4804707340942453
1.5546240573463637
1.1791999924389756
1.7640956410995043
1.5856128233788904
1.2301467927760505
1.6536165122774236
1.5906581154027908
1.8402037607609518
1.186846557421516
1.966646516923122
1.7264918542555119
1.4915421033907896
1.7169494367404412
1.1490274729081817
1.3468935015876942
1.7972987302533219
1.547631178295116
1.3281217191067376
1.9855121224138876
1.321706566000225
1.5360624605684077
1.3793639684832981
1.3923854176106265
1.9048899566168545
1.1226703649594907
1.3840175005522595
1.9042962340510723
1.7673660103527642
1.2677349461563745
1.131277172313121
1.9634580698803017
1.3112660977427577
1.867006263637943
1.7347819332735925
1.4354530284864633
1.045571395736294
1.2655672618774974
1.183228191628838
1.5775249251694876
1.6106720424771814
1.9056695133045758
1.9811989379221189
1.4172206046072382
1.34718647958007
1.7519472041624033
1.0616959685863183
1.1073506863332034
1.9403699147090077
1.2239321704607204
1.8245502083378684
1.79533975994294
1.6238612194577695
1.0039393749061758
1.5936951127199304
1.0662867702083008
1.9590050699017958
1.9169212777449383
1.2146799356299676
1.0679081530403132
1.3174077325503517
1.5711166233147362
1.2105799897567069
1.4693968807919595
1.1659270085923183
1.649303342686816
1.5121359894896513
1.4704408036005807
1.9867888331724446
1.976885768331511
1.8929948066661821
1.977423522419699
1.6623115835032922
1.2299631932992974
1.6316744499840836
1.028904898228729
1.1757726892180689
1.5811922636354239
1.3087813933691366
1.4640483147469623
1.8541692133003493
1.3170478509032906
1.2860522682036237
1.488209503509734
1.391749887768249
1.303214919149689
1.8932223658476253
1.3130945629597441
1.7025653980779167
1.8305018492094618
1.1006778464402096
1.1177850434906447
1.4074513133558804
1.29778010982263
1.666059908689209
1.7434308884699998
1.6449901730962084
1.019562881669982
1.3644080614617833
1.0344975424340082
1.173874118394971
1.1453843941464152
1.9120797669217557
1.4659285605693333
1.8961501419847018
1.548991957785942
1.0415912576193929
1.3929041803359148
1.1780093894238244
1.213313919529778
1.4772800191840405
1.432070569042603
1.3426742365488225
1.319284551109046
1.6050810326902683
1.5072944637653076
1.7557491698754348
1.6672141863557135
1.8954590660533808
1.481593188774648
1.7216503583334903
1.2327900773734064
1.589182869688683
1.4368138079772892
1.8173681358923504
1.3168650700782036
1.0300591758952335
1.9772694618525706
1.8134887840099512
1.429479689305291
1.3324303306585854
1.0367342277386025
1.4929028828816155
1.8779259476605366
1.7309913288981396
1.60183487447949
1.717259182498921
1.472966849593433
1.6647574647208838
1.9729112942896125
1.833235764081372
1.7733482425020861
1.4900375159746384
1.844284138493995
1.7431100361647118
1.0398763938330644
1.8048624448287358
1.8306315821833183
1.8496569553679407
1.2194199125283118
1.4199545343803095
1.6537028259334945
1.5317108223277818
1.1185941594149549
1.460559712794268
1.8091756144193436
1.1025091755100207
1.6313510756129608
1.096165603408962
1.6611701075945946
1.265814379346435
1.7458767994899136
1.481439148954475
1.6265951492308406
1.1410712245558075
1.421399520018439
1.9328191220137163
1.453157623534127
1.468653650200503
1.3094411242957742
1.1295523271376937
1.9886304164966275
1.9416154821162264
1.8005492752381282
1.3402802150517317
1.4798939982075696
1.6597982532858193
1.9977045570205527
1.4507162859809961
1.2956641115532364
1.5838451282413406
1.7982010079083621
1.8294373323075737
1.5836381597541762
1.2071291429346762
1.7264026462485909
1.2465170086835957
1.10214908428874
1.9302718205673361
1.5699741324741963
1.3934157047519142
1.1367580549651999
1.5025188398863079
1.029912073852515
1.6031483371292414
1.8855264072119
1.7142606526028419
1.428473072092069
1.298731695638354
1.1098827068292054
1.73326660935144
1.0969222554481257
1.3841990950729577
1.2797200978374133
1.7962361056475205
1.8745417710366616
1.5281133253772479
1.369489248574319
1.1659717817335318
1.0705979932566243
1.0158029355802571
1.9108432639524555
1.486360742490267
1.8664388681363508
1.1324448853745923
1.2291925804228727
1.3566396890882197
1.1790598250848927
1.053793631924879
1.259160895183863
1.6585091159939176
1.6866201422254132
1.073079482986882
1.591991447666218
1.3288328337080513
1.0213541055334376
1.7742745368296058
1.4643404806098952
1.1780415902171555
1.7584246187844021
1.0318205754313792
1.1077677461207416
1.956673367898702
1.4179473584483109
1.2001571109295572
1.45466429102644
1.5790738770015764
1.1633139827492334
1.0903202289208664
1.2371869982225108
1.984513437001392
1.1742885887462897
1.4740364333526372
1.9507012406623494
1.81750928056596
1.7289743119474
1.3886444833144722
1.094633398511474
1.1940592002659554
1.0379065065533144
1.2310220701412522
1.3057692086396582
1.1117814395181438
1.1129398803980868
1.0918192865857588
1.7500327232458486
1.426529008647938
1.7238930078322454
1.1375467598384932
1.9838591801580243
1.3618582835439845
1.6239825959852228
1.5361077729792085
1.3647179973345547
1.58621458316129
1.6984717411697963
1.7073432959599049
1.3083640508677574
1.7832358422019885
1.6423036580656163
1.7652577725716059
1.9060442640856814
1.959932709079268
1.9898764570525196
1.5752174171492854
1.6357480262643875
1.9204756191818593
1.861259112980881
1.3699545975997647
1.341432272614779
1.3368272515076898
1.18035427010548
1.7695033004910028
1.4222158390573303
1.869581935695642
1.4364675047928686
1.6962524825536556
1.5301255082569636
1.4827074343000008
1.7884626158277732
1.5431992596450002
1.5765952273514572
1.7541114491937946
1.4639853661586213
1.8221151380923275
1.4031577016547434
1.3287087840094252
1.1890832576272714
1.934668771218763
1.7455768145110855
1.8105708678774342
1.2054544599889143
1.3828660313895913
1.756810309223003
1.6097983165052747
1.2158342281976333
1.330358404411332
1.1540107333276306
1.3407915262557986
1.5551474208239813
1.6983927329699426
1.6262239909931973
1.2688892536252014
1.532587187495961
1.1965170719030511
1.9065329193556666
1.7353882646484051
1.4902195279558637
1.1503621325686946
1.4519631080299358
1.5451046711253287
1.835028517933584
1.1446987409089013
1.7544817929731078
1.0478080810408883
1.3246356581686365
1.593144999264147
1.9415242221778346
1.612908742682937
1.1395080866871465
1.149697563737023
1.2297201759580298
1.8356915177297044
1.7541838894669977
1.3807247330729628
1.126435646588777
1.3043691968161935
1.7124371937091936
1.0583887817204392
1.2052565675782487
1.4363608057097221
1.816438931355806
1.0822001508695647
1.0343090245039415
1.3689218775371048
1.9360062380005119
1.5786792177371534
1.3017467115217227
1.4859063583652559
1.9810334309500455
1.0230795462063373
1.471633580997715
1.1339492777891205
1.8178019536005587
1.531220949745225
1.958945826849054
1.2206274065550153
1.8333282079020863
1.074406391769239
1.154331111039466
1.9066734311181575
1.28690275911068
1.0797992442610544
1.1118860917750657
1.3360203048183568
1.1133140459686888
1.7100738987827366
1.0423034572047412
1.766442679353568
1.9312349867607477
1.737679397210357
1.9932870719013702
1.4437817019115298
1.7907344226379251
1.1455908813289302
1.0798368559431077
1.2366450315049762
1.8430229506343836
1.5422195427253644
1.1747245944008662
1.7972489059894494
1.1555257116371076
1.7799904667374404
1.700032801366465
1.956582517021436
1.9385240676746713
1.9426632039195622
1.7408055930736435
1.2308136842063537
1.50362472931672
1.8009675494018822
1.1216644102501738
1.4633693762893971
1.3403109416223655
1.7499291421000867
1.6027773693947118
1.7332359054214437
1.8262143807300784
1.6448998910019417
1.4394685323209222
1.7168791219948871
1.939876520271975
1.217056617601855
1.8570566243062085
1.2148889377088135
1.3785542327665083
1.319954675720381
1.2210743910451152
1.1419436955887587
1.7756772971468329
1.5264496985054608
1.5868195598610648
1.9121677669346628
1.2415839488739375
1.9906658010806102
1.100524386749877
1.362349567631498
1.8310484470667943
1.107572922184458
1.5265952905709126
1.4635652507417152
1.506571182496481
1.4351553478291534
1.4400650017434025
1.9705479844619944
1.0687253909587686
1.0253238490191876
1.5025232423278658
1.9147493493486385
1.8472936604414838
1.716829634092031
1.0512236277499576
1.5397052550285815
1.2775943388881585
1.2100005377428293
1.7670509579656175
1.0977379391714177
1.3120938188384392
1.1890593702695984
1.668809807331057
1.771364127556225
1.827000491121754
1.3404247484582237
1.7861750526871636
1.913145699210535
1.1032597525938503
1.9073085305831525
1.093802293581344
1.5876905023643495
1.9692347741148613
1.4391120594358557
1.5519043598091184
1.9274502143723855
1.1935910588310055
1.8875583177911013
1.0032843328683598
1.4925508760144341
1.336751493544786
1.7627377883750097
1.8386259999829568
1.4775307032811127
1.6338260227984946
1.2496801337353318
1.275178520133824
1.3661293224078799
1.354276394161763
1.543392108395317
1.4996698861052031
1.9382662532681354
1.6393455083137602
1.724039336420973
1.081412923923514
1.663335181162898
1.6929526360149698
1.6404393433288398
1.9234702489425621
1.0989465681020816
1.2754467494769997
1.738985761598939
1.351275699428051
1.1375019988278403
1.4308421782385459
1.3562978251005315
1.6007850273016233
1.1301108786942546
1.4751674083546558
1.0137047338037524
1.4487444295664207
1.547699702630542
1.4365945183613622
1.9594413775925514
1.7249263015118914
1.0929667028328147
1.6473399410145597
1.351913084334145
1.5016557253512723
1.0608559829793611
1.688181414577528
1.7994395079008823
1.2203453486542837
1.056821926549517
1.0611350961401245
1.9025372942445493
1.7216760414945163
1.2792308627439972
1.3894775755426196
1.8366328612523188
1.710904524381161
1.6768910393209466
1.1981115428761284
1.3930306913754273
1.4480594493453633
1.5984217323751664
1.8181662010061683
1.445566650446946
1.4977519910881014
1.0737495288218422
1.3832668626482172
1.6699229351630902
1.9667188805134717
1.5251294869799223
1.9821501271737738
1.8402672230081998
1.8971906879216662
1.9462607008700963
1.8879744914206036
1.383873232074708
1.052508742057748
1.8855995606456029
1.045900954155275
1.8588958180544242
1.7260120100674166
1.5093022413346067
1.6729675512934628
1.7469801942997385
1.1007165243766122
1.5577448002555987
1.3887175217848196
1.047838185480179
1.2286587752147953
1.4269859933071374
1.6138338602587639
1.2850791196075644
1.1622844974404023
1.241991686061834
1.6336266081576687
1.7206131319212838
1.8466204475849173
1.1054044511942847
1.460189082460955
1.0481955724671401
1.2451814458244717
1.6123871700134027
1.1695173524076865
1.8942792347803956
1.642241601041997
1.9765094600391637
1.489132860894053
1.6668296973114862
1.0908730975633403
1.3448216991096504
1.339354464479845
1.7647320492512386
1.3800911826036044
1.5611222960752897
1.8044802407777343
1.2508194809601236
1.0469078378587313
1.384404352194212
1.1214138096487085
1.1455411925392927
1.979087943819421
1.782101084971743
1.7162999623306763
1.7233609209098657
1.7356415089350747
1.2535484676104236
1.8381901598760693
1.9495979358781184
1.6136644704996437
1.5743026555641344
1.0625464594933747
1.5146985826190058
1.065044443558885
1.955161472740665
1.2867515567642411
1.2030911650624574
1.6437424440640256
1.3179964209983221
